18:36:55 DEBUG : Logs will be stored at '/home/shahlarious/FPGA/Vivado/KalmanFiltering/kalman_vitis/IDE.log'.
18:36:58 INFO  : Launching XSCT server: xsct -n  -interactive /home/shahlarious/FPGA/Vivado/KalmanFiltering/kalman_vitis/temp_xsdb_launch_script.tcl
18:36:58 INFO  : Registering command handlers for Vitis TCF services
18:36:59 INFO  : Platform repository initialization has completed.
18:37:02 INFO  : XSCT server has started successfully.
18:37:02 INFO  : plnx-install-location is set to ''
18:37:04 INFO  : Successfully done setting XSCT server connection channel  
18:37:04 INFO  : Successfully done query RDI_DATADIR 
18:37:04 INFO  : Successfully done setting workspace for the tool. 
18:39:27 INFO  : Result from executing command 'getProjects': design_1_wrapper
18:39:27 INFO  : Result from executing command 'getPlatforms': xilinx_zcu102_base_202220_1|/tools/Xilinx/Vitis/2022.2/base_platforms/xilinx_zcu102_base_202220_1/xilinx_zcu102_base_202220_1.xpfm;xilinx_zcu102_base_dfx_202220_1|/tools/Xilinx/Vitis/2022.2/base_platforms/xilinx_zcu102_base_dfx_202220_1/xilinx_zcu102_base_dfx_202220_1.xpfm;xilinx_zcu104_base_202220_1|/tools/Xilinx/Vitis/2022.2/base_platforms/xilinx_zcu104_base_202220_1/xilinx_zcu104_base_202220_1.xpfm
18:39:28 WARN  : An unexpected exception occurred in the module 'platform project logging'
18:39:28 INFO  : Platform 'design_1_wrapper' is added to custom repositories.
18:39:39 INFO  : Platform 'design_1_wrapper' is added to custom repositories.
18:44:28 INFO  : Result from executing command 'getProjects': design_1_wrapper
18:44:28 INFO  : Result from executing command 'getPlatforms': design_1_wrapper|/home/shahlarious/FPGA/Vivado/KalmanFiltering/kalman_vitis/design_1_wrapper/export/design_1_wrapper/design_1_wrapper.xpfm;xilinx_zcu102_base_202220_1|/tools/Xilinx/Vitis/2022.2/base_platforms/xilinx_zcu102_base_202220_1/xilinx_zcu102_base_202220_1.xpfm;xilinx_zcu102_base_dfx_202220_1|/tools/Xilinx/Vitis/2022.2/base_platforms/xilinx_zcu102_base_dfx_202220_1/xilinx_zcu102_base_dfx_202220_1.xpfm;xilinx_zcu104_base_202220_1|/tools/Xilinx/Vitis/2022.2/base_platforms/xilinx_zcu104_base_202220_1/xilinx_zcu104_base_202220_1.xpfm
18:44:31 INFO  : Checking for BSP changes to sync application flags for project 'testKalman'...
18:52:04 INFO  : Checking for BSP changes to sync application flags for project 'testKalman'...
18:52:31 INFO  : Connected to target on host '127.0.0.1' and port '3121'.
18:52:31 INFO  : Jtag cable 'Xilinx PYNQ-Z1 003017B3EDD2A' is selected.
18:52:31 INFO  : 'jtag frequency' command is executed.
18:52:31 INFO  : Context for 'APU' is selected.
18:52:31 INFO  : System reset is completed.
18:52:34 INFO  : 'after 3000' command is executed.
18:52:34 INFO  : 'targets -set -filter {jtag_cable_name =~ "Xilinx PYNQ-Z1 003017B3EDD2A" && level==0 && jtag_device_ctx=="jsn-Xilinx PYNQ-Z1-003017B3EDD2A-23727093-0"}' command is executed.
18:52:37 INFO  : Device configured successfully with "/home/shahlarious/FPGA/Vivado/KalmanFiltering/kalman_vitis/testKalman/_ide/bitstream/design_1_wrapper.bit"
18:52:37 INFO  : Context for 'APU' is selected.
18:52:37 INFO  : Hardware design and registers information is loaded from '/home/shahlarious/FPGA/Vivado/KalmanFiltering/kalman_vitis/design_1_wrapper/export/design_1_wrapper/hw/design_1_wrapper.xsa'.
18:52:37 INFO  : 'configparams force-mem-access 1' command is executed.
18:52:37 INFO  : Context for 'APU' is selected.
18:52:37 INFO  : Sourcing of '/home/shahlarious/FPGA/Vivado/KalmanFiltering/kalman_vitis/testKalman/_ide/psinit/ps7_init.tcl' is done.
18:52:37 INFO  : 'ps7_init' command is executed.
18:52:37 INFO  : 'ps7_post_config' command is executed.
18:52:37 INFO  : Context for processor 'ps7_cortexa9_0' is selected.
18:52:38 INFO  : The application '/home/shahlarious/FPGA/Vivado/KalmanFiltering/kalman_vitis/testKalman/Debug/testKalman.elf' is downloaded to processor 'ps7_cortexa9_0'.
18:52:38 INFO  : 'configparams force-mem-access 0' command is executed.
18:52:38 INFO  : ----------------XSDB Script----------------
connect -url tcp:127.0.0.1:3121
targets -set -nocase -filter {name =~"APU*"}
rst -system
after 3000
targets -set -filter {jtag_cable_name =~ "Xilinx PYNQ-Z1 003017B3EDD2A" && level==0 && jtag_device_ctx=="jsn-Xilinx PYNQ-Z1-003017B3EDD2A-23727093-0"}
fpga -file /home/shahlarious/FPGA/Vivado/KalmanFiltering/kalman_vitis/testKalman/_ide/bitstream/design_1_wrapper.bit
targets -set -nocase -filter {name =~"APU*"}
loadhw -hw /home/shahlarious/FPGA/Vivado/KalmanFiltering/kalman_vitis/design_1_wrapper/export/design_1_wrapper/hw/design_1_wrapper.xsa -mem-ranges [list {0x40000000 0xbfffffff}] -regs
configparams force-mem-access 1
targets -set -nocase -filter {name =~"APU*"}
source /home/shahlarious/FPGA/Vivado/KalmanFiltering/kalman_vitis/testKalman/_ide/psinit/ps7_init.tcl
ps7_init
ps7_post_config
targets -set -nocase -filter {name =~ "*A9*#0"}
dow /home/shahlarious/FPGA/Vivado/KalmanFiltering/kalman_vitis/testKalman/Debug/testKalman.elf
configparams force-mem-access 0
----------------End of Script----------------

18:52:38 INFO  : Context for processor 'ps7_cortexa9_0' is selected.
18:52:38 INFO  : 'con' command is executed.
18:52:38 INFO  : ----------------XSDB Script (After Launch)----------------
targets -set -nocase -filter {name =~ "*A9*#0"}
con
----------------End of Script----------------

18:52:38 INFO  : Launch script is exported to file '/home/shahlarious/FPGA/Vivado/KalmanFiltering/kalman_vitis/testKalman_system/_ide/scripts/systemdebugger_testkalman_system_standalone.tcl'
18:55:46 INFO  : Disconnected from the channel tcfchan#3.
18:55:46 INFO  : Connected to target on host '127.0.0.1' and port '3121'.
18:55:47 INFO  : Jtag cable 'Xilinx PYNQ-Z1 003017B3EDD2A' is selected.
18:55:47 INFO  : 'jtag frequency' command is executed.
18:55:47 INFO  : Context for 'APU' is selected.
18:55:47 INFO  : System reset is completed.
18:55:50 INFO  : 'after 3000' command is executed.
18:55:50 INFO  : 'targets -set -filter {jtag_cable_name =~ "Xilinx PYNQ-Z1 003017B3EDD2A" && level==0 && jtag_device_ctx=="jsn-Xilinx PYNQ-Z1-003017B3EDD2A-23727093-0"}' command is executed.
18:55:52 INFO  : Device configured successfully with "/home/shahlarious/FPGA/Vivado/KalmanFiltering/kalman_vitis/testKalman/_ide/bitstream/design_1_wrapper.bit"
18:55:52 INFO  : Context for 'APU' is selected.
18:55:52 INFO  : Hardware design and registers information is loaded from '/home/shahlarious/FPGA/Vivado/KalmanFiltering/kalman_vitis/design_1_wrapper/export/design_1_wrapper/hw/design_1_wrapper.xsa'.
18:55:52 INFO  : 'configparams force-mem-access 1' command is executed.
18:55:52 INFO  : Context for 'APU' is selected.
18:55:52 INFO  : Sourcing of '/home/shahlarious/FPGA/Vivado/KalmanFiltering/kalman_vitis/testKalman/_ide/psinit/ps7_init.tcl' is done.
18:55:52 INFO  : 'ps7_init' command is executed.
18:55:52 INFO  : 'ps7_post_config' command is executed.
18:55:52 INFO  : Context for processor 'ps7_cortexa9_0' is selected.
18:55:54 INFO  : The application '/home/shahlarious/FPGA/Vivado/KalmanFiltering/kalman_vitis/testKalman/Debug/testKalman.elf' is downloaded to processor 'ps7_cortexa9_0'.
18:55:54 INFO  : 'configparams force-mem-access 0' command is executed.
18:55:54 INFO  : ----------------XSDB Script----------------
connect -url tcp:127.0.0.1:3121
targets -set -nocase -filter {name =~"APU*"}
rst -system
after 3000
targets -set -filter {jtag_cable_name =~ "Xilinx PYNQ-Z1 003017B3EDD2A" && level==0 && jtag_device_ctx=="jsn-Xilinx PYNQ-Z1-003017B3EDD2A-23727093-0"}
fpga -file /home/shahlarious/FPGA/Vivado/KalmanFiltering/kalman_vitis/testKalman/_ide/bitstream/design_1_wrapper.bit
targets -set -nocase -filter {name =~"APU*"}
loadhw -hw /home/shahlarious/FPGA/Vivado/KalmanFiltering/kalman_vitis/design_1_wrapper/export/design_1_wrapper/hw/design_1_wrapper.xsa -mem-ranges [list {0x40000000 0xbfffffff}] -regs
configparams force-mem-access 1
targets -set -nocase -filter {name =~"APU*"}
source /home/shahlarious/FPGA/Vivado/KalmanFiltering/kalman_vitis/testKalman/_ide/psinit/ps7_init.tcl
ps7_init
ps7_post_config
targets -set -nocase -filter {name =~ "*A9*#0"}
dow /home/shahlarious/FPGA/Vivado/KalmanFiltering/kalman_vitis/testKalman/Debug/testKalman.elf
configparams force-mem-access 0
----------------End of Script----------------

18:55:54 INFO  : Context for processor 'ps7_cortexa9_0' is selected.
18:55:54 INFO  : 'con' command is executed.
18:55:54 INFO  : ----------------XSDB Script (After Launch)----------------
targets -set -nocase -filter {name =~ "*A9*#0"}
con
----------------End of Script----------------

18:55:54 INFO  : Launch script is exported to file '/home/shahlarious/FPGA/Vivado/KalmanFiltering/kalman_vitis/testKalman_system/_ide/scripts/systemdebugger_testkalman_system_standalone.tcl'
18:56:23 INFO  : Disconnected from the channel tcfchan#4.
18:56:23 INFO  : Connected to target on host '127.0.0.1' and port '3121'.
18:56:23 INFO  : Jtag cable 'Xilinx PYNQ-Z1 003017B3EDD2A' is selected.
18:56:23 INFO  : 'jtag frequency' command is executed.
18:56:23 INFO  : Context for 'APU' is selected.
18:56:23 INFO  : System reset is completed.
18:56:26 INFO  : 'after 3000' command is executed.
18:56:26 INFO  : 'targets -set -filter {jtag_cable_name =~ "Xilinx PYNQ-Z1 003017B3EDD2A" && level==0 && jtag_device_ctx=="jsn-Xilinx PYNQ-Z1-003017B3EDD2A-23727093-0"}' command is executed.
18:56:29 INFO  : Device configured successfully with "/home/shahlarious/FPGA/Vivado/KalmanFiltering/kalman_vitis/testKalman/_ide/bitstream/design_1_wrapper.bit"
18:56:29 INFO  : Context for 'APU' is selected.
18:56:29 INFO  : Hardware design and registers information is loaded from '/home/shahlarious/FPGA/Vivado/KalmanFiltering/kalman_vitis/design_1_wrapper/export/design_1_wrapper/hw/design_1_wrapper.xsa'.
18:56:29 INFO  : 'configparams force-mem-access 1' command is executed.
18:56:29 INFO  : Context for 'APU' is selected.
18:56:29 INFO  : Sourcing of '/home/shahlarious/FPGA/Vivado/KalmanFiltering/kalman_vitis/testKalman/_ide/psinit/ps7_init.tcl' is done.
18:56:29 INFO  : 'ps7_init' command is executed.
18:56:29 INFO  : 'ps7_post_config' command is executed.
18:56:29 INFO  : Context for processor 'ps7_cortexa9_0' is selected.
18:56:30 INFO  : The application '/home/shahlarious/FPGA/Vivado/KalmanFiltering/kalman_vitis/testKalman/Debug/testKalman.elf' is downloaded to processor 'ps7_cortexa9_0'.
18:56:30 INFO  : 'configparams force-mem-access 0' command is executed.
18:56:30 INFO  : ----------------XSDB Script----------------
connect -url tcp:127.0.0.1:3121
targets -set -nocase -filter {name =~"APU*"}
rst -system
after 3000
targets -set -filter {jtag_cable_name =~ "Xilinx PYNQ-Z1 003017B3EDD2A" && level==0 && jtag_device_ctx=="jsn-Xilinx PYNQ-Z1-003017B3EDD2A-23727093-0"}
fpga -file /home/shahlarious/FPGA/Vivado/KalmanFiltering/kalman_vitis/testKalman/_ide/bitstream/design_1_wrapper.bit
targets -set -nocase -filter {name =~"APU*"}
loadhw -hw /home/shahlarious/FPGA/Vivado/KalmanFiltering/kalman_vitis/design_1_wrapper/export/design_1_wrapper/hw/design_1_wrapper.xsa -mem-ranges [list {0x40000000 0xbfffffff}] -regs
configparams force-mem-access 1
targets -set -nocase -filter {name =~"APU*"}
source /home/shahlarious/FPGA/Vivado/KalmanFiltering/kalman_vitis/testKalman/_ide/psinit/ps7_init.tcl
ps7_init
ps7_post_config
targets -set -nocase -filter {name =~ "*A9*#0"}
dow /home/shahlarious/FPGA/Vivado/KalmanFiltering/kalman_vitis/testKalman/Debug/testKalman.elf
configparams force-mem-access 0
----------------End of Script----------------

18:56:30 INFO  : Context for processor 'ps7_cortexa9_0' is selected.
18:56:30 INFO  : 'con' command is executed.
18:56:30 INFO  : ----------------XSDB Script (After Launch)----------------
targets -set -nocase -filter {name =~ "*A9*#0"}
con
----------------End of Script----------------

18:56:30 INFO  : Launch script is exported to file '/home/shahlarious/FPGA/Vivado/KalmanFiltering/kalman_vitis/testKalman_system/_ide/scripts/systemdebugger_testkalman_system_standalone.tcl'
18:58:12 INFO  : Checking for BSP changes to sync application flags for project 'testKalman'...
18:58:33 INFO  : Checking for BSP changes to sync application flags for project 'testKalman'...
18:58:52 INFO  : Disconnected from the channel tcfchan#5.
18:58:52 INFO  : Connected to target on host '127.0.0.1' and port '3121'.
18:58:52 INFO  : Jtag cable 'Xilinx PYNQ-Z1 003017B3EDD2A' is selected.
18:58:52 INFO  : 'jtag frequency' command is executed.
18:58:52 INFO  : Context for 'APU' is selected.
18:58:52 INFO  : System reset is completed.
18:58:55 INFO  : 'after 3000' command is executed.
18:58:55 INFO  : 'targets -set -filter {jtag_cable_name =~ "Xilinx PYNQ-Z1 003017B3EDD2A" && level==0 && jtag_device_ctx=="jsn-Xilinx PYNQ-Z1-003017B3EDD2A-23727093-0"}' command is executed.
18:58:57 INFO  : Device configured successfully with "/home/shahlarious/FPGA/Vivado/KalmanFiltering/kalman_vitis/testKalman/_ide/bitstream/design_1_wrapper.bit"
18:58:57 INFO  : Context for 'APU' is selected.
18:58:57 INFO  : Hardware design and registers information is loaded from '/home/shahlarious/FPGA/Vivado/KalmanFiltering/kalman_vitis/design_1_wrapper/export/design_1_wrapper/hw/design_1_wrapper.xsa'.
18:58:57 INFO  : 'configparams force-mem-access 1' command is executed.
18:58:57 INFO  : Context for 'APU' is selected.
18:58:57 INFO  : Sourcing of '/home/shahlarious/FPGA/Vivado/KalmanFiltering/kalman_vitis/testKalman/_ide/psinit/ps7_init.tcl' is done.
18:58:58 INFO  : 'ps7_init' command is executed.
18:58:58 INFO  : 'ps7_post_config' command is executed.
18:58:58 INFO  : Context for processor 'ps7_cortexa9_0' is selected.
18:58:59 INFO  : The application '/home/shahlarious/FPGA/Vivado/KalmanFiltering/kalman_vitis/testKalman/Debug/testKalman.elf' is downloaded to processor 'ps7_cortexa9_0'.
18:58:59 INFO  : 'configparams force-mem-access 0' command is executed.
18:58:59 INFO  : ----------------XSDB Script----------------
connect -url tcp:127.0.0.1:3121
targets -set -nocase -filter {name =~"APU*"}
rst -system
after 3000
targets -set -filter {jtag_cable_name =~ "Xilinx PYNQ-Z1 003017B3EDD2A" && level==0 && jtag_device_ctx=="jsn-Xilinx PYNQ-Z1-003017B3EDD2A-23727093-0"}
fpga -file /home/shahlarious/FPGA/Vivado/KalmanFiltering/kalman_vitis/testKalman/_ide/bitstream/design_1_wrapper.bit
targets -set -nocase -filter {name =~"APU*"}
loadhw -hw /home/shahlarious/FPGA/Vivado/KalmanFiltering/kalman_vitis/design_1_wrapper/export/design_1_wrapper/hw/design_1_wrapper.xsa -mem-ranges [list {0x40000000 0xbfffffff}] -regs
configparams force-mem-access 1
targets -set -nocase -filter {name =~"APU*"}
source /home/shahlarious/FPGA/Vivado/KalmanFiltering/kalman_vitis/testKalman/_ide/psinit/ps7_init.tcl
ps7_init
ps7_post_config
targets -set -nocase -filter {name =~ "*A9*#0"}
dow /home/shahlarious/FPGA/Vivado/KalmanFiltering/kalman_vitis/testKalman/Debug/testKalman.elf
configparams force-mem-access 0
----------------End of Script----------------

18:58:59 INFO  : Context for processor 'ps7_cortexa9_0' is selected.
18:58:59 INFO  : 'con' command is executed.
18:58:59 INFO  : ----------------XSDB Script (After Launch)----------------
targets -set -nocase -filter {name =~ "*A9*#0"}
con
----------------End of Script----------------

18:58:59 INFO  : Launch script is exported to file '/home/shahlarious/FPGA/Vivado/KalmanFiltering/kalman_vitis/testKalman_system/_ide/scripts/systemdebugger_testkalman_system_standalone.tcl'
18:59:23 INFO  : Checking for BSP changes to sync application flags for project 'testKalman'...
18:59:53 INFO  : Disconnected from the channel tcfchan#7.
18:59:53 INFO  : Connected to target on host '127.0.0.1' and port '3121'.
18:59:53 INFO  : Jtag cable 'Xilinx PYNQ-Z1 003017B3EDD2A' is selected.
18:59:53 INFO  : 'jtag frequency' command is executed.
18:59:53 INFO  : Context for 'APU' is selected.
18:59:53 INFO  : System reset is completed.
18:59:56 INFO  : 'after 3000' command is executed.
18:59:57 INFO  : 'targets -set -filter {jtag_cable_name =~ "Xilinx PYNQ-Z1 003017B3EDD2A" && level==0 && jtag_device_ctx=="jsn-Xilinx PYNQ-Z1-003017B3EDD2A-23727093-0"}' command is executed.
18:59:59 INFO  : Device configured successfully with "/home/shahlarious/FPGA/Vivado/KalmanFiltering/kalman_vitis/testKalman/_ide/bitstream/design_1_wrapper.bit"
18:59:59 INFO  : Context for 'APU' is selected.
18:59:59 INFO  : Hardware design and registers information is loaded from '/home/shahlarious/FPGA/Vivado/KalmanFiltering/kalman_vitis/design_1_wrapper/export/design_1_wrapper/hw/design_1_wrapper.xsa'.
18:59:59 INFO  : 'configparams force-mem-access 1' command is executed.
18:59:59 INFO  : Context for 'APU' is selected.
18:59:59 INFO  : Sourcing of '/home/shahlarious/FPGA/Vivado/KalmanFiltering/kalman_vitis/testKalman/_ide/psinit/ps7_init.tcl' is done.
18:59:59 INFO  : 'ps7_init' command is executed.
18:59:59 INFO  : 'ps7_post_config' command is executed.
18:59:59 INFO  : Context for processor 'ps7_cortexa9_0' is selected.
19:00:01 INFO  : The application '/home/shahlarious/FPGA/Vivado/KalmanFiltering/kalman_vitis/testKalman/Debug/testKalman.elf' is downloaded to processor 'ps7_cortexa9_0'.
19:00:01 INFO  : 'configparams force-mem-access 0' command is executed.
19:00:01 INFO  : ----------------XSDB Script----------------
connect -url tcp:127.0.0.1:3121
targets -set -nocase -filter {name =~"APU*"}
rst -system
after 3000
targets -set -filter {jtag_cable_name =~ "Xilinx PYNQ-Z1 003017B3EDD2A" && level==0 && jtag_device_ctx=="jsn-Xilinx PYNQ-Z1-003017B3EDD2A-23727093-0"}
fpga -file /home/shahlarious/FPGA/Vivado/KalmanFiltering/kalman_vitis/testKalman/_ide/bitstream/design_1_wrapper.bit
targets -set -nocase -filter {name =~"APU*"}
loadhw -hw /home/shahlarious/FPGA/Vivado/KalmanFiltering/kalman_vitis/design_1_wrapper/export/design_1_wrapper/hw/design_1_wrapper.xsa -mem-ranges [list {0x40000000 0xbfffffff}] -regs
configparams force-mem-access 1
targets -set -nocase -filter {name =~"APU*"}
source /home/shahlarious/FPGA/Vivado/KalmanFiltering/kalman_vitis/testKalman/_ide/psinit/ps7_init.tcl
ps7_init
ps7_post_config
targets -set -nocase -filter {name =~ "*A9*#0"}
dow /home/shahlarious/FPGA/Vivado/KalmanFiltering/kalman_vitis/testKalman/Debug/testKalman.elf
configparams force-mem-access 0
----------------End of Script----------------

19:00:01 INFO  : Context for processor 'ps7_cortexa9_0' is selected.
19:00:01 INFO  : 'con' command is executed.
19:00:01 INFO  : ----------------XSDB Script (After Launch)----------------
targets -set -nocase -filter {name =~ "*A9*#0"}
con
----------------End of Script----------------

19:00:01 INFO  : Launch script is exported to file '/home/shahlarious/FPGA/Vivado/KalmanFiltering/kalman_vitis/testKalman_system/_ide/scripts/systemdebugger_testkalman_system_standalone.tcl'
