/home/shahlarious/FPGA/Vivado/KalmanFiltering/kalman_hls/solution1/.autopilot/db/kalman.pp.0.cpp:1335:7: warning: Added loop label VITIS_LOOP_1211_1:   [xilinx-label-all-loops]
      for (i = 0; i < __N - 1; ++i) {
      ^~~
      VITIS_LOOP_1211_1: 
/home/shahlarious/FPGA/Vivado/KalmanFiltering/kalman_hls/solution1/.autopilot/db/kalman.pp.0.cpp:1335:7: note: FIX-IT applied suggested code changes
/home/shahlarious/FPGA/Vivado/KalmanFiltering/kalman_hls/solution1/.autopilot/db/kalman.pp.0.cpp:2309:5: warning: Added loop label VITIS_LOOP_676_1:   [xilinx-label-all-loops]
    for (unsigned i = low; i != high; ++i) {
    ^~~
    VITIS_LOOP_676_1: 
/home/shahlarious/FPGA/Vivado/KalmanFiltering/kalman_hls/solution1/.autopilot/db/kalman.pp.0.cpp:2309:5: note: FIX-IT applied suggested code changes
/home/shahlarious/FPGA/Vivado/KalmanFiltering/kalman_hls/solution1/.autopilot/db/kalman.pp.0.cpp:2323:5: warning: Added loop label VITIS_LOOP_690_1:   [xilinx-label-all-loops]
    for (unsigned i = low; i != high; ++i) {
    ^~~
    VITIS_LOOP_690_1: 
/home/shahlarious/FPGA/Vivado/KalmanFiltering/kalman_hls/solution1/.autopilot/db/kalman.pp.0.cpp:2323:5: note: FIX-IT applied suggested code changes
/home/shahlarious/FPGA/Vivado/KalmanFiltering/kalman_hls/solution1/.autopilot/db/kalman.pp.0.cpp:2337:5: warning: Added loop label VITIS_LOOP_704_1:   [xilinx-label-all-loops]
    for (unsigned i = low; i != high; ++i) {
    ^~~
    VITIS_LOOP_704_1: 
/home/shahlarious/FPGA/Vivado/KalmanFiltering/kalman_hls/solution1/.autopilot/db/kalman.pp.0.cpp:2337:5: note: FIX-IT applied suggested code changes
/home/shahlarious/FPGA/Vivado/KalmanFiltering/kalman_hls/solution1/.autopilot/db/kalman.pp.0.cpp:3936:7: warning: Added loop label VITIS_LOOP_1245_1:   [xilinx-label-all-loops]
      for (i = 0; i < __N - 1; ++i) {
      ^~~
      VITIS_LOOP_1245_1: 
/home/shahlarious/FPGA/Vivado/KalmanFiltering/kalman_hls/solution1/.autopilot/db/kalman.pp.0.cpp:3936:7: note: FIX-IT applied suggested code changes
/home/shahlarious/FPGA/Vivado/KalmanFiltering/kalman_hls/solution1/.autopilot/db/kalman.pp.0.cpp:5749:2: warning: Added loop label VITIS_LOOP_20_1:   [xilinx-label-all-loops]
 for (int i = 0; i < 4; i++) {
 ^~~
 VITIS_LOOP_20_1: 
/home/shahlarious/FPGA/Vivado/KalmanFiltering/kalman_hls/solution1/.autopilot/db/kalman.pp.0.cpp:5749:2: note: FIX-IT applied suggested code changes
/home/shahlarious/FPGA/Vivado/KalmanFiltering/kalman_hls/solution1/.autopilot/db/kalman.pp.0.cpp:5751:6: warning: Added loop label VITIS_LOOP_22_2:   [xilinx-label-all-loops]
     for (int j = 0; j < 4; j++) {
     ^~~
     VITIS_LOOP_22_2: 
/home/shahlarious/FPGA/Vivado/KalmanFiltering/kalman_hls/solution1/.autopilot/db/kalman.pp.0.cpp:5751:6: note: FIX-IT applied suggested code changes
/home/shahlarious/FPGA/Vivado/KalmanFiltering/kalman_hls/solution1/.autopilot/db/kalman.pp.0.cpp:5756:2: warning: Added loop label VITIS_LOOP_27_3:   [xilinx-label-all-loops]
 for (int i = 0; i < 4; i++) {
 ^~~
 VITIS_LOOP_27_3: 
/home/shahlarious/FPGA/Vivado/KalmanFiltering/kalman_hls/solution1/.autopilot/db/kalman.pp.0.cpp:5756:2: note: FIX-IT applied suggested code changes
/home/shahlarious/FPGA/Vivado/KalmanFiltering/kalman_hls/solution1/.autopilot/db/kalman.pp.0.cpp:5757:6: warning: Added loop label VITIS_LOOP_28_4:   [xilinx-label-all-loops]
     for (int j = 0; j < 4; j++) {
     ^~~
     VITIS_LOOP_28_4: 
/home/shahlarious/FPGA/Vivado/KalmanFiltering/kalman_hls/solution1/.autopilot/db/kalman.pp.0.cpp:5757:6: note: FIX-IT applied suggested code changes
/home/shahlarious/FPGA/Vivado/KalmanFiltering/kalman_hls/solution1/.autopilot/db/kalman.pp.0.cpp:5759:10: warning: Added loop label VITIS_LOOP_30_5:   [xilinx-label-all-loops]
         for (int k = 0; k < 4; k++) {
         ^~~
         VITIS_LOOP_30_5: 
/home/shahlarious/FPGA/Vivado/KalmanFiltering/kalman_hls/solution1/.autopilot/db/kalman.pp.0.cpp:5759:10: note: FIX-IT applied suggested code changes
/home/shahlarious/FPGA/Vivado/KalmanFiltering/kalman_hls/solution1/.autopilot/db/kalman.pp.0.cpp:5765:2: warning: Added loop label VITIS_LOOP_36_6:   [xilinx-label-all-loops]
 for (int i = 0; i < 4; i++) {
 ^~~
 VITIS_LOOP_36_6: 
/home/shahlarious/FPGA/Vivado/KalmanFiltering/kalman_hls/solution1/.autopilot/db/kalman.pp.0.cpp:5765:2: note: FIX-IT applied suggested code changes
/home/shahlarious/FPGA/Vivado/KalmanFiltering/kalman_hls/solution1/.autopilot/db/kalman.pp.0.cpp:5766:6: warning: Added loop label VITIS_LOOP_37_7:   [xilinx-label-all-loops]
     for (int j = 0; j < 4; j++) {
     ^~~
     VITIS_LOOP_37_7: 
/home/shahlarious/FPGA/Vivado/KalmanFiltering/kalman_hls/solution1/.autopilot/db/kalman.pp.0.cpp:5766:6: note: FIX-IT applied suggested code changes
/home/shahlarious/FPGA/Vivado/KalmanFiltering/kalman_hls/solution1/.autopilot/db/kalman.pp.0.cpp:5773:2: warning: Added loop label VITIS_LOOP_44_8:   [xilinx-label-all-loops]
 for (int i = 0; i < 2; i++) {
 ^~~
 VITIS_LOOP_44_8: 
/home/shahlarious/FPGA/Vivado/KalmanFiltering/kalman_hls/solution1/.autopilot/db/kalman.pp.0.cpp:5773:2: note: FIX-IT applied suggested code changes
/home/shahlarious/FPGA/Vivado/KalmanFiltering/kalman_hls/solution1/.autopilot/db/kalman.pp.0.cpp:5775:6: warning: Added loop label VITIS_LOOP_46_9:   [xilinx-label-all-loops]
     for (int j = 0; j < 4; j++) {
     ^~~
     VITIS_LOOP_46_9: 
/home/shahlarious/FPGA/Vivado/KalmanFiltering/kalman_hls/solution1/.autopilot/db/kalman.pp.0.cpp:5775:6: note: FIX-IT applied suggested code changes
/home/shahlarious/FPGA/Vivado/KalmanFiltering/kalman_hls/solution1/.autopilot/db/kalman.pp.0.cpp:5781:2: warning: Added loop label VITIS_LOOP_52_10:   [xilinx-label-all-loops]
 for (int i = 0; i < 2; i++) {
 ^~~
 VITIS_LOOP_52_10: 
/home/shahlarious/FPGA/Vivado/KalmanFiltering/kalman_hls/solution1/.autopilot/db/kalman.pp.0.cpp:5781:2: note: FIX-IT applied suggested code changes
/home/shahlarious/FPGA/Vivado/KalmanFiltering/kalman_hls/solution1/.autopilot/db/kalman.pp.0.cpp:5782:6: warning: Added loop label VITIS_LOOP_53_11:   [xilinx-label-all-loops]
     for (int j = 0; j < 2; j++) {
     ^~~
     VITIS_LOOP_53_11: 
/home/shahlarious/FPGA/Vivado/KalmanFiltering/kalman_hls/solution1/.autopilot/db/kalman.pp.0.cpp:5782:6: note: FIX-IT applied suggested code changes
/home/shahlarious/FPGA/Vivado/KalmanFiltering/kalman_hls/solution1/.autopilot/db/kalman.pp.0.cpp:5784:10: warning: Added loop label VITIS_LOOP_55_12:   [xilinx-label-all-loops]
         for (int k = 0; k < 4; k++) {
         ^~~
         VITIS_LOOP_55_12: 
/home/shahlarious/FPGA/Vivado/KalmanFiltering/kalman_hls/solution1/.autopilot/db/kalman.pp.0.cpp:5784:10: note: FIX-IT applied suggested code changes
/home/shahlarious/FPGA/Vivado/KalmanFiltering/kalman_hls/solution1/.autopilot/db/kalman.pp.0.cpp:5800:2: warning: Added loop label VITIS_LOOP_71_13:   [xilinx-label-all-loops]
 for (int i = 0; i < 4; i++) {
 ^~~
 VITIS_LOOP_71_13: 
/home/shahlarious/FPGA/Vivado/KalmanFiltering/kalman_hls/solution1/.autopilot/db/kalman.pp.0.cpp:5800:2: note: FIX-IT applied suggested code changes
/home/shahlarious/FPGA/Vivado/KalmanFiltering/kalman_hls/solution1/.autopilot/db/kalman.pp.0.cpp:5801:6: warning: Added loop label VITIS_LOOP_72_14:   [xilinx-label-all-loops]
     for (int j = 0; j < 2; j++) {
     ^~~
     VITIS_LOOP_72_14: 
/home/shahlarious/FPGA/Vivado/KalmanFiltering/kalman_hls/solution1/.autopilot/db/kalman.pp.0.cpp:5801:6: note: FIX-IT applied suggested code changes
/home/shahlarious/FPGA/Vivado/KalmanFiltering/kalman_hls/solution1/.autopilot/db/kalman.pp.0.cpp:5803:10: warning: Added loop label VITIS_LOOP_74_15:   [xilinx-label-all-loops]
         for (int k = 0; k < 4; k++) {
         ^~~
         VITIS_LOOP_74_15: 
/home/shahlarious/FPGA/Vivado/KalmanFiltering/kalman_hls/solution1/.autopilot/db/kalman.pp.0.cpp:5803:10: note: FIX-IT applied suggested code changes
/home/shahlarious/FPGA/Vivado/KalmanFiltering/kalman_hls/solution1/.autopilot/db/kalman.pp.0.cpp:5804:14: warning: Added loop label VITIS_LOOP_75_16:   [xilinx-label-all-loops]
             for (int l = 0; l < 2; l++) {
             ^~~
             VITIS_LOOP_75_16: 
/home/shahlarious/FPGA/Vivado/KalmanFiltering/kalman_hls/solution1/.autopilot/db/kalman.pp.0.cpp:5804:14: note: FIX-IT applied suggested code changes
/home/shahlarious/FPGA/Vivado/KalmanFiltering/kalman_hls/solution1/.autopilot/db/kalman.pp.0.cpp:5811:2: warning: Added loop label VITIS_LOOP_82_17:   [xilinx-label-all-loops]
 for (int i = 0; i < 4; i++) {
 ^~~
 VITIS_LOOP_82_17: 
/home/shahlarious/FPGA/Vivado/KalmanFiltering/kalman_hls/solution1/.autopilot/db/kalman.pp.0.cpp:5811:2: note: FIX-IT applied suggested code changes
/home/shahlarious/FPGA/Vivado/KalmanFiltering/kalman_hls/solution1/.autopilot/db/kalman.pp.0.cpp:5812:6: warning: Added loop label VITIS_LOOP_83_18:   [xilinx-label-all-loops]
     for (int j = 0; j < 2; j++) {
     ^~~
     VITIS_LOOP_83_18: 
/home/shahlarious/FPGA/Vivado/KalmanFiltering/kalman_hls/solution1/.autopilot/db/kalman.pp.0.cpp:5812:6: note: FIX-IT applied suggested code changes
/home/shahlarious/FPGA/Vivado/KalmanFiltering/kalman_hls/solution1/.autopilot/db/kalman.pp.0.cpp:5818:2: warning: Added loop label VITIS_LOOP_89_19:   [xilinx-label-all-loops]
 for (int i = 0; i < 4; i++) {
 ^~~
 VITIS_LOOP_89_19: 
/home/shahlarious/FPGA/Vivado/KalmanFiltering/kalman_hls/solution1/.autopilot/db/kalman.pp.0.cpp:5818:2: note: FIX-IT applied suggested code changes
/home/shahlarious/FPGA/Vivado/KalmanFiltering/kalman_hls/solution1/.autopilot/db/kalman.pp.0.cpp:5819:6: warning: Added loop label VITIS_LOOP_90_20:   [xilinx-label-all-loops]
     for (int j = 0; j < 4; j++) {
     ^~~
     VITIS_LOOP_90_20: 
/home/shahlarious/FPGA/Vivado/KalmanFiltering/kalman_hls/solution1/.autopilot/db/kalman.pp.0.cpp:5819:6: note: FIX-IT applied suggested code changes
/home/shahlarious/FPGA/Vivado/KalmanFiltering/kalman_hls/solution1/.autopilot/db/kalman.pp.0.cpp:5821:10: warning: Added loop label VITIS_LOOP_92_21:   [xilinx-label-all-loops]
         for (int k = 0; k < 2; k++) {
         ^~~
         VITIS_LOOP_92_21: 
/home/shahlarious/FPGA/Vivado/KalmanFiltering/kalman_hls/solution1/.autopilot/db/kalman.pp.0.cpp:5821:10: note: FIX-IT applied suggested code changes
/home/shahlarious/FPGA/Vivado/KalmanFiltering/kalman_hls/solution1/.autopilot/db/kalman.pp.0.cpp:5827:2: warning: Added loop label VITIS_LOOP_98_22:   [xilinx-label-all-loops]
 for (int i = 0; i < 4; i++) {
 ^~~
 VITIS_LOOP_98_22: 
/home/shahlarious/FPGA/Vivado/KalmanFiltering/kalman_hls/solution1/.autopilot/db/kalman.pp.0.cpp:5827:2: note: FIX-IT applied suggested code changes
/home/shahlarious/FPGA/Vivado/KalmanFiltering/kalman_hls/solution1/.autopilot/db/kalman.pp.0.cpp:5828:6: warning: Added loop label VITIS_LOOP_99_23:   [xilinx-label-all-loops]
     for (int j = 0; j < 4; j++) {
     ^~~
     VITIS_LOOP_99_23: 
/home/shahlarious/FPGA/Vivado/KalmanFiltering/kalman_hls/solution1/.autopilot/db/kalman.pp.0.cpp:5828:6: note: FIX-IT applied suggested code changes
/home/shahlarious/FPGA/Vivado/KalmanFiltering/kalman_hls/solution1/.autopilot/db/kalman.pp.0.cpp:5884:5: warning: Added loop label VITIS_LOOP_151_1:   [xilinx-label-all-loops]
    for (int i = 0; i < 4; i++)
    ^~~
    VITIS_LOOP_151_1: 
/home/shahlarious/FPGA/Vivado/KalmanFiltering/kalman_hls/solution1/.autopilot/db/kalman.pp.0.cpp:5884:5: note: FIX-IT applied suggested code changes
/home/shahlarious/FPGA/Vivado/KalmanFiltering/kalman_hls/solution1/.autopilot/db/kalman.pp.0.cpp:5887:9: warning: Added loop label VITIS_LOOP_154_2:   [xilinx-label-all-loops]
        for (int j = 0; j < 4; j++)
        ^~~
        VITIS_LOOP_154_2: 
/home/shahlarious/FPGA/Vivado/KalmanFiltering/kalman_hls/solution1/.autopilot/db/kalman.pp.0.cpp:5887:9: note: FIX-IT applied suggested code changes
