In file included from kalman_hls/kalman.cpp:1:
In file included from kalman_hls/kalman.h:4:
In file included from /tools/Xilinx/Vitis_HLS/2022.2/common/technology/autopilot/ap_fixed.h:10:
In file included from /tools/Xilinx/Vitis_HLS/2022.2/common/technology/autopilot/ap_fixed_base.h:16:
In file included from /tools/Xilinx/Vitis_HLS/2022.2/common/technology/autopilot/ap_int.h:12:
/tools/Xilinx/Vitis_HLS/2022.2/common/technology/autopilot/ap_int_ref.h:678:9: warning: HLS pragma dump _XLX_SEP_ PragmaIsValid=1_XLX_SEP_ PragmaType=unroll_XLX_SEP_ PragmaContext=_XLX_SEP_ PragmaFunction=and_reduce_XLX_SEP_ PragmaOptions=_XLX_SEP_ [-Wdump-hls-pragmas]
#pragma HLS unroll
        ^
/tools/Xilinx/Vitis_HLS/2022.2/common/technology/autopilot/ap_int_ref.h:692:9: warning: HLS pragma dump _XLX_SEP_ PragmaIsValid=1_XLX_SEP_ PragmaType=unroll_XLX_SEP_ PragmaContext=_XLX_SEP_ PragmaFunction=or_reduce_XLX_SEP_ PragmaOptions=_XLX_SEP_ [-Wdump-hls-pragmas]
#pragma HLS unroll
        ^
/tools/Xilinx/Vitis_HLS/2022.2/common/technology/autopilot/ap_int_ref.h:706:9: warning: HLS pragma dump _XLX_SEP_ PragmaIsValid=1_XLX_SEP_ PragmaType=unroll_XLX_SEP_ PragmaContext=_XLX_SEP_ PragmaFunction=xor_reduce_XLX_SEP_ PragmaOptions=_XLX_SEP_ [-Wdump-hls-pragmas]
#pragma HLS unroll
        ^
kalman_hls/kalman.cpp:15:9: warning: HLS pragma dump _XLX_SEP_ PragmaIsValid=1_XLX_SEP_ PragmaType=inline_XLX_SEP_ PragmaContext=_XLX_SEP_ PragmaFunction=kalman_filter_XLX_SEP_ PragmaOptions=_XLX_SEP_ [-Wdump-hls-pragmas]
#pragma HLS inline
        ^
/home/shahlarious/FPGA/Vivado/KalmanFiltering/kalman_hls/solution1/csynth.tcl:15:9: warning: HLS pragma dump _XLX_SEP_ PragmaIsValid=1_XLX_SEP_ PragmaType=top_XLX_SEP_ PragmaContext=directive_XLX_SEP_ PragmaFunction=kalman_filter_top_XLX_SEP_ PragmaOptions=name=kalman_filter_top_XLX_SEP_ [-Wdump-hls-pragmas]
#pragma HLSDIRECTIVE TOP name=kalman_filter_top
        ^
kalman_hls/kalman.cpp:114:9: warning: HLS pragma dump _XLX_SEP_ PragmaIsValid=1_XLX_SEP_ PragmaType=interface_XLX_SEP_ PragmaContext=_XLX_SEP_ PragmaFunction=kalman_filter_top_XLX_SEP_ PragmaOptions=s_axilite port = return bundle = CONTROL_BUS_XLX_SEP_ [-Wdump-hls-pragmas]
#pragma HLS INTERFACE s_axilite port = return bundle = CONTROL_BUS
        ^
kalman_hls/kalman.cpp:115:9: warning: HLS pragma dump _XLX_SEP_ PragmaIsValid=1_XLX_SEP_ PragmaType=interface_XLX_SEP_ PragmaContext=_XLX_SEP_ PragmaFunction=kalman_filter_top_XLX_SEP_ PragmaOptions=s_axilite port = z bundle = CONTROL_BUS_XLX_SEP_ [-Wdump-hls-pragmas]
#pragma HLS INTERFACE s_axilite port = z bundle = CONTROL_BUS
        ^
kalman_hls/kalman.cpp:116:9: warning: HLS pragma dump _XLX_SEP_ PragmaIsValid=1_XLX_SEP_ PragmaType=interface_XLX_SEP_ PragmaContext=_XLX_SEP_ PragmaFunction=kalman_filter_top_XLX_SEP_ PragmaOptions=s_axilite port = x bundle = CONTROL_BUS_XLX_SEP_ [-Wdump-hls-pragmas]
#pragma HLS INTERFACE s_axilite port = x bundle = CONTROL_BUS
        ^
kalman_hls/kalman.cpp:117:9: warning: HLS pragma dump _XLX_SEP_ PragmaIsValid=1_XLX_SEP_ PragmaType=interface_XLX_SEP_ PragmaContext=_XLX_SEP_ PragmaFunction=kalman_filter_top_XLX_SEP_ PragmaOptions=s_axilite port = P bundle = CONTROL_BUS_XLX_SEP_ [-Wdump-hls-pragmas]
#pragma HLS INTERFACE s_axilite port = P bundle = CONTROL_BUS
        ^
kalman_hls/kalman.cpp:119:9: warning: HLS pragma dump _XLX_SEP_ PragmaIsValid=1_XLX_SEP_ PragmaType=interface_XLX_SEP_ PragmaContext=_XLX_SEP_ PragmaFunction=kalman_filter_top_XLX_SEP_ PragmaOptions=m_axi offset = slave port = x bundle = hostmem depth = 128_XLX_SEP_ [-Wdump-hls-pragmas]
#pragma HLS INTERFACE m_axi offset = slave port = x bundle = hostmem depth = 128
        ^
kalman_hls/kalman.cpp:120:9: warning: HLS pragma dump _XLX_SEP_ PragmaIsValid=1_XLX_SEP_ PragmaType=interface_XLX_SEP_ PragmaContext=_XLX_SEP_ PragmaFunction=kalman_filter_top_XLX_SEP_ PragmaOptions=m_axi offset = slave port = P bundle = hostmem depth = 128_XLX_SEP_ [-Wdump-hls-pragmas]
#pragma HLS INTERFACE m_axi offset = slave port = P bundle = hostmem depth = 128
        ^
11 warnings generated.
