

================================================================
== Vitis HLS Report for 'kalman_filter_top_Pipeline_VITIS_LOOP_71_13_VITIS_LOOP_72_14'
================================================================
* Date:           Mon May 20 14:15:58 2024

* Version:        2022.2 (Build 3670227 on Oct 13 2022)
* Project:        kalman_hls
* Solution:       solution1 (Vivado IP Flow Target)
* Product family: zynq
* Target device:  xc7z020-clg400-1


================================================================
== Performance Estimates
================================================================
+ Timing: 
    * Summary: 
    +--------+----------+----------+------------+
    |  Clock |  Target  | Estimated| Uncertainty|
    +--------+----------+----------+------------+
    |ap_clk  |  10.00 ns|  6.361 ns|     2.70 ns|
    +--------+----------+----------+------------+

+ Latency: 
    * Summary: 
    +---------+---------+----------+----------+-----+-----+---------+
    |  Latency (cycles) |  Latency (absolute) |  Interval | Pipeline|
    |   min   |   max   |    min   |    max   | min | max |   Type  |
    +---------+---------+----------+----------+-----+-----+---------+
    |       16|       16|  0.160 us|  0.160 us|   16|   16|       no|
    +---------+---------+----------+----------+-----+-----+---------+

    + Detail: 
        * Instance: 
        N/A

        * Loop: 
        +-------------------------------------+---------+---------+----------+-----------+-----------+------+----------+
        |                                     |  Latency (cycles) | Iteration|  Initiation Interval  | Trip |          |
        |              Loop Name              |   min   |   max   |  Latency |  achieved |   target  | Count| Pipelined|
        +-------------------------------------+---------+---------+----------+-----------+-----------+------+----------+
        |- VITIS_LOOP_71_13_VITIS_LOOP_72_14  |       14|       14|         8|          1|          1|     8|       yes|
        +-------------------------------------+---------+---------+----------+-----------+-----------+------+----------+

============================================================
+ Verbose Summary: Synthesis Manager
============================================================
InlineROM: 1
ExposeGlobal: 0
============================================================
+ Verbose Summary: CDFG Model
============================================================
IsTopModel: 0
ResetActiveHigh: 1
IsCombinational: 0
IsDatapathOnly: 0
HasWiredReturn: 1
HasMFsm: 2
HasVarLatency: 1
IsPipeline: 0
IsRtlPipelined: 0
IsInstanceOverlapped: 0
IsDontTouch: 0
HasImplIP: 0
IsGatedGlobalClock: 0

+ Individual pipeline summary: 
  * Pipeline-0: initiation interval (II) = 1, depth = 8


============================================================
+ Verbose Summary: Schedule
============================================================
* Number of FSM states : 8
* Pipeline : 1
  Pipeline-0 : II = 1, D = 8, States = { 1 2 3 4 5 6 7 8 }
* Dataflow Pipeline: 0

* FSM state transitions: 
1 --> 2 
2 --> 3 
3 --> 4 
4 --> 5 
5 --> 6 
6 --> 7 
7 --> 8 
8 --> 

* FSM state operations: 

State 1 <SV = 0> <Delay = 5.10>
ST_1 : Operation 11 [1/1] (0.00ns)   --->   "%j = alloca i32 1"   --->   Operation 11 'alloca' 'j' <Predicate = true> <Delay = 0.00>
ST_1 : Operation 12 [1/1] (0.00ns)   --->   "%i = alloca i32 1"   --->   Operation 12 'alloca' 'i' <Predicate = true> <Delay = 0.00>
ST_1 : Operation 13 [1/1] (0.00ns)   --->   "%indvar_flatten36 = alloca i32 1"   --->   Operation 13 'alloca' 'indvar_flatten36' <Predicate = true> <Delay = 0.00>
ST_1 : Operation 14 [1/1] (0.00ns)   --->   "%S_inv_V_1_0_read = read i32 @_ssdm_op_Read.ap_auto.i32, i32 %S_inv_V_1_0"   --->   Operation 14 'read' 'S_inv_V_1_0_read' <Predicate = true> <Delay = 0.00>
ST_1 : Operation 15 [1/1] (0.00ns)   --->   "%S_inv_V_1_1_read = read i32 @_ssdm_op_Read.ap_auto.i32, i32 %S_inv_V_1_1"   --->   Operation 15 'read' 'S_inv_V_1_1_read' <Predicate = true> <Delay = 0.00>
ST_1 : Operation 16 [1/1] (0.00ns)   --->   "%S_inv_V_0_0_read = read i32 @_ssdm_op_Read.ap_auto.i32, i32 %S_inv_V_0_0"   --->   Operation 16 'read' 'S_inv_V_0_0_read' <Predicate = true> <Delay = 0.00>
ST_1 : Operation 17 [1/1] (0.00ns)   --->   "%S_inv_V_0_1_read = read i32 @_ssdm_op_Read.ap_auto.i32, i32 %S_inv_V_0_1"   --->   Operation 17 'read' 'S_inv_V_0_1_read' <Predicate = true> <Delay = 0.00>
ST_1 : Operation 18 [1/1] (1.58ns)   --->   "%store_ln0 = store i4 0, i4 %indvar_flatten36"   --->   Operation 18 'store' 'store_ln0' <Predicate = true> <Delay = 1.58>
ST_1 : Operation 19 [1/1] (1.58ns)   --->   "%store_ln0 = store i3 0, i3 %i"   --->   Operation 19 'store' 'store_ln0' <Predicate = true> <Delay = 1.58>
ST_1 : Operation 20 [1/1] (1.58ns)   --->   "%store_ln0 = store i2 0, i2 %j"   --->   Operation 20 'store' 'store_ln0' <Predicate = true> <Delay = 1.58>
ST_1 : Operation 21 [1/1] (0.00ns)   --->   "%br_ln0 = br void %for.body272.i"   --->   Operation 21 'br' 'br_ln0' <Predicate = true> <Delay = 0.00>
ST_1 : Operation 22 [1/1] (0.00ns)   --->   "%i_3 = load i3 %i"   --->   Operation 22 'load' 'i_3' <Predicate = true> <Delay = 0.00>
ST_1 : Operation 23 [1/1] (0.00ns)   --->   "%indvar_flatten36_load = load i4 %indvar_flatten36" [kalman_hls/kalman.cpp:71]   --->   Operation 23 'load' 'indvar_flatten36_load' <Predicate = true> <Delay = 0.00>
ST_1 : Operation 24 [1/1] (0.00ns)   --->   "%empty = trunc i3 %i_3"   --->   Operation 24 'trunc' 'empty' <Predicate = true> <Delay = 0.00>
ST_1 : Operation 25 [1/1] (0.00ns)   --->   "%tmp_40_cast = bitconcatenate i4 @_ssdm_op_BitConcatenate.i4.i2.i2, i2 %empty, i2 0"   --->   Operation 25 'bitconcatenate' 'tmp_40_cast' <Predicate = true> <Delay = 0.00>
ST_1 : Operation 26 [1/1] (0.00ns)   --->   "%specpipeline_ln0 = specpipeline void @_ssdm_op_SpecPipeline, i32 4294967295, i32 0, i32 1, i32 0, void @p_str"   --->   Operation 26 'specpipeline' 'specpipeline_ln0' <Predicate = true> <Delay = 0.00>
ST_1 : Operation 27 [1/1] (1.30ns)   --->   "%icmp_ln71 = icmp_eq  i4 %indvar_flatten36_load, i4 8" [kalman_hls/kalman.cpp:71]   --->   Operation 27 'icmp' 'icmp_ln71' <Predicate = true> <Delay = 1.30> <CoreInst = "Cmp">   --->   Core 9 'Cmp' <Latency = 0> <II = 1> <Delay = 1.30> <FuncUnit> <Opcode : 'icmp'> <InPorts = 2> <OutPorts = 1>
ST_1 : Operation 28 [1/1] (1.73ns)   --->   "%add_ln71_1 = add i4 %indvar_flatten36_load, i4 1" [kalman_hls/kalman.cpp:71]   --->   Operation 28 'add' 'add_ln71_1' <Predicate = true> <Delay = 1.73> <CoreInst = "Adder">   --->   Core 1 'Adder' <Latency = 0> <II = 1> <Delay = 1.73> <FuncUnit> <Opcode : 'add' 'sub'> <InPorts = 2> <OutPorts = 1>
ST_1 : Operation 29 [1/1] (0.00ns)   --->   "%br_ln71 = br i1 %icmp_ln71, void %for.cond.cleanup271.i, void %for.body322.i.preheader.exitStub" [kalman_hls/kalman.cpp:71]   --->   Operation 29 'br' 'br_ln71' <Predicate = true> <Delay = 0.00>
ST_1 : Operation 30 [1/1] (0.00ns)   --->   "%j_load = load i2 %j" [kalman_hls/kalman.cpp:72]   --->   Operation 30 'load' 'j_load' <Predicate = (!icmp_ln71)> <Delay = 0.00>
ST_1 : Operation 31 [1/1] (1.65ns)   --->   "%add_ln71 = add i3 %i_3, i3 1" [kalman_hls/kalman.cpp:71]   --->   Operation 31 'add' 'add_ln71' <Predicate = (!icmp_ln71)> <Delay = 1.65> <CoreInst = "Adder">   --->   Core 1 'Adder' <Latency = 0> <II = 1> <Delay = 1.65> <FuncUnit> <Opcode : 'add' 'sub'> <InPorts = 2> <OutPorts = 1>
ST_1 : Operation 32 [1/1] (0.00ns)   --->   "%trunc_ln71 = trunc i3 %add_ln71" [kalman_hls/kalman.cpp:71]   --->   Operation 32 'trunc' 'trunc_ln71' <Predicate = (!icmp_ln71)> <Delay = 0.00>
ST_1 : Operation 33 [1/1] (0.95ns)   --->   "%icmp_ln72 = icmp_eq  i2 %j_load, i2 2" [kalman_hls/kalman.cpp:72]   --->   Operation 33 'icmp' 'icmp_ln72' <Predicate = (!icmp_ln71)> <Delay = 0.95> <CoreInst = "Cmp">   --->   Core 9 'Cmp' <Latency = 0> <II = 1> <Delay = 0.95> <FuncUnit> <Opcode : 'icmp'> <InPorts = 2> <OutPorts = 1>
ST_1 : Operation 34 [1/1] (0.99ns)   --->   "%select_ln71 = select i1 %icmp_ln72, i2 0, i2 %j_load" [kalman_hls/kalman.cpp:71]   --->   Operation 34 'select' 'select_ln71' <Predicate = (!icmp_ln71)> <Delay = 0.99> <CoreInst = "Sel">   --->   Core 73 'Sel' <Latency = 0> <II = 1> <Delay = 0.99> <FuncUnit> <Opcode : 'select'> <InPorts = 3> <OutPorts = 1>
ST_1 : Operation 35 [1/1] (0.00ns)   --->   "%tmp_42_cast = bitconcatenate i4 @_ssdm_op_BitConcatenate.i4.i2.i2, i2 %trunc_ln71, i2 0" [kalman_hls/kalman.cpp:71]   --->   Operation 35 'bitconcatenate' 'tmp_42_cast' <Predicate = (!icmp_ln71)> <Delay = 0.00>
ST_1 : Operation 36 [1/1] (0.98ns)   --->   "%select_ln71_1 = select i1 %icmp_ln72, i3 %add_ln71, i3 %i_3" [kalman_hls/kalman.cpp:71]   --->   Operation 36 'select' 'select_ln71_1' <Predicate = (!icmp_ln71)> <Delay = 0.98> <CoreInst = "Sel">   --->   Core 73 'Sel' <Latency = 0> <II = 1> <Delay = 0.98> <FuncUnit> <Opcode : 'select'> <InPorts = 3> <OutPorts = 1>
ST_1 : Operation 37 [1/1] (1.02ns)   --->   "%select_ln71_2 = select i1 %icmp_ln72, i4 %tmp_42_cast, i4 %tmp_40_cast" [kalman_hls/kalman.cpp:71]   --->   Operation 37 'select' 'select_ln71_2' <Predicate = (!icmp_ln71)> <Delay = 1.02> <CoreInst = "Sel">   --->   Core 73 'Sel' <Latency = 0> <II = 1> <Delay = 1.02> <FuncUnit> <Opcode : 'select'> <InPorts = 3> <OutPorts = 1>
ST_1 : Operation 38 [1/1] (0.00ns)   --->   "%zext_ln71 = zext i4 %select_ln71_2" [kalman_hls/kalman.cpp:71]   --->   Operation 38 'zext' 'zext_ln71' <Predicate = (!icmp_ln71)> <Delay = 0.00>
ST_1 : Operation 39 [1/1] (0.00ns)   --->   "%P_prior_V_addr = getelementptr i32 %P_prior_V, i64 0, i64 %zext_ln71" [kalman_hls/kalman.cpp:71]   --->   Operation 39 'getelementptr' 'P_prior_V_addr' <Predicate = (!icmp_ln71)> <Delay = 0.00>
ST_1 : Operation 40 [2/2] (2.32ns)   --->   "%P_prior_V_load = load i4 %P_prior_V_addr" [kalman_hls/kalman.cpp:71]   --->   Operation 40 'load' 'P_prior_V_load' <Predicate = (!icmp_ln71)> <Delay = 2.32> <CoreInst = "RAM_1WnR">   --->   Core 83 'RAM_1WnR' <Latency = 1> <II = 1> <Delay = 2.32> <Storage> <Opcode : 'load' 'store'> <Ports = 17> <Width = 32> <Depth = 16> <RAM>
ST_1 : Operation 41 [1/1] (1.02ns)   --->   "%select_ln71_4 = select i1 %icmp_ln72, i4 %tmp_42_cast, i4 %tmp_40_cast" [kalman_hls/kalman.cpp:71]   --->   Operation 41 'select' 'select_ln71_4' <Predicate = (!icmp_ln71)> <Delay = 1.02> <CoreInst = "Sel">   --->   Core 73 'Sel' <Latency = 0> <II = 1> <Delay = 1.02> <FuncUnit> <Opcode : 'select'> <InPorts = 3> <OutPorts = 1>
ST_1 : Operation 42 [1/1] (0.00ns)   --->   "%or_ln71 = or i4 %select_ln71_4, i4 1" [kalman_hls/kalman.cpp:71]   --->   Operation 42 'or' 'or_ln71' <Predicate = (!icmp_ln71)> <Delay = 0.00>
ST_1 : Operation 43 [1/1] (0.00ns)   --->   "%select_ln71_3_cast = zext i4 %or_ln71" [kalman_hls/kalman.cpp:71]   --->   Operation 43 'zext' 'select_ln71_3_cast' <Predicate = (!icmp_ln71)> <Delay = 0.00>
ST_1 : Operation 44 [1/1] (0.00ns)   --->   "%P_prior_V_addr_1 = getelementptr i32 %P_prior_V, i64 0, i64 %select_ln71_3_cast" [kalman_hls/kalman.cpp:71]   --->   Operation 44 'getelementptr' 'P_prior_V_addr_1' <Predicate = (!icmp_ln71)> <Delay = 0.00>
ST_1 : Operation 45 [2/2] (2.32ns)   --->   "%P_prior_V_load_1 = load i4 %P_prior_V_addr_1" [kalman_hls/kalman.cpp:71]   --->   Operation 45 'load' 'P_prior_V_load_1' <Predicate = (!icmp_ln71)> <Delay = 2.32> <CoreInst = "RAM_1WnR">   --->   Core 83 'RAM_1WnR' <Latency = 1> <II = 1> <Delay = 2.32> <Storage> <Opcode : 'load' 'store'> <Ports = 17> <Width = 32> <Depth = 16> <RAM>
ST_1 : Operation 46 [1/1] (0.00ns)   --->   "%trunc_ln1273 = trunc i2 %select_ln71"   --->   Operation 46 'trunc' 'trunc_ln1273' <Predicate = (!icmp_ln71)> <Delay = 0.00>
ST_1 : Operation 47 [1/1] (1.56ns)   --->   "%add_ln72 = add i2 %select_ln71, i2 1" [kalman_hls/kalman.cpp:72]   --->   Operation 47 'add' 'add_ln72' <Predicate = (!icmp_ln71)> <Delay = 1.56> <CoreInst = "Adder">   --->   Core 1 'Adder' <Latency = 0> <II = 1> <Delay = 1.56> <FuncUnit> <Opcode : 'add' 'sub'> <InPorts = 2> <OutPorts = 1>
ST_1 : Operation 48 [1/1] (1.58ns)   --->   "%store_ln72 = store i4 %add_ln71_1, i4 %indvar_flatten36" [kalman_hls/kalman.cpp:72]   --->   Operation 48 'store' 'store_ln72' <Predicate = (!icmp_ln71)> <Delay = 1.58>
ST_1 : Operation 49 [1/1] (1.58ns)   --->   "%store_ln72 = store i3 %select_ln71_1, i3 %i" [kalman_hls/kalman.cpp:72]   --->   Operation 49 'store' 'store_ln72' <Predicate = (!icmp_ln71)> <Delay = 1.58>
ST_1 : Operation 50 [1/1] (1.58ns)   --->   "%store_ln72 = store i2 %add_ln72, i2 %j" [kalman_hls/kalman.cpp:72]   --->   Operation 50 'store' 'store_ln72' <Predicate = (!icmp_ln71)> <Delay = 1.58>

State 2 <SV = 1> <Delay = 2.32>
ST_2 : Operation 51 [1/2] (2.32ns)   --->   "%P_prior_V_load = load i4 %P_prior_V_addr" [kalman_hls/kalman.cpp:71]   --->   Operation 51 'load' 'P_prior_V_load' <Predicate = true> <Delay = 2.32> <CoreInst = "RAM_1WnR">   --->   Core 83 'RAM_1WnR' <Latency = 1> <II = 1> <Delay = 2.32> <Storage> <Opcode : 'load' 'store'> <Ports = 17> <Width = 32> <Depth = 16> <RAM>
ST_2 : Operation 52 [1/2] (2.32ns)   --->   "%P_prior_V_load_1 = load i4 %P_prior_V_addr_1" [kalman_hls/kalman.cpp:71]   --->   Operation 52 'load' 'P_prior_V_load_1' <Predicate = true> <Delay = 2.32> <CoreInst = "RAM_1WnR">   --->   Core 83 'RAM_1WnR' <Latency = 1> <II = 1> <Delay = 2.32> <Storage> <Opcode : 'load' 'store'> <Ports = 17> <Width = 32> <Depth = 16> <RAM>

State 3 <SV = 2> <Delay = 6.36>
ST_3 : Operation 53 [1/1] (0.00ns)   --->   "%shl_ln1273_cast_mid2_v = bitconcatenate i48 @_ssdm_op_BitConcatenate.i48.i32.i16, i32 %P_prior_V_load, i16 0" [kalman_hls/kalman.cpp:71]   --->   Operation 53 'bitconcatenate' 'shl_ln1273_cast_mid2_v' <Predicate = true> <Delay = 0.00>
ST_3 : Operation 54 [1/1] (0.00ns)   --->   "%sext_ln71 = sext i48 %shl_ln1273_cast_mid2_v" [kalman_hls/kalman.cpp:71]   --->   Operation 54 'sext' 'sext_ln71' <Predicate = true> <Delay = 0.00>
ST_3 : Operation 55 [1/1] (0.00ns)   --->   "%sext_ln72_mid2_v = bitconcatenate i48 @_ssdm_op_BitConcatenate.i48.i32.i16, i32 %P_prior_V_load_1, i16 0" [kalman_hls/kalman.cpp:71]   --->   Operation 55 'bitconcatenate' 'sext_ln72_mid2_v' <Predicate = true> <Delay = 0.00>
ST_3 : Operation 56 [1/1] (0.00ns)   --->   "%sext_ln71_1 = sext i48 %sext_ln72_mid2_v" [kalman_hls/kalman.cpp:71]   --->   Operation 56 'sext' 'sext_ln71_1' <Predicate = true> <Delay = 0.00>
ST_3 : Operation 57 [1/1] (0.69ns)   --->   "%select_ln1273 = select i1 %trunc_ln1273, i32 %S_inv_V_0_1_read, i32 %S_inv_V_0_0_read"   --->   Operation 57 'select' 'select_ln1273' <Predicate = true> <Delay = 0.69> <CoreInst = "Sel">   --->   Core 73 'Sel' <Latency = 0> <II = 1> <Delay = 0.69> <FuncUnit> <Opcode : 'select'> <InPorts = 3> <OutPorts = 1>
ST_3 : Operation 58 [1/1] (0.00ns)   --->   "%sext_ln1273 = sext i32 %select_ln1273"   --->   Operation 58 'sext' 'sext_ln1273' <Predicate = true> <Delay = 0.00>
ST_3 : Operation 59 [5/5] (5.66ns)   --->   "%mul_ln1273 = mul i64 %sext_ln71, i64 %sext_ln1273"   --->   Operation 59 'mul' 'mul_ln1273' <Predicate = true> <Delay = 5.66> <CoreInst = "Multiplier">   --->   Core 3 'Multiplier' <Latency = 4> <II = 1> <Delay = 5.66> <FuncUnit> <Opcode : 'mul'> <InPorts = 2> <OutPorts = 1>
ST_3 : Operation 60 [1/1] (0.69ns)   --->   "%select_ln1273_1 = select i1 %trunc_ln1273, i32 %S_inv_V_1_1_read, i32 %S_inv_V_1_0_read"   --->   Operation 60 'select' 'select_ln1273_1' <Predicate = true> <Delay = 0.69> <CoreInst = "Sel">   --->   Core 73 'Sel' <Latency = 0> <II = 1> <Delay = 0.69> <FuncUnit> <Opcode : 'select'> <InPorts = 3> <OutPorts = 1>
ST_3 : Operation 61 [1/1] (0.00ns)   --->   "%sext_ln1273_2 = sext i32 %select_ln1273_1"   --->   Operation 61 'sext' 'sext_ln1273_2' <Predicate = true> <Delay = 0.00>
ST_3 : Operation 62 [5/5] (5.66ns)   --->   "%mul_ln1273_2 = mul i64 %sext_ln71_1, i64 %sext_ln1273_2"   --->   Operation 62 'mul' 'mul_ln1273_2' <Predicate = true> <Delay = 5.66> <CoreInst = "Multiplier">   --->   Core 3 'Multiplier' <Latency = 4> <II = 1> <Delay = 5.66> <FuncUnit> <Opcode : 'mul'> <InPorts = 2> <OutPorts = 1>

State 4 <SV = 3> <Delay = 5.66>
ST_4 : Operation 63 [4/5] (5.66ns)   --->   "%mul_ln1273 = mul i64 %sext_ln71, i64 %sext_ln1273"   --->   Operation 63 'mul' 'mul_ln1273' <Predicate = true> <Delay = 5.66> <CoreInst = "Multiplier">   --->   Core 3 'Multiplier' <Latency = 4> <II = 1> <Delay = 5.66> <FuncUnit> <Opcode : 'mul'> <InPorts = 2> <OutPorts = 1>
ST_4 : Operation 64 [4/5] (5.66ns)   --->   "%mul_ln1273_2 = mul i64 %sext_ln71_1, i64 %sext_ln1273_2"   --->   Operation 64 'mul' 'mul_ln1273_2' <Predicate = true> <Delay = 5.66> <CoreInst = "Multiplier">   --->   Core 3 'Multiplier' <Latency = 4> <II = 1> <Delay = 5.66> <FuncUnit> <Opcode : 'mul'> <InPorts = 2> <OutPorts = 1>

State 5 <SV = 4> <Delay = 5.66>
ST_5 : Operation 65 [3/5] (5.66ns)   --->   "%mul_ln1273 = mul i64 %sext_ln71, i64 %sext_ln1273"   --->   Operation 65 'mul' 'mul_ln1273' <Predicate = true> <Delay = 5.66> <CoreInst = "Multiplier">   --->   Core 3 'Multiplier' <Latency = 4> <II = 1> <Delay = 5.66> <FuncUnit> <Opcode : 'mul'> <InPorts = 2> <OutPorts = 1>
ST_5 : Operation 66 [3/5] (5.66ns)   --->   "%mul_ln1273_2 = mul i64 %sext_ln71_1, i64 %sext_ln1273_2"   --->   Operation 66 'mul' 'mul_ln1273_2' <Predicate = true> <Delay = 5.66> <CoreInst = "Multiplier">   --->   Core 3 'Multiplier' <Latency = 4> <II = 1> <Delay = 5.66> <FuncUnit> <Opcode : 'mul'> <InPorts = 2> <OutPorts = 1>

State 6 <SV = 5> <Delay = 5.66>
ST_6 : Operation 67 [2/5] (5.66ns)   --->   "%mul_ln1273 = mul i64 %sext_ln71, i64 %sext_ln1273"   --->   Operation 67 'mul' 'mul_ln1273' <Predicate = true> <Delay = 5.66> <CoreInst = "Multiplier">   --->   Core 3 'Multiplier' <Latency = 4> <II = 1> <Delay = 5.66> <FuncUnit> <Opcode : 'mul'> <InPorts = 2> <OutPorts = 1>
ST_6 : Operation 68 [2/5] (5.66ns)   --->   "%mul_ln1273_2 = mul i64 %sext_ln71_1, i64 %sext_ln1273_2"   --->   Operation 68 'mul' 'mul_ln1273_2' <Predicate = true> <Delay = 5.66> <CoreInst = "Multiplier">   --->   Core 3 'Multiplier' <Latency = 4> <II = 1> <Delay = 5.66> <FuncUnit> <Opcode : 'mul'> <InPorts = 2> <OutPorts = 1>

State 7 <SV = 6> <Delay = 5.66>
ST_7 : Operation 69 [1/5] (5.66ns)   --->   "%mul_ln1273 = mul i64 %sext_ln71, i64 %sext_ln1273"   --->   Operation 69 'mul' 'mul_ln1273' <Predicate = true> <Delay = 5.66> <CoreInst = "Multiplier">   --->   Core 3 'Multiplier' <Latency = 4> <II = 1> <Delay = 5.66> <FuncUnit> <Opcode : 'mul'> <InPorts = 2> <OutPorts = 1>
ST_7 : Operation 70 [1/5] (5.66ns)   --->   "%mul_ln1273_2 = mul i64 %sext_ln71_1, i64 %sext_ln1273_2"   --->   Operation 70 'mul' 'mul_ln1273_2' <Predicate = true> <Delay = 5.66> <CoreInst = "Multiplier">   --->   Core 3 'Multiplier' <Latency = 4> <II = 1> <Delay = 5.66> <FuncUnit> <Opcode : 'mul'> <InPorts = 2> <OutPorts = 1>
ST_7 : Operation 71 [1/1] (0.00ns)   --->   "%tmp_s = partselect i32 @_ssdm_op_PartSelect.i32.i64.i32.i32, i64 %mul_ln1273, i32 32, i32 63"   --->   Operation 71 'partselect' 'tmp_s' <Predicate = true> <Delay = 0.00>
ST_7 : Operation 86 [1/1] (0.00ns)   --->   "%ret_ln0 = ret"   --->   Operation 86 'ret' 'ret_ln0' <Predicate = (icmp_ln71)> <Delay = 0.00>

State 8 <SV = 7> <Delay = 5.84>
ST_8 : Operation 72 [1/1] (0.00ns)   --->   "%specloopname_ln0 = specloopname void @_ssdm_op_SpecLoopName, void @VITIS_LOOP_71_13_VITIS_LOOP_72_14_str"   --->   Operation 72 'specloopname' 'specloopname_ln0' <Predicate = true> <Delay = 0.00>
ST_8 : Operation 73 [1/1] (0.00ns)   --->   "%empty_30 = speclooptripcount i32 @_ssdm_op_SpecLoopTripCount, i64 8, i64 8, i64 8"   --->   Operation 73 'speclooptripcount' 'empty_30' <Predicate = true> <Delay = 0.00>
ST_8 : Operation 74 [1/1] (0.00ns) (grouped into LUT with out node add_ln73)   --->   "%shl_ln73 = shl i3 %select_ln71_1, i3 1" [kalman_hls/kalman.cpp:73]   --->   Operation 74 'shl' 'shl_ln73' <Predicate = true> <Delay = 0.00>
ST_8 : Operation 75 [1/1] (0.00ns)   --->   "%specpipeline_ln0 = specpipeline void @_ssdm_op_SpecPipeline, i32 4294967295, i32 0, i32 1, i32 0, void @p_str"   --->   Operation 75 'specpipeline' 'specpipeline_ln0' <Predicate = true> <Delay = 0.00>
ST_8 : Operation 76 [1/1] (0.00ns) (grouped into LUT with out node add_ln73)   --->   "%zext_ln73 = zext i2 %select_ln71" [kalman_hls/kalman.cpp:73]   --->   Operation 76 'zext' 'zext_ln73' <Predicate = true> <Delay = 0.00>
ST_8 : Operation 77 [1/1] (1.65ns) (out node of the LUT)   --->   "%add_ln73 = add i3 %shl_ln73, i3 %zext_ln73" [kalman_hls/kalman.cpp:73]   --->   Operation 77 'add' 'add_ln73' <Predicate = true> <Delay = 1.65> <CoreInst = "Adder">   --->   Core 1 'Adder' <Latency = 0> <II = 1> <Delay = 1.65> <FuncUnit> <Opcode : 'add' 'sub'> <InPorts = 2> <OutPorts = 1>
ST_8 : Operation 78 [1/1] (0.00ns)   --->   "%zext_ln73_1 = zext i3 %add_ln73" [kalman_hls/kalman.cpp:73]   --->   Operation 78 'zext' 'zext_ln73_1' <Predicate = true> <Delay = 0.00>
ST_8 : Operation 79 [1/1] (0.00ns)   --->   "%K_V_addr = getelementptr i32 %K_V, i64 0, i64 %zext_ln73_1" [kalman_hls/kalman.cpp:73]   --->   Operation 79 'getelementptr' 'K_V_addr' <Predicate = true> <Delay = 0.00>
ST_8 : Operation 80 [1/1] (0.00ns)   --->   "%specloopname_ln72 = specloopname void @_ssdm_op_SpecLoopName, void @empty_15" [kalman_hls/kalman.cpp:72]   --->   Operation 80 'specloopname' 'specloopname_ln72' <Predicate = true> <Delay = 0.00>
ST_8 : Operation 81 [1/1] (0.00ns)   --->   "%shl_ln838_s = bitconcatenate i64 @_ssdm_op_BitConcatenate.i64.i32.i32, i32 %tmp_s, i32 0"   --->   Operation 81 'bitconcatenate' 'shl_ln838_s' <Predicate = true> <Delay = 0.00>
ST_8 : Operation 82 [1/1] (3.52ns)   --->   "%add_ln1347 = add i64 %shl_ln838_s, i64 %mul_ln1273_2"   --->   Operation 82 'add' 'add_ln1347' <Predicate = true> <Delay = 3.52> <CoreInst = "Adder">   --->   Core 1 'Adder' <Latency = 0> <II = 1> <Delay = 3.52> <FuncUnit> <Opcode : 'add' 'sub'> <InPorts = 2> <OutPorts = 1>
ST_8 : Operation 83 [1/1] (0.00ns)   --->   "%trunc_ln818_2 = partselect i32 @_ssdm_op_PartSelect.i32.i64.i32.i32, i64 %add_ln1347, i32 32, i32 63"   --->   Operation 83 'partselect' 'trunc_ln818_2' <Predicate = true> <Delay = 0.00>
ST_8 : Operation 84 [1/1] (2.32ns)   --->   "%store_ln1420 = store i32 %trunc_ln818_2, i3 %K_V_addr"   --->   Operation 84 'store' 'store_ln1420' <Predicate = true> <Delay = 2.32> <CoreInst = "RAM">   --->   Core 82 'RAM' <Latency = 1> <II = 1> <Delay = 2.32> <Storage> <Opcode : 'load' 'store'> <Ports = 2> <Width = 32> <Depth = 8> <RAM>
ST_8 : Operation 85 [1/1] (0.00ns)   --->   "%br_ln72 = br void %for.body272.i" [kalman_hls/kalman.cpp:72]   --->   Operation 85 'br' 'br_ln72' <Predicate = true> <Delay = 0.00>


============================================================
+ Verbose Summary: Binding
============================================================
STG Binding: 
---------------- STG Properties BEGIN ----------------
- Is combinational: 0
- Is one-state seq: 0
- Is datapath-only: 0
- Is pipelined: 0
- Is top level: 0
Port [ Return ] is wired: 1; IO mode=ap_ctrl_hs:ce=0
Port [ P_prior_V]:  wired=1; compound=1; hidden=0; nouse=0; global=0; static=0; extern=0; dir=0; type=1; pingpong=0; private_global=0; MemPort=[11333333333333333]; IO mode=ap_memory:ce=0
Port [ K_V]:  wired=1; compound=1; hidden=0; nouse=0; global=0; static=0; extern=0; dir=1; type=1; pingpong=0; private_global=0; MemPort=[03]; IO mode=ap_memory:ce=0
Port [ S_inv_V_0_1]:  wired=1; compound=0; hidden=0; nouse=0; global=0; static=0; extern=0; dir=0; type=0; pingpong=0; private_global=0; IO mode=ap_none:ce=0
Port [ S_inv_V_0_0]:  wired=1; compound=0; hidden=0; nouse=0; global=0; static=0; extern=0; dir=0; type=0; pingpong=0; private_global=0; IO mode=ap_none:ce=0
Port [ S_inv_V_1_1]:  wired=1; compound=0; hidden=0; nouse=0; global=0; static=0; extern=0; dir=0; type=0; pingpong=0; private_global=0; IO mode=ap_none:ce=0
Port [ S_inv_V_1_0]:  wired=1; compound=0; hidden=0; nouse=0; global=0; static=0; extern=0; dir=0; type=0; pingpong=0; private_global=0; IO mode=ap_none:ce=0
---------------- STG Properties END ------------------

---------------- Datapath Model BEGIN ----------------

<LifeTime>
<method=bitvector/>
j                      (alloca           ) [ 010000000]
i                      (alloca           ) [ 010000000]
indvar_flatten36       (alloca           ) [ 010000000]
S_inv_V_1_0_read       (read             ) [ 011100000]
S_inv_V_1_1_read       (read             ) [ 011100000]
S_inv_V_0_0_read       (read             ) [ 011100000]
S_inv_V_0_1_read       (read             ) [ 011100000]
store_ln0              (store            ) [ 000000000]
store_ln0              (store            ) [ 000000000]
store_ln0              (store            ) [ 000000000]
br_ln0                 (br               ) [ 000000000]
i_3                    (load             ) [ 000000000]
indvar_flatten36_load  (load             ) [ 000000000]
empty                  (trunc            ) [ 000000000]
tmp_40_cast            (bitconcatenate   ) [ 000000000]
specpipeline_ln0       (specpipeline     ) [ 000000000]
icmp_ln71              (icmp             ) [ 011111110]
add_ln71_1             (add              ) [ 000000000]
br_ln71                (br               ) [ 000000000]
j_load                 (load             ) [ 000000000]
add_ln71               (add              ) [ 000000000]
trunc_ln71             (trunc            ) [ 000000000]
icmp_ln72              (icmp             ) [ 000000000]
select_ln71            (select           ) [ 011111111]
tmp_42_cast            (bitconcatenate   ) [ 000000000]
select_ln71_1          (select           ) [ 011111111]
select_ln71_2          (select           ) [ 000000000]
zext_ln71              (zext             ) [ 000000000]
P_prior_V_addr         (getelementptr    ) [ 011000000]
select_ln71_4          (select           ) [ 000000000]
or_ln71                (or               ) [ 000000000]
select_ln71_3_cast     (zext             ) [ 000000000]
P_prior_V_addr_1       (getelementptr    ) [ 011000000]
trunc_ln1273           (trunc            ) [ 011100000]
add_ln72               (add              ) [ 000000000]
store_ln72             (store            ) [ 000000000]
store_ln72             (store            ) [ 000000000]
store_ln72             (store            ) [ 000000000]
P_prior_V_load         (load             ) [ 010100000]
P_prior_V_load_1       (load             ) [ 010100000]
shl_ln1273_cast_mid2_v (bitconcatenate   ) [ 000000000]
sext_ln71              (sext             ) [ 010011110]
sext_ln72_mid2_v       (bitconcatenate   ) [ 000000000]
sext_ln71_1            (sext             ) [ 010011110]
select_ln1273          (select           ) [ 000000000]
sext_ln1273            (sext             ) [ 010011110]
select_ln1273_1        (select           ) [ 000000000]
sext_ln1273_2          (sext             ) [ 010011110]
mul_ln1273             (mul              ) [ 000000000]
mul_ln1273_2           (mul              ) [ 010000001]
tmp_s                  (partselect       ) [ 010000001]
specloopname_ln0       (specloopname     ) [ 000000000]
empty_30               (speclooptripcount) [ 000000000]
shl_ln73               (shl              ) [ 000000000]
specpipeline_ln0       (specpipeline     ) [ 000000000]
zext_ln73              (zext             ) [ 000000000]
add_ln73               (add              ) [ 000000000]
zext_ln73_1            (zext             ) [ 000000000]
K_V_addr               (getelementptr    ) [ 000000000]
specloopname_ln72      (specloopname     ) [ 000000000]
shl_ln838_s            (bitconcatenate   ) [ 000000000]
add_ln1347             (add              ) [ 000000000]
trunc_ln818_2          (partselect       ) [ 000000000]
store_ln1420           (store            ) [ 000000000]
br_ln72                (br               ) [ 000000000]
ret_ln0                (ret              ) [ 000000000]
</LifeTime>

<model>

<comp_list>
<comp id="0" class="1000" name="P_prior_V">
<pin_list>
<pin id="1" dir="1" index="0" bw="1" slack="0"/>
</pin_list>
<bind>
<StgValue><ssdm name="P_prior_V"/><MemPortTyVec>1 1 3 3 3 3 3 3 3 3 3 3 3 3 3 3 3 </MemPortTyVec>
</StgValue>
</bind>
</comp>

<comp id="2" class="1000" name="K_V">
<pin_list>
<pin id="3" dir="1" index="0" bw="1" slack="0"/>
</pin_list>
<bind>
<StgValue><ssdm name="K_V"/><MemPortTyVec>0 3 </MemPortTyVec>
</StgValue>
</bind>
</comp>

<comp id="4" class="1000" name="S_inv_V_0_1">
<pin_list>
<pin id="5" dir="1" index="0" bw="1" slack="0"/>
</pin_list>
<bind>
<StgValue><ssdm name="S_inv_V_0_1"/></StgValue>
</bind>
</comp>

<comp id="6" class="1000" name="S_inv_V_0_0">
<pin_list>
<pin id="7" dir="1" index="0" bw="1" slack="0"/>
</pin_list>
<bind>
<StgValue><ssdm name="S_inv_V_0_0"/></StgValue>
</bind>
</comp>

<comp id="8" class="1000" name="S_inv_V_1_1">
<pin_list>
<pin id="9" dir="1" index="0" bw="1" slack="0"/>
</pin_list>
<bind>
<StgValue><ssdm name="S_inv_V_1_1"/></StgValue>
</bind>
</comp>

<comp id="10" class="1000" name="S_inv_V_1_0">
<pin_list>
<pin id="11" dir="1" index="0" bw="1" slack="0"/>
</pin_list>
<bind>
<StgValue><ssdm name="S_inv_V_1_0"/></StgValue>
</bind>
</comp>

<comp id="12" class="1001" name="const_12">
<pin_list>
<pin id="13" dir="1" index="0" bw="1" slack="0"/>
</pin_list>
<bind>
<StgValue><ssdm name=""/></StgValue>
</bind>
</comp>

<comp id="14" class="1001" name="const_14">
<pin_list>
<pin id="15" dir="1" index="0" bw="1" slack="0"/>
</pin_list>
<bind>
<StgValue><ssdm name="_ssdm_op_Read.ap_auto.i32"/></StgValue>
</bind>
</comp>

<comp id="16" class="1001" name="const_16">
<pin_list>
<pin id="17" dir="1" index="0" bw="1" slack="0"/>
</pin_list>
<bind>
<StgValue><ssdm name=""/></StgValue>
</bind>
</comp>

<comp id="18" class="1001" name="const_18">
<pin_list>
<pin id="19" dir="1" index="0" bw="1" slack="0"/>
</pin_list>
<bind>
<StgValue><ssdm name=""/></StgValue>
</bind>
</comp>

<comp id="20" class="1001" name="const_20">
<pin_list>
<pin id="21" dir="1" index="0" bw="1" slack="0"/>
</pin_list>
<bind>
<StgValue><ssdm name=""/></StgValue>
</bind>
</comp>

<comp id="22" class="1001" name="const_22">
<pin_list>
<pin id="23" dir="1" index="0" bw="1" slack="0"/>
</pin_list>
<bind>
<StgValue><ssdm name="_ssdm_op_BitConcatenate.i4.i2.i2"/></StgValue>
</bind>
</comp>

<comp id="24" class="1001" name="const_24">
<pin_list>
<pin id="25" dir="1" index="0" bw="1" slack="2147483647"/>
</pin_list>
<bind>
<StgValue><ssdm name="_ssdm_op_SpecPipeline"/></StgValue>
</bind>
</comp>

<comp id="26" class="1001" name="const_26">
<pin_list>
<pin id="27" dir="1" index="0" bw="1" slack="2147483647"/>
</pin_list>
<bind>
<StgValue><ssdm name=""/></StgValue>
</bind>
</comp>

<comp id="28" class="1001" name="const_28">
<pin_list>
<pin id="29" dir="1" index="0" bw="1" slack="0"/>
</pin_list>
<bind>
<StgValue><ssdm name=""/></StgValue>
</bind>
</comp>

<comp id="30" class="1001" name="const_30">
<pin_list>
<pin id="31" dir="1" index="0" bw="1" slack="2147483647"/>
</pin_list>
<bind>
<StgValue><ssdm name="p_str"/></StgValue>
</bind>
</comp>

<comp id="32" class="1001" name="const_32">
<pin_list>
<pin id="33" dir="1" index="0" bw="1" slack="0"/>
</pin_list>
<bind>
<StgValue><ssdm name=""/></StgValue>
</bind>
</comp>

<comp id="34" class="1001" name="const_34">
<pin_list>
<pin id="35" dir="1" index="0" bw="1" slack="0"/>
</pin_list>
<bind>
<StgValue><ssdm name=""/></StgValue>
</bind>
</comp>

<comp id="36" class="1001" name="const_36">
<pin_list>
<pin id="37" dir="1" index="0" bw="1" slack="0"/>
</pin_list>
<bind>
<StgValue><ssdm name=""/></StgValue>
</bind>
</comp>

<comp id="38" class="1001" name="const_38">
<pin_list>
<pin id="39" dir="1" index="0" bw="1" slack="0"/>
</pin_list>
<bind>
<StgValue><ssdm name=""/></StgValue>
</bind>
</comp>

<comp id="40" class="1001" name="const_40">
<pin_list>
<pin id="41" dir="1" index="0" bw="1" slack="0"/>
</pin_list>
<bind>
<StgValue><ssdm name=""/></StgValue>
</bind>
</comp>

<comp id="42" class="1001" name="const_42">
<pin_list>
<pin id="43" dir="1" index="0" bw="1" slack="0"/>
</pin_list>
<bind>
<StgValue><ssdm name=""/></StgValue>
</bind>
</comp>

<comp id="44" class="1001" name="const_44">
<pin_list>
<pin id="45" dir="1" index="0" bw="1" slack="0"/>
</pin_list>
<bind>
<StgValue><ssdm name="_ssdm_op_BitConcatenate.i48.i32.i16"/></StgValue>
</bind>
</comp>

<comp id="46" class="1001" name="const_46">
<pin_list>
<pin id="47" dir="1" index="0" bw="1" slack="0"/>
</pin_list>
<bind>
<StgValue><ssdm name=""/></StgValue>
</bind>
</comp>

<comp id="48" class="1001" name="const_48">
<pin_list>
<pin id="49" dir="1" index="0" bw="1" slack="0"/>
</pin_list>
<bind>
<StgValue><ssdm name="_ssdm_op_PartSelect.i32.i64.i32.i32"/></StgValue>
</bind>
</comp>

<comp id="50" class="1001" name="const_50">
<pin_list>
<pin id="51" dir="1" index="0" bw="1" slack="0"/>
</pin_list>
<bind>
<StgValue><ssdm name=""/></StgValue>
</bind>
</comp>

<comp id="52" class="1001" name="const_52">
<pin_list>
<pin id="53" dir="1" index="0" bw="1" slack="0"/>
</pin_list>
<bind>
<StgValue><ssdm name=""/></StgValue>
</bind>
</comp>

<comp id="54" class="1001" name="const_54">
<pin_list>
<pin id="55" dir="1" index="0" bw="1" slack="2147483647"/>
</pin_list>
<bind>
<StgValue><ssdm name="_ssdm_op_SpecLoopName"/></StgValue>
</bind>
</comp>

<comp id="56" class="1001" name="const_56">
<pin_list>
<pin id="57" dir="1" index="0" bw="1" slack="2147483647"/>
</pin_list>
<bind>
<StgValue><ssdm name="VITIS_LOOP_71_13_VITIS_LOOP_72_14_str"/></StgValue>
</bind>
</comp>

<comp id="58" class="1001" name="const_58">
<pin_list>
<pin id="59" dir="1" index="0" bw="1" slack="2147483647"/>
</pin_list>
<bind>
<StgValue><ssdm name="_ssdm_op_SpecLoopTripCount"/></StgValue>
</bind>
</comp>

<comp id="60" class="1001" name="const_60">
<pin_list>
<pin id="61" dir="1" index="0" bw="1" slack="2147483647"/>
</pin_list>
<bind>
<StgValue><ssdm name=""/></StgValue>
</bind>
</comp>

<comp id="62" class="1001" name="const_62">
<pin_list>
<pin id="63" dir="1" index="0" bw="1" slack="2147483647"/>
</pin_list>
<bind>
<StgValue><ssdm name="empty_15"/></StgValue>
</bind>
</comp>

<comp id="64" class="1001" name="const_64">
<pin_list>
<pin id="65" dir="1" index="0" bw="1" slack="0"/>
</pin_list>
<bind>
<StgValue><ssdm name="_ssdm_op_BitConcatenate.i64.i32.i32"/></StgValue>
</bind>
</comp>

<comp id="66" class="1004" name="j_fu_66">
<pin_list>
<pin id="67" dir="0" index="0" bw="1" slack="0"/>
<pin id="68" dir="1" index="1" bw="2" slack="0"/>
</pin_list>
<bind>
<opcode="alloca(26) " fcode="alloca"/>
<opset="j/1 "/>
</bind>
</comp>

<comp id="70" class="1004" name="i_fu_70">
<pin_list>
<pin id="71" dir="0" index="0" bw="1" slack="0"/>
<pin id="72" dir="1" index="1" bw="3" slack="0"/>
</pin_list>
<bind>
<opcode="alloca(26) " fcode="alloca"/>
<opset="i/1 "/>
</bind>
</comp>

<comp id="74" class="1004" name="indvar_flatten36_fu_74">
<pin_list>
<pin id="75" dir="0" index="0" bw="1" slack="0"/>
<pin id="76" dir="1" index="1" bw="4" slack="0"/>
</pin_list>
<bind>
<opcode="alloca(26) " fcode="alloca"/>
<opset="indvar_flatten36/1 "/>
</bind>
</comp>

<comp id="78" class="1004" name="S_inv_V_1_0_read_read_fu_78">
<pin_list>
<pin id="79" dir="0" index="0" bw="32" slack="0"/>
<pin id="80" dir="0" index="1" bw="32" slack="0"/>
<pin id="81" dir="1" index="2" bw="32" slack="2"/>
</pin_list>
<bind>
<opcode="read(1150) " fcode="read"/>
<opset="S_inv_V_1_0_read/1 "/>
</bind>
</comp>

<comp id="84" class="1004" name="S_inv_V_1_1_read_read_fu_84">
<pin_list>
<pin id="85" dir="0" index="0" bw="32" slack="0"/>
<pin id="86" dir="0" index="1" bw="32" slack="0"/>
<pin id="87" dir="1" index="2" bw="32" slack="2"/>
</pin_list>
<bind>
<opcode="read(1150) " fcode="read"/>
<opset="S_inv_V_1_1_read/1 "/>
</bind>
</comp>

<comp id="90" class="1004" name="S_inv_V_0_0_read_read_fu_90">
<pin_list>
<pin id="91" dir="0" index="0" bw="32" slack="0"/>
<pin id="92" dir="0" index="1" bw="32" slack="0"/>
<pin id="93" dir="1" index="2" bw="32" slack="2"/>
</pin_list>
<bind>
<opcode="read(1150) " fcode="read"/>
<opset="S_inv_V_0_0_read/1 "/>
</bind>
</comp>

<comp id="96" class="1004" name="S_inv_V_0_1_read_read_fu_96">
<pin_list>
<pin id="97" dir="0" index="0" bw="32" slack="0"/>
<pin id="98" dir="0" index="1" bw="32" slack="0"/>
<pin id="99" dir="1" index="2" bw="32" slack="2"/>
</pin_list>
<bind>
<opcode="read(1150) " fcode="read"/>
<opset="S_inv_V_0_1_read/1 "/>
</bind>
</comp>

<comp id="102" class="1004" name="P_prior_V_addr_gep_fu_102">
<pin_list>
<pin id="103" dir="0" index="0" bw="32" slack="0"/>
<pin id="104" dir="0" index="1" bw="1" slack="0"/>
<pin id="105" dir="0" index="2" bw="4" slack="0"/>
<pin id="106" dir="1" index="3" bw="4" slack="0"/>
</pin_list>
<bind>
<opcode="getelementptr(29) " fcode="getelementptr"/>
<opset="P_prior_V_addr/1 "/>
</bind>
</comp>

<comp id="109" class="1004" name="grp_access_fu_109">
<pin_list>
<pin id="110" dir="0" index="0" bw="4" slack="0"/>
<pin id="111" dir="0" index="1" bw="32" slack="2147483647"/>
<pin id="112" dir="0" index="2" bw="0" slack="0"/>
<pin id="114" dir="0" index="4" bw="4" slack="2147483647"/>
<pin id="115" dir="0" index="5" bw="32" slack="2147483647"/>
<pin id="116" dir="0" index="6" bw="0" slack="2147483647"/>
<pin id="113" dir="1" index="3" bw="32" slack="1"/>
<pin id="117" dir="1" index="7" bw="32" slack="1"/>
</pin_list>
<bind>
<opcode="load(27) " fcode="load"/>
<opset="P_prior_V_load/1 P_prior_V_load_1/1 "/>
</bind>
</comp>

<comp id="119" class="1004" name="P_prior_V_addr_1_gep_fu_119">
<pin_list>
<pin id="120" dir="0" index="0" bw="32" slack="0"/>
<pin id="121" dir="0" index="1" bw="1" slack="0"/>
<pin id="122" dir="0" index="2" bw="4" slack="0"/>
<pin id="123" dir="1" index="3" bw="4" slack="0"/>
</pin_list>
<bind>
<opcode="getelementptr(29) " fcode="getelementptr"/>
<opset="P_prior_V_addr_1/1 "/>
</bind>
</comp>

<comp id="127" class="1004" name="K_V_addr_gep_fu_127">
<pin_list>
<pin id="128" dir="0" index="0" bw="32" slack="0"/>
<pin id="129" dir="0" index="1" bw="1" slack="0"/>
<pin id="130" dir="0" index="2" bw="3" slack="0"/>
<pin id="131" dir="1" index="3" bw="3" slack="0"/>
</pin_list>
<bind>
<opcode="getelementptr(29) " fcode="getelementptr"/>
<opset="K_V_addr/8 "/>
</bind>
</comp>

<comp id="134" class="1004" name="store_ln1420_access_fu_134">
<pin_list>
<pin id="135" dir="0" index="0" bw="3" slack="0"/>
<pin id="136" dir="0" index="1" bw="32" slack="0"/>
<pin id="137" dir="0" index="2" bw="0" slack="2147483647"/>
<pin id="138" dir="1" index="3" bw="32" slack="2147483647"/>
</pin_list>
<bind>
<opcode="store(28) " fcode="store"/>
<opset="store_ln1420/8 "/>
</bind>
</comp>

<comp id="140" class="1004" name="store_ln0_store_fu_140">
<pin_list>
<pin id="141" dir="0" index="0" bw="1" slack="0"/>
<pin id="142" dir="0" index="1" bw="4" slack="0"/>
<pin id="143" dir="1" index="2" bw="0" slack="2147483647"/>
</pin_list>
<bind>
<opcode="store(28) " fcode="store"/>
<opset="store_ln0/1 "/>
</bind>
</comp>

<comp id="145" class="1004" name="store_ln0_store_fu_145">
<pin_list>
<pin id="146" dir="0" index="0" bw="1" slack="0"/>
<pin id="147" dir="0" index="1" bw="3" slack="0"/>
<pin id="148" dir="1" index="2" bw="0" slack="2147483647"/>
</pin_list>
<bind>
<opcode="store(28) " fcode="store"/>
<opset="store_ln0/1 "/>
</bind>
</comp>

<comp id="150" class="1004" name="store_ln0_store_fu_150">
<pin_list>
<pin id="151" dir="0" index="0" bw="1" slack="0"/>
<pin id="152" dir="0" index="1" bw="2" slack="0"/>
<pin id="153" dir="1" index="2" bw="0" slack="2147483647"/>
</pin_list>
<bind>
<opcode="store(28) " fcode="store"/>
<opset="store_ln0/1 "/>
</bind>
</comp>

<comp id="155" class="1004" name="i_3_load_fu_155">
<pin_list>
<pin id="156" dir="0" index="0" bw="3" slack="0"/>
<pin id="157" dir="1" index="1" bw="3" slack="0"/>
</pin_list>
<bind>
<opcode="load(27) " fcode="load"/>
<opset="i_3/1 "/>
</bind>
</comp>

<comp id="158" class="1004" name="indvar_flatten36_load_load_fu_158">
<pin_list>
<pin id="159" dir="0" index="0" bw="4" slack="0"/>
<pin id="160" dir="1" index="1" bw="4" slack="0"/>
</pin_list>
<bind>
<opcode="load(27) " fcode="load"/>
<opset="indvar_flatten36_load/1 "/>
</bind>
</comp>

<comp id="161" class="1004" name="empty_fu_161">
<pin_list>
<pin id="162" dir="0" index="0" bw="3" slack="0"/>
<pin id="163" dir="1" index="1" bw="2" slack="0"/>
</pin_list>
<bind>
<opcode="trunc(33) " fcode="trunc"/>
<opset="empty/1 "/>
</bind>
</comp>

<comp id="165" class="1004" name="tmp_40_cast_fu_165">
<pin_list>
<pin id="166" dir="0" index="0" bw="4" slack="0"/>
<pin id="167" dir="0" index="1" bw="2" slack="0"/>
<pin id="168" dir="0" index="2" bw="1" slack="0"/>
<pin id="169" dir="1" index="3" bw="4" slack="0"/>
</pin_list>
<bind>
<opcode="bitconcatenate(1004) " fcode="bitconcatenate"/>
<opset="tmp_40_cast/1 "/>
</bind>
</comp>

<comp id="173" class="1004" name="icmp_ln71_fu_173">
<pin_list>
<pin id="174" dir="0" index="0" bw="4" slack="0"/>
<pin id="175" dir="0" index="1" bw="4" slack="0"/>
<pin id="176" dir="1" index="2" bw="1" slack="6"/>
</pin_list>
<bind>
<opcode="icmp(45) " fcode="icmp"/>
<opset="icmp_ln71/1 "/>
</bind>
</comp>

<comp id="179" class="1004" name="add_ln71_1_fu_179">
<pin_list>
<pin id="180" dir="0" index="0" bw="4" slack="0"/>
<pin id="181" dir="0" index="1" bw="1" slack="0"/>
<pin id="182" dir="1" index="2" bw="4" slack="0"/>
</pin_list>
<bind>
<opcode="add(8) " fcode="add"/>
<opset="add_ln71_1/1 "/>
</bind>
</comp>

<comp id="185" class="1004" name="j_load_load_fu_185">
<pin_list>
<pin id="186" dir="0" index="0" bw="2" slack="0"/>
<pin id="187" dir="1" index="1" bw="2" slack="0"/>
</pin_list>
<bind>
<opcode="load(27) " fcode="load"/>
<opset="j_load/1 "/>
</bind>
</comp>

<comp id="188" class="1004" name="add_ln71_fu_188">
<pin_list>
<pin id="189" dir="0" index="0" bw="3" slack="0"/>
<pin id="190" dir="0" index="1" bw="1" slack="0"/>
<pin id="191" dir="1" index="2" bw="3" slack="0"/>
</pin_list>
<bind>
<opcode="add(8) " fcode="add"/>
<opset="add_ln71/1 "/>
</bind>
</comp>

<comp id="194" class="1004" name="trunc_ln71_fu_194">
<pin_list>
<pin id="195" dir="0" index="0" bw="3" slack="0"/>
<pin id="196" dir="1" index="1" bw="2" slack="0"/>
</pin_list>
<bind>
<opcode="trunc(33) " fcode="trunc"/>
<opset="trunc_ln71/1 "/>
</bind>
</comp>

<comp id="198" class="1004" name="icmp_ln72_fu_198">
<pin_list>
<pin id="199" dir="0" index="0" bw="2" slack="0"/>
<pin id="200" dir="0" index="1" bw="2" slack="0"/>
<pin id="201" dir="1" index="2" bw="1" slack="0"/>
</pin_list>
<bind>
<opcode="icmp(45) " fcode="icmp"/>
<opset="icmp_ln72/1 "/>
</bind>
</comp>

<comp id="204" class="1004" name="select_ln71_fu_204">
<pin_list>
<pin id="205" dir="0" index="0" bw="1" slack="0"/>
<pin id="206" dir="0" index="1" bw="1" slack="0"/>
<pin id="207" dir="0" index="2" bw="2" slack="0"/>
<pin id="208" dir="1" index="3" bw="2" slack="0"/>
</pin_list>
<bind>
<opcode="select(49) " fcode="select"/>
<opset="select_ln71/1 "/>
</bind>
</comp>

<comp id="212" class="1004" name="tmp_42_cast_fu_212">
<pin_list>
<pin id="213" dir="0" index="0" bw="4" slack="0"/>
<pin id="214" dir="0" index="1" bw="2" slack="0"/>
<pin id="215" dir="0" index="2" bw="1" slack="0"/>
<pin id="216" dir="1" index="3" bw="4" slack="0"/>
</pin_list>
<bind>
<opcode="bitconcatenate(1004) " fcode="bitconcatenate"/>
<opset="tmp_42_cast/1 "/>
</bind>
</comp>

<comp id="220" class="1004" name="select_ln71_1_fu_220">
<pin_list>
<pin id="221" dir="0" index="0" bw="1" slack="0"/>
<pin id="222" dir="0" index="1" bw="3" slack="0"/>
<pin id="223" dir="0" index="2" bw="3" slack="0"/>
<pin id="224" dir="1" index="3" bw="3" slack="0"/>
</pin_list>
<bind>
<opcode="select(49) " fcode="select"/>
<opset="select_ln71_1/1 "/>
</bind>
</comp>

<comp id="228" class="1004" name="select_ln71_2_fu_228">
<pin_list>
<pin id="229" dir="0" index="0" bw="1" slack="0"/>
<pin id="230" dir="0" index="1" bw="4" slack="0"/>
<pin id="231" dir="0" index="2" bw="4" slack="0"/>
<pin id="232" dir="1" index="3" bw="4" slack="0"/>
</pin_list>
<bind>
<opcode="select(49) " fcode="select"/>
<opset="select_ln71_2/1 "/>
</bind>
</comp>

<comp id="236" class="1004" name="zext_ln71_fu_236">
<pin_list>
<pin id="237" dir="0" index="0" bw="4" slack="0"/>
<pin id="238" dir="1" index="1" bw="64" slack="0"/>
</pin_list>
<bind>
<opcode="zext(34) " fcode="zext"/>
<opset="zext_ln71/1 "/>
</bind>
</comp>

<comp id="241" class="1004" name="select_ln71_4_fu_241">
<pin_list>
<pin id="242" dir="0" index="0" bw="1" slack="0"/>
<pin id="243" dir="0" index="1" bw="4" slack="0"/>
<pin id="244" dir="0" index="2" bw="4" slack="0"/>
<pin id="245" dir="1" index="3" bw="4" slack="0"/>
</pin_list>
<bind>
<opcode="select(49) " fcode="select"/>
<opset="select_ln71_4/1 "/>
</bind>
</comp>

<comp id="249" class="1004" name="or_ln71_fu_249">
<pin_list>
<pin id="250" dir="0" index="0" bw="4" slack="0"/>
<pin id="251" dir="0" index="1" bw="1" slack="0"/>
<pin id="252" dir="1" index="2" bw="4" slack="0"/>
</pin_list>
<bind>
<opcode="or(24) " fcode="or"/>
<opset="or_ln71/1 "/>
</bind>
</comp>

<comp id="255" class="1004" name="select_ln71_3_cast_fu_255">
<pin_list>
<pin id="256" dir="0" index="0" bw="4" slack="0"/>
<pin id="257" dir="1" index="1" bw="64" slack="0"/>
</pin_list>
<bind>
<opcode="zext(34) " fcode="zext"/>
<opset="select_ln71_3_cast/1 "/>
</bind>
</comp>

<comp id="260" class="1004" name="trunc_ln1273_fu_260">
<pin_list>
<pin id="261" dir="0" index="0" bw="2" slack="0"/>
<pin id="262" dir="1" index="1" bw="1" slack="2"/>
</pin_list>
<bind>
<opcode="trunc(33) " fcode="trunc"/>
<opset="trunc_ln1273/1 "/>
</bind>
</comp>

<comp id="264" class="1004" name="add_ln72_fu_264">
<pin_list>
<pin id="265" dir="0" index="0" bw="2" slack="0"/>
<pin id="266" dir="0" index="1" bw="1" slack="0"/>
<pin id="267" dir="1" index="2" bw="2" slack="0"/>
</pin_list>
<bind>
<opcode="add(8) " fcode="add"/>
<opset="add_ln72/1 "/>
</bind>
</comp>

<comp id="270" class="1004" name="store_ln72_store_fu_270">
<pin_list>
<pin id="271" dir="0" index="0" bw="4" slack="0"/>
<pin id="272" dir="0" index="1" bw="4" slack="0"/>
<pin id="273" dir="1" index="2" bw="0" slack="2147483647"/>
</pin_list>
<bind>
<opcode="store(28) " fcode="store"/>
<opset="store_ln72/1 "/>
</bind>
</comp>

<comp id="275" class="1004" name="store_ln72_store_fu_275">
<pin_list>
<pin id="276" dir="0" index="0" bw="3" slack="0"/>
<pin id="277" dir="0" index="1" bw="3" slack="0"/>
<pin id="278" dir="1" index="2" bw="0" slack="2147483647"/>
</pin_list>
<bind>
<opcode="store(28) " fcode="store"/>
<opset="store_ln72/1 "/>
</bind>
</comp>

<comp id="280" class="1004" name="store_ln72_store_fu_280">
<pin_list>
<pin id="281" dir="0" index="0" bw="2" slack="0"/>
<pin id="282" dir="0" index="1" bw="2" slack="0"/>
<pin id="283" dir="1" index="2" bw="0" slack="2147483647"/>
</pin_list>
<bind>
<opcode="store(28) " fcode="store"/>
<opset="store_ln72/1 "/>
</bind>
</comp>

<comp id="285" class="1004" name="shl_ln1273_cast_mid2_v_fu_285">
<pin_list>
<pin id="286" dir="0" index="0" bw="48" slack="0"/>
<pin id="287" dir="0" index="1" bw="32" slack="1"/>
<pin id="288" dir="0" index="2" bw="1" slack="0"/>
<pin id="289" dir="1" index="3" bw="48" slack="0"/>
</pin_list>
<bind>
<opcode="bitconcatenate(1004) " fcode="bitconcatenate"/>
<opset="shl_ln1273_cast_mid2_v/3 "/>
</bind>
</comp>

<comp id="292" class="1004" name="sext_ln71_fu_292">
<pin_list>
<pin id="293" dir="0" index="0" bw="48" slack="0"/>
<pin id="294" dir="1" index="1" bw="64" slack="0"/>
</pin_list>
<bind>
<opcode="sext(35) " fcode="sext"/>
<opset="sext_ln71/3 "/>
</bind>
</comp>

<comp id="296" class="1004" name="sext_ln72_mid2_v_fu_296">
<pin_list>
<pin id="297" dir="0" index="0" bw="48" slack="0"/>
<pin id="298" dir="0" index="1" bw="32" slack="1"/>
<pin id="299" dir="0" index="2" bw="1" slack="0"/>
<pin id="300" dir="1" index="3" bw="48" slack="0"/>
</pin_list>
<bind>
<opcode="bitconcatenate(1004) " fcode="bitconcatenate"/>
<opset="sext_ln72_mid2_v/3 "/>
</bind>
</comp>

<comp id="303" class="1004" name="sext_ln71_1_fu_303">
<pin_list>
<pin id="304" dir="0" index="0" bw="48" slack="0"/>
<pin id="305" dir="1" index="1" bw="64" slack="0"/>
</pin_list>
<bind>
<opcode="sext(35) " fcode="sext"/>
<opset="sext_ln71_1/3 "/>
</bind>
</comp>

<comp id="307" class="1004" name="select_ln1273_fu_307">
<pin_list>
<pin id="308" dir="0" index="0" bw="1" slack="2"/>
<pin id="309" dir="0" index="1" bw="32" slack="2"/>
<pin id="310" dir="0" index="2" bw="32" slack="2"/>
<pin id="311" dir="1" index="3" bw="32" slack="0"/>
</pin_list>
<bind>
<opcode="select(49) " fcode="select"/>
<opset="select_ln1273/3 "/>
</bind>
</comp>

<comp id="312" class="1004" name="sext_ln1273_fu_312">
<pin_list>
<pin id="313" dir="0" index="0" bw="32" slack="0"/>
<pin id="314" dir="1" index="1" bw="64" slack="0"/>
</pin_list>
<bind>
<opcode="sext(35) " fcode="sext"/>
<opset="sext_ln1273/3 "/>
</bind>
</comp>

<comp id="316" class="1004" name="grp_fu_316">
<pin_list>
<pin id="317" dir="0" index="0" bw="48" slack="0"/>
<pin id="318" dir="0" index="1" bw="32" slack="0"/>
<pin id="319" dir="1" index="2" bw="64" slack="0"/>
</pin_list>
<bind>
<opcode="mul(12) " fcode="mul"/>
<opset="mul_ln1273/3 "/>
</bind>
</comp>

<comp id="322" class="1004" name="select_ln1273_1_fu_322">
<pin_list>
<pin id="323" dir="0" index="0" bw="1" slack="2"/>
<pin id="324" dir="0" index="1" bw="32" slack="2"/>
<pin id="325" dir="0" index="2" bw="32" slack="2"/>
<pin id="326" dir="1" index="3" bw="32" slack="0"/>
</pin_list>
<bind>
<opcode="select(49) " fcode="select"/>
<opset="select_ln1273_1/3 "/>
</bind>
</comp>

<comp id="327" class="1004" name="sext_ln1273_2_fu_327">
<pin_list>
<pin id="328" dir="0" index="0" bw="32" slack="0"/>
<pin id="329" dir="1" index="1" bw="64" slack="0"/>
</pin_list>
<bind>
<opcode="sext(35) " fcode="sext"/>
<opset="sext_ln1273_2/3 "/>
</bind>
</comp>

<comp id="331" class="1004" name="grp_fu_331">
<pin_list>
<pin id="332" dir="0" index="0" bw="48" slack="0"/>
<pin id="333" dir="0" index="1" bw="32" slack="0"/>
<pin id="334" dir="1" index="2" bw="64" slack="1"/>
</pin_list>
<bind>
<opcode="mul(12) " fcode="mul"/>
<opset="mul_ln1273_2/3 "/>
</bind>
</comp>

<comp id="337" class="1004" name="tmp_s_fu_337">
<pin_list>
<pin id="338" dir="0" index="0" bw="32" slack="0"/>
<pin id="339" dir="0" index="1" bw="64" slack="0"/>
<pin id="340" dir="0" index="2" bw="7" slack="0"/>
<pin id="341" dir="0" index="3" bw="7" slack="0"/>
<pin id="342" dir="1" index="4" bw="32" slack="1"/>
</pin_list>
<bind>
<opcode="partselect(1002) " fcode="partselect"/>
<opset="tmp_s/7 "/>
</bind>
</comp>

<comp id="347" class="1004" name="shl_ln73_fu_347">
<pin_list>
<pin id="348" dir="0" index="0" bw="3" slack="7"/>
<pin id="349" dir="0" index="1" bw="1" slack="0"/>
<pin id="350" dir="1" index="2" bw="3" slack="0"/>
</pin_list>
<bind>
<opcode="shl(20) " fcode="shl"/>
<opset="shl_ln73/8 "/>
</bind>
</comp>

<comp id="352" class="1004" name="zext_ln73_fu_352">
<pin_list>
<pin id="353" dir="0" index="0" bw="2" slack="7"/>
<pin id="354" dir="1" index="1" bw="3" slack="0"/>
</pin_list>
<bind>
<opcode="zext(34) " fcode="zext"/>
<opset="zext_ln73/8 "/>
</bind>
</comp>

<comp id="355" class="1004" name="add_ln73_fu_355">
<pin_list>
<pin id="356" dir="0" index="0" bw="3" slack="0"/>
<pin id="357" dir="0" index="1" bw="2" slack="0"/>
<pin id="358" dir="1" index="2" bw="3" slack="0"/>
</pin_list>
<bind>
<opcode="add(8) " fcode="add"/>
<opset="add_ln73/8 "/>
</bind>
</comp>

<comp id="361" class="1004" name="zext_ln73_1_fu_361">
<pin_list>
<pin id="362" dir="0" index="0" bw="3" slack="0"/>
<pin id="363" dir="1" index="1" bw="64" slack="0"/>
</pin_list>
<bind>
<opcode="zext(34) " fcode="zext"/>
<opset="zext_ln73_1/8 "/>
</bind>
</comp>

<comp id="366" class="1004" name="shl_ln838_s_fu_366">
<pin_list>
<pin id="367" dir="0" index="0" bw="64" slack="0"/>
<pin id="368" dir="0" index="1" bw="32" slack="1"/>
<pin id="369" dir="0" index="2" bw="1" slack="0"/>
<pin id="370" dir="1" index="3" bw="64" slack="0"/>
</pin_list>
<bind>
<opcode="bitconcatenate(1004) " fcode="bitconcatenate"/>
<opset="shl_ln838_s/8 "/>
</bind>
</comp>

<comp id="373" class="1004" name="add_ln1347_fu_373">
<pin_list>
<pin id="374" dir="0" index="0" bw="64" slack="0"/>
<pin id="375" dir="0" index="1" bw="64" slack="1"/>
<pin id="376" dir="1" index="2" bw="64" slack="0"/>
</pin_list>
<bind>
<opcode="add(8) " fcode="add"/>
<opset="add_ln1347/8 "/>
</bind>
</comp>

<comp id="378" class="1004" name="trunc_ln818_2_fu_378">
<pin_list>
<pin id="379" dir="0" index="0" bw="32" slack="0"/>
<pin id="380" dir="0" index="1" bw="64" slack="0"/>
<pin id="381" dir="0" index="2" bw="7" slack="0"/>
<pin id="382" dir="0" index="3" bw="7" slack="0"/>
<pin id="383" dir="1" index="4" bw="32" slack="0"/>
</pin_list>
<bind>
<opcode="partselect(1002) " fcode="partselect"/>
<opset="trunc_ln818_2/8 "/>
</bind>
</comp>

<comp id="389" class="1005" name="j_reg_389">
<pin_list>
<pin id="390" dir="0" index="0" bw="2" slack="0"/>
<pin id="391" dir="1" index="1" bw="2" slack="0"/>
</pin_list>
<bind>
<opset="j "/>
</bind>
</comp>

<comp id="396" class="1005" name="i_reg_396">
<pin_list>
<pin id="397" dir="0" index="0" bw="3" slack="0"/>
<pin id="398" dir="1" index="1" bw="3" slack="0"/>
</pin_list>
<bind>
<opset="i "/>
</bind>
</comp>

<comp id="403" class="1005" name="indvar_flatten36_reg_403">
<pin_list>
<pin id="404" dir="0" index="0" bw="4" slack="0"/>
<pin id="405" dir="1" index="1" bw="4" slack="0"/>
</pin_list>
<bind>
<opset="indvar_flatten36 "/>
</bind>
</comp>

<comp id="410" class="1005" name="S_inv_V_1_0_read_reg_410">
<pin_list>
<pin id="411" dir="0" index="0" bw="32" slack="2"/>
<pin id="412" dir="1" index="1" bw="32" slack="2"/>
</pin_list>
<bind>
<opset="S_inv_V_1_0_read "/>
</bind>
</comp>

<comp id="415" class="1005" name="S_inv_V_1_1_read_reg_415">
<pin_list>
<pin id="416" dir="0" index="0" bw="32" slack="2"/>
<pin id="417" dir="1" index="1" bw="32" slack="2"/>
</pin_list>
<bind>
<opset="S_inv_V_1_1_read "/>
</bind>
</comp>

<comp id="420" class="1005" name="S_inv_V_0_0_read_reg_420">
<pin_list>
<pin id="421" dir="0" index="0" bw="32" slack="2"/>
<pin id="422" dir="1" index="1" bw="32" slack="2"/>
</pin_list>
<bind>
<opset="S_inv_V_0_0_read "/>
</bind>
</comp>

<comp id="425" class="1005" name="S_inv_V_0_1_read_reg_425">
<pin_list>
<pin id="426" dir="0" index="0" bw="32" slack="2"/>
<pin id="427" dir="1" index="1" bw="32" slack="2"/>
</pin_list>
<bind>
<opset="S_inv_V_0_1_read "/>
</bind>
</comp>

<comp id="430" class="1005" name="icmp_ln71_reg_430">
<pin_list>
<pin id="431" dir="0" index="0" bw="1" slack="6"/>
<pin id="432" dir="1" index="1" bw="1" slack="2147483647"/>
</pin_list>
<bind>
<opset="icmp_ln71 "/>
</bind>
</comp>

<comp id="434" class="1005" name="select_ln71_reg_434">
<pin_list>
<pin id="435" dir="0" index="0" bw="2" slack="7"/>
<pin id="436" dir="1" index="1" bw="2" slack="7"/>
</pin_list>
<bind>
<opset="select_ln71 "/>
</bind>
</comp>

<comp id="439" class="1005" name="select_ln71_1_reg_439">
<pin_list>
<pin id="440" dir="0" index="0" bw="3" slack="7"/>
<pin id="441" dir="1" index="1" bw="3" slack="7"/>
</pin_list>
<bind>
<opset="select_ln71_1 "/>
</bind>
</comp>

<comp id="444" class="1005" name="P_prior_V_addr_reg_444">
<pin_list>
<pin id="445" dir="0" index="0" bw="4" slack="1"/>
<pin id="446" dir="1" index="1" bw="4" slack="1"/>
</pin_list>
<bind>
<opset="P_prior_V_addr "/>
</bind>
</comp>

<comp id="449" class="1005" name="P_prior_V_addr_1_reg_449">
<pin_list>
<pin id="450" dir="0" index="0" bw="4" slack="1"/>
<pin id="451" dir="1" index="1" bw="4" slack="1"/>
</pin_list>
<bind>
<opset="P_prior_V_addr_1 "/>
</bind>
</comp>

<comp id="454" class="1005" name="trunc_ln1273_reg_454">
<pin_list>
<pin id="455" dir="0" index="0" bw="1" slack="2"/>
<pin id="456" dir="1" index="1" bw="1" slack="2"/>
</pin_list>
<bind>
<opset="trunc_ln1273 "/>
</bind>
</comp>

<comp id="460" class="1005" name="P_prior_V_load_reg_460">
<pin_list>
<pin id="461" dir="0" index="0" bw="32" slack="1"/>
<pin id="462" dir="1" index="1" bw="32" slack="1"/>
</pin_list>
<bind>
<opset="P_prior_V_load "/>
</bind>
</comp>

<comp id="465" class="1005" name="P_prior_V_load_1_reg_465">
<pin_list>
<pin id="466" dir="0" index="0" bw="32" slack="1"/>
<pin id="467" dir="1" index="1" bw="32" slack="1"/>
</pin_list>
<bind>
<opset="P_prior_V_load_1 "/>
</bind>
</comp>

<comp id="470" class="1005" name="sext_ln71_reg_470">
<pin_list>
<pin id="471" dir="0" index="0" bw="64" slack="1"/>
<pin id="472" dir="1" index="1" bw="64" slack="1"/>
</pin_list>
<bind>
<opset="sext_ln71 "/>
</bind>
</comp>

<comp id="475" class="1005" name="sext_ln71_1_reg_475">
<pin_list>
<pin id="476" dir="0" index="0" bw="64" slack="1"/>
<pin id="477" dir="1" index="1" bw="64" slack="1"/>
</pin_list>
<bind>
<opset="sext_ln71_1 "/>
</bind>
</comp>

<comp id="480" class="1005" name="sext_ln1273_reg_480">
<pin_list>
<pin id="481" dir="0" index="0" bw="64" slack="1"/>
<pin id="482" dir="1" index="1" bw="64" slack="1"/>
</pin_list>
<bind>
<opset="sext_ln1273 "/>
</bind>
</comp>

<comp id="485" class="1005" name="sext_ln1273_2_reg_485">
<pin_list>
<pin id="486" dir="0" index="0" bw="64" slack="1"/>
<pin id="487" dir="1" index="1" bw="64" slack="1"/>
</pin_list>
<bind>
<opset="sext_ln1273_2 "/>
</bind>
</comp>

<comp id="490" class="1005" name="mul_ln1273_2_reg_490">
<pin_list>
<pin id="491" dir="0" index="0" bw="64" slack="1"/>
<pin id="492" dir="1" index="1" bw="64" slack="1"/>
</pin_list>
<bind>
<opset="mul_ln1273_2 "/>
</bind>
</comp>

<comp id="495" class="1005" name="tmp_s_reg_495">
<pin_list>
<pin id="496" dir="0" index="0" bw="32" slack="1"/>
<pin id="497" dir="1" index="1" bw="32" slack="1"/>
</pin_list>
<bind>
<opset="tmp_s "/>
</bind>
</comp>

</comp_list>

<net_list>
<net id="69"><net_src comp="12" pin="0"/><net_sink comp="66" pin=0"/></net>

<net id="73"><net_src comp="12" pin="0"/><net_sink comp="70" pin=0"/></net>

<net id="77"><net_src comp="12" pin="0"/><net_sink comp="74" pin=0"/></net>

<net id="82"><net_src comp="14" pin="0"/><net_sink comp="78" pin=0"/></net>

<net id="83"><net_src comp="10" pin="0"/><net_sink comp="78" pin=1"/></net>

<net id="88"><net_src comp="14" pin="0"/><net_sink comp="84" pin=0"/></net>

<net id="89"><net_src comp="8" pin="0"/><net_sink comp="84" pin=1"/></net>

<net id="94"><net_src comp="14" pin="0"/><net_sink comp="90" pin=0"/></net>

<net id="95"><net_src comp="6" pin="0"/><net_sink comp="90" pin=1"/></net>

<net id="100"><net_src comp="14" pin="0"/><net_sink comp="96" pin=0"/></net>

<net id="101"><net_src comp="4" pin="0"/><net_sink comp="96" pin=1"/></net>

<net id="107"><net_src comp="0" pin="0"/><net_sink comp="102" pin=0"/></net>

<net id="108"><net_src comp="40" pin="0"/><net_sink comp="102" pin=1"/></net>

<net id="118"><net_src comp="102" pin="3"/><net_sink comp="109" pin=2"/></net>

<net id="124"><net_src comp="0" pin="0"/><net_sink comp="119" pin=0"/></net>

<net id="125"><net_src comp="40" pin="0"/><net_sink comp="119" pin=1"/></net>

<net id="126"><net_src comp="119" pin="3"/><net_sink comp="109" pin=0"/></net>

<net id="132"><net_src comp="2" pin="0"/><net_sink comp="127" pin=0"/></net>

<net id="133"><net_src comp="40" pin="0"/><net_sink comp="127" pin=1"/></net>

<net id="139"><net_src comp="127" pin="3"/><net_sink comp="134" pin=0"/></net>

<net id="144"><net_src comp="16" pin="0"/><net_sink comp="140" pin=0"/></net>

<net id="149"><net_src comp="18" pin="0"/><net_sink comp="145" pin=0"/></net>

<net id="154"><net_src comp="20" pin="0"/><net_sink comp="150" pin=0"/></net>

<net id="164"><net_src comp="155" pin="1"/><net_sink comp="161" pin=0"/></net>

<net id="170"><net_src comp="22" pin="0"/><net_sink comp="165" pin=0"/></net>

<net id="171"><net_src comp="161" pin="1"/><net_sink comp="165" pin=1"/></net>

<net id="172"><net_src comp="20" pin="0"/><net_sink comp="165" pin=2"/></net>

<net id="177"><net_src comp="158" pin="1"/><net_sink comp="173" pin=0"/></net>

<net id="178"><net_src comp="32" pin="0"/><net_sink comp="173" pin=1"/></net>

<net id="183"><net_src comp="158" pin="1"/><net_sink comp="179" pin=0"/></net>

<net id="184"><net_src comp="34" pin="0"/><net_sink comp="179" pin=1"/></net>

<net id="192"><net_src comp="155" pin="1"/><net_sink comp="188" pin=0"/></net>

<net id="193"><net_src comp="36" pin="0"/><net_sink comp="188" pin=1"/></net>

<net id="197"><net_src comp="188" pin="2"/><net_sink comp="194" pin=0"/></net>

<net id="202"><net_src comp="185" pin="1"/><net_sink comp="198" pin=0"/></net>

<net id="203"><net_src comp="38" pin="0"/><net_sink comp="198" pin=1"/></net>

<net id="209"><net_src comp="198" pin="2"/><net_sink comp="204" pin=0"/></net>

<net id="210"><net_src comp="20" pin="0"/><net_sink comp="204" pin=1"/></net>

<net id="211"><net_src comp="185" pin="1"/><net_sink comp="204" pin=2"/></net>

<net id="217"><net_src comp="22" pin="0"/><net_sink comp="212" pin=0"/></net>

<net id="218"><net_src comp="194" pin="1"/><net_sink comp="212" pin=1"/></net>

<net id="219"><net_src comp="20" pin="0"/><net_sink comp="212" pin=2"/></net>

<net id="225"><net_src comp="198" pin="2"/><net_sink comp="220" pin=0"/></net>

<net id="226"><net_src comp="188" pin="2"/><net_sink comp="220" pin=1"/></net>

<net id="227"><net_src comp="155" pin="1"/><net_sink comp="220" pin=2"/></net>

<net id="233"><net_src comp="198" pin="2"/><net_sink comp="228" pin=0"/></net>

<net id="234"><net_src comp="212" pin="3"/><net_sink comp="228" pin=1"/></net>

<net id="235"><net_src comp="165" pin="3"/><net_sink comp="228" pin=2"/></net>

<net id="239"><net_src comp="228" pin="3"/><net_sink comp="236" pin=0"/></net>

<net id="240"><net_src comp="236" pin="1"/><net_sink comp="102" pin=2"/></net>

<net id="246"><net_src comp="198" pin="2"/><net_sink comp="241" pin=0"/></net>

<net id="247"><net_src comp="212" pin="3"/><net_sink comp="241" pin=1"/></net>

<net id="248"><net_src comp="165" pin="3"/><net_sink comp="241" pin=2"/></net>

<net id="253"><net_src comp="241" pin="3"/><net_sink comp="249" pin=0"/></net>

<net id="254"><net_src comp="34" pin="0"/><net_sink comp="249" pin=1"/></net>

<net id="258"><net_src comp="249" pin="2"/><net_sink comp="255" pin=0"/></net>

<net id="259"><net_src comp="255" pin="1"/><net_sink comp="119" pin=2"/></net>

<net id="263"><net_src comp="204" pin="3"/><net_sink comp="260" pin=0"/></net>

<net id="268"><net_src comp="204" pin="3"/><net_sink comp="264" pin=0"/></net>

<net id="269"><net_src comp="42" pin="0"/><net_sink comp="264" pin=1"/></net>

<net id="274"><net_src comp="179" pin="2"/><net_sink comp="270" pin=0"/></net>

<net id="279"><net_src comp="220" pin="3"/><net_sink comp="275" pin=0"/></net>

<net id="284"><net_src comp="264" pin="2"/><net_sink comp="280" pin=0"/></net>

<net id="290"><net_src comp="44" pin="0"/><net_sink comp="285" pin=0"/></net>

<net id="291"><net_src comp="46" pin="0"/><net_sink comp="285" pin=2"/></net>

<net id="295"><net_src comp="285" pin="3"/><net_sink comp="292" pin=0"/></net>

<net id="301"><net_src comp="44" pin="0"/><net_sink comp="296" pin=0"/></net>

<net id="302"><net_src comp="46" pin="0"/><net_sink comp="296" pin=2"/></net>

<net id="306"><net_src comp="296" pin="3"/><net_sink comp="303" pin=0"/></net>

<net id="315"><net_src comp="307" pin="3"/><net_sink comp="312" pin=0"/></net>

<net id="320"><net_src comp="292" pin="1"/><net_sink comp="316" pin=0"/></net>

<net id="321"><net_src comp="312" pin="1"/><net_sink comp="316" pin=1"/></net>

<net id="330"><net_src comp="322" pin="3"/><net_sink comp="327" pin=0"/></net>

<net id="335"><net_src comp="303" pin="1"/><net_sink comp="331" pin=0"/></net>

<net id="336"><net_src comp="327" pin="1"/><net_sink comp="331" pin=1"/></net>

<net id="343"><net_src comp="48" pin="0"/><net_sink comp="337" pin=0"/></net>

<net id="344"><net_src comp="316" pin="2"/><net_sink comp="337" pin=1"/></net>

<net id="345"><net_src comp="50" pin="0"/><net_sink comp="337" pin=2"/></net>

<net id="346"><net_src comp="52" pin="0"/><net_sink comp="337" pin=3"/></net>

<net id="351"><net_src comp="36" pin="0"/><net_sink comp="347" pin=1"/></net>

<net id="359"><net_src comp="347" pin="2"/><net_sink comp="355" pin=0"/></net>

<net id="360"><net_src comp="352" pin="1"/><net_sink comp="355" pin=1"/></net>

<net id="364"><net_src comp="355" pin="2"/><net_sink comp="361" pin=0"/></net>

<net id="365"><net_src comp="361" pin="1"/><net_sink comp="127" pin=2"/></net>

<net id="371"><net_src comp="64" pin="0"/><net_sink comp="366" pin=0"/></net>

<net id="372"><net_src comp="28" pin="0"/><net_sink comp="366" pin=2"/></net>

<net id="377"><net_src comp="366" pin="3"/><net_sink comp="373" pin=0"/></net>

<net id="384"><net_src comp="48" pin="0"/><net_sink comp="378" pin=0"/></net>

<net id="385"><net_src comp="373" pin="2"/><net_sink comp="378" pin=1"/></net>

<net id="386"><net_src comp="50" pin="0"/><net_sink comp="378" pin=2"/></net>

<net id="387"><net_src comp="52" pin="0"/><net_sink comp="378" pin=3"/></net>

<net id="388"><net_src comp="378" pin="4"/><net_sink comp="134" pin=1"/></net>

<net id="392"><net_src comp="66" pin="1"/><net_sink comp="389" pin=0"/></net>

<net id="393"><net_src comp="389" pin="1"/><net_sink comp="150" pin=1"/></net>

<net id="394"><net_src comp="389" pin="1"/><net_sink comp="185" pin=0"/></net>

<net id="395"><net_src comp="389" pin="1"/><net_sink comp="280" pin=1"/></net>

<net id="399"><net_src comp="70" pin="1"/><net_sink comp="396" pin=0"/></net>

<net id="400"><net_src comp="396" pin="1"/><net_sink comp="145" pin=1"/></net>

<net id="401"><net_src comp="396" pin="1"/><net_sink comp="155" pin=0"/></net>

<net id="402"><net_src comp="396" pin="1"/><net_sink comp="275" pin=1"/></net>

<net id="406"><net_src comp="74" pin="1"/><net_sink comp="403" pin=0"/></net>

<net id="407"><net_src comp="403" pin="1"/><net_sink comp="140" pin=1"/></net>

<net id="408"><net_src comp="403" pin="1"/><net_sink comp="158" pin=0"/></net>

<net id="409"><net_src comp="403" pin="1"/><net_sink comp="270" pin=1"/></net>

<net id="413"><net_src comp="78" pin="2"/><net_sink comp="410" pin=0"/></net>

<net id="414"><net_src comp="410" pin="1"/><net_sink comp="322" pin=2"/></net>

<net id="418"><net_src comp="84" pin="2"/><net_sink comp="415" pin=0"/></net>

<net id="419"><net_src comp="415" pin="1"/><net_sink comp="322" pin=1"/></net>

<net id="423"><net_src comp="90" pin="2"/><net_sink comp="420" pin=0"/></net>

<net id="424"><net_src comp="420" pin="1"/><net_sink comp="307" pin=2"/></net>

<net id="428"><net_src comp="96" pin="2"/><net_sink comp="425" pin=0"/></net>

<net id="429"><net_src comp="425" pin="1"/><net_sink comp="307" pin=1"/></net>

<net id="433"><net_src comp="173" pin="2"/><net_sink comp="430" pin=0"/></net>

<net id="437"><net_src comp="204" pin="3"/><net_sink comp="434" pin=0"/></net>

<net id="438"><net_src comp="434" pin="1"/><net_sink comp="352" pin=0"/></net>

<net id="442"><net_src comp="220" pin="3"/><net_sink comp="439" pin=0"/></net>

<net id="443"><net_src comp="439" pin="1"/><net_sink comp="347" pin=0"/></net>

<net id="447"><net_src comp="102" pin="3"/><net_sink comp="444" pin=0"/></net>

<net id="448"><net_src comp="444" pin="1"/><net_sink comp="109" pin=2"/></net>

<net id="452"><net_src comp="119" pin="3"/><net_sink comp="449" pin=0"/></net>

<net id="453"><net_src comp="449" pin="1"/><net_sink comp="109" pin=0"/></net>

<net id="457"><net_src comp="260" pin="1"/><net_sink comp="454" pin=0"/></net>

<net id="458"><net_src comp="454" pin="1"/><net_sink comp="307" pin=0"/></net>

<net id="459"><net_src comp="454" pin="1"/><net_sink comp="322" pin=0"/></net>

<net id="463"><net_src comp="109" pin="7"/><net_sink comp="460" pin=0"/></net>

<net id="464"><net_src comp="460" pin="1"/><net_sink comp="285" pin=1"/></net>

<net id="468"><net_src comp="109" pin="3"/><net_sink comp="465" pin=0"/></net>

<net id="469"><net_src comp="465" pin="1"/><net_sink comp="296" pin=1"/></net>

<net id="473"><net_src comp="292" pin="1"/><net_sink comp="470" pin=0"/></net>

<net id="474"><net_src comp="470" pin="1"/><net_sink comp="316" pin=0"/></net>

<net id="478"><net_src comp="303" pin="1"/><net_sink comp="475" pin=0"/></net>

<net id="479"><net_src comp="475" pin="1"/><net_sink comp="331" pin=0"/></net>

<net id="483"><net_src comp="312" pin="1"/><net_sink comp="480" pin=0"/></net>

<net id="484"><net_src comp="480" pin="1"/><net_sink comp="316" pin=1"/></net>

<net id="488"><net_src comp="327" pin="1"/><net_sink comp="485" pin=0"/></net>

<net id="489"><net_src comp="485" pin="1"/><net_sink comp="331" pin=1"/></net>

<net id="493"><net_src comp="331" pin="2"/><net_sink comp="490" pin=0"/></net>

<net id="494"><net_src comp="490" pin="1"/><net_sink comp="373" pin=1"/></net>

<net id="498"><net_src comp="337" pin="4"/><net_sink comp="495" pin=0"/></net>

<net id="499"><net_src comp="495" pin="1"/><net_sink comp="366" pin=1"/></net>

</net_list>

</model> 
---------------- Datapath Model END ------------------

* FSMD analyzer results:
  - Output states:
	Port: K_V | {8 }
 - Input state : 
	Port: kalman_filter_top_Pipeline_VITIS_LOOP_71_13_VITIS_LOOP_72_14 : P_prior_V | {1 2 }
	Port: kalman_filter_top_Pipeline_VITIS_LOOP_71_13_VITIS_LOOP_72_14 : S_inv_V_0_1 | {1 }
	Port: kalman_filter_top_Pipeline_VITIS_LOOP_71_13_VITIS_LOOP_72_14 : S_inv_V_0_0 | {1 }
	Port: kalman_filter_top_Pipeline_VITIS_LOOP_71_13_VITIS_LOOP_72_14 : S_inv_V_1_1 | {1 }
	Port: kalman_filter_top_Pipeline_VITIS_LOOP_71_13_VITIS_LOOP_72_14 : S_inv_V_1_0 | {1 }
  - Chain level:
	State 1
		store_ln0 : 1
		store_ln0 : 1
		store_ln0 : 1
		i_3 : 1
		indvar_flatten36_load : 1
		empty : 2
		tmp_40_cast : 3
		icmp_ln71 : 2
		add_ln71_1 : 2
		br_ln71 : 3
		j_load : 1
		add_ln71 : 2
		trunc_ln71 : 3
		icmp_ln72 : 2
		select_ln71 : 3
		tmp_42_cast : 4
		select_ln71_1 : 3
		select_ln71_2 : 5
		zext_ln71 : 6
		P_prior_V_addr : 7
		P_prior_V_load : 8
		select_ln71_4 : 5
		or_ln71 : 6
		select_ln71_3_cast : 6
		P_prior_V_addr_1 : 7
		P_prior_V_load_1 : 8
		trunc_ln1273 : 4
		add_ln72 : 4
		store_ln72 : 3
		store_ln72 : 4
		store_ln72 : 5
	State 2
	State 3
		sext_ln71 : 1
		sext_ln71_1 : 1
		sext_ln1273 : 1
		mul_ln1273 : 2
		sext_ln1273_2 : 1
		mul_ln1273_2 : 2
	State 4
	State 5
	State 6
	State 7
		tmp_s : 1
	State 8
		add_ln73 : 1
		zext_ln73_1 : 2
		K_V_addr : 3
		add_ln1347 : 1
		trunc_ln818_2 : 2
		store_ln1420 : 4


============================================================
+ Verbose Summary: Datapath Resource usage 
============================================================

* Functional unit list:
|----------|-------------------------------|---------|---------|---------|
| Operation|        Functional Unit        |   DSP   |    FF   |   LUT   |
|----------|-------------------------------|---------|---------|---------|
|    mul   |           grp_fu_316          |    4    |   328   |    82   |
|          |           grp_fu_331          |    4    |   328   |    82   |
|----------|-------------------------------|---------|---------|---------|
|          |       add_ln71_1_fu_179       |    0    |    0    |    13   |
|          |        add_ln71_fu_188        |    0    |    0    |    11   |
|    add   |        add_ln72_fu_264        |    0    |    0    |    10   |
|          |        add_ln73_fu_355        |    0    |    0    |    11   |
|          |       add_ln1347_fu_373       |    0    |    0    |    71   |
|----------|-------------------------------|---------|---------|---------|
|          |       select_ln71_fu_204      |    0    |    0    |    2    |
|          |      select_ln71_1_fu_220     |    0    |    0    |    3    |
|  select  |      select_ln71_2_fu_228     |    0    |    0    |    4    |
|          |      select_ln71_4_fu_241     |    0    |    0    |    4    |
|          |      select_ln1273_fu_307     |    0    |    0    |    32   |
|          |     select_ln1273_1_fu_322    |    0    |    0    |    32   |
|----------|-------------------------------|---------|---------|---------|
|   icmp   |        icmp_ln71_fu_173       |    0    |    0    |    9    |
|          |        icmp_ln72_fu_198       |    0    |    0    |    8    |
|----------|-------------------------------|---------|---------|---------|
|          |  S_inv_V_1_0_read_read_fu_78  |    0    |    0    |    0    |
|   read   |  S_inv_V_1_1_read_read_fu_84  |    0    |    0    |    0    |
|          |  S_inv_V_0_0_read_read_fu_90  |    0    |    0    |    0    |
|          |  S_inv_V_0_1_read_read_fu_96  |    0    |    0    |    0    |
|----------|-------------------------------|---------|---------|---------|
|          |          empty_fu_161         |    0    |    0    |    0    |
|   trunc  |       trunc_ln71_fu_194       |    0    |    0    |    0    |
|          |      trunc_ln1273_fu_260      |    0    |    0    |    0    |
|----------|-------------------------------|---------|---------|---------|
|          |       tmp_40_cast_fu_165      |    0    |    0    |    0    |
|          |       tmp_42_cast_fu_212      |    0    |    0    |    0    |
|bitconcatenate| shl_ln1273_cast_mid2_v_fu_285 |    0    |    0    |    0    |
|          |    sext_ln72_mid2_v_fu_296    |    0    |    0    |    0    |
|          |       shl_ln838_s_fu_366      |    0    |    0    |    0    |
|----------|-------------------------------|---------|---------|---------|
|          |        zext_ln71_fu_236       |    0    |    0    |    0    |
|   zext   |   select_ln71_3_cast_fu_255   |    0    |    0    |    0    |
|          |        zext_ln73_fu_352       |    0    |    0    |    0    |
|          |       zext_ln73_1_fu_361      |    0    |    0    |    0    |
|----------|-------------------------------|---------|---------|---------|
|    or    |         or_ln71_fu_249        |    0    |    0    |    0    |
|----------|-------------------------------|---------|---------|---------|
|          |        sext_ln71_fu_292       |    0    |    0    |    0    |
|   sext   |       sext_ln71_1_fu_303      |    0    |    0    |    0    |
|          |       sext_ln1273_fu_312      |    0    |    0    |    0    |
|          |      sext_ln1273_2_fu_327     |    0    |    0    |    0    |
|----------|-------------------------------|---------|---------|---------|
|partselect|          tmp_s_fu_337         |    0    |    0    |    0    |
|          |      trunc_ln818_2_fu_378     |    0    |    0    |    0    |
|----------|-------------------------------|---------|---------|---------|
|    shl   |        shl_ln73_fu_347        |    0    |    0    |    0    |
|----------|-------------------------------|---------|---------|---------|
|   Total  |                               |    8    |   656   |   374   |
|----------|-------------------------------|---------|---------|---------|

Memories:
N/A

* Register list:
+------------------------+--------+
|                        |   FF   |
+------------------------+--------+
|P_prior_V_addr_1_reg_449|    4   |
| P_prior_V_addr_reg_444 |    4   |
|P_prior_V_load_1_reg_465|   32   |
| P_prior_V_load_reg_460 |   32   |
|S_inv_V_0_0_read_reg_420|   32   |
|S_inv_V_0_1_read_reg_425|   32   |
|S_inv_V_1_0_read_reg_410|   32   |
|S_inv_V_1_1_read_reg_415|   32   |
|        i_reg_396       |    3   |
|    icmp_ln71_reg_430   |    1   |
|indvar_flatten36_reg_403|    4   |
|        j_reg_389       |    2   |
|  mul_ln1273_2_reg_490  |   64   |
|  select_ln71_1_reg_439 |    3   |
|   select_ln71_reg_434  |    2   |
|  sext_ln1273_2_reg_485 |   64   |
|   sext_ln1273_reg_480  |   64   |
|   sext_ln71_1_reg_475  |   64   |
|    sext_ln71_reg_470   |   64   |
|      tmp_s_reg_495     |   32   |
|  trunc_ln1273_reg_454  |    1   |
+------------------------+--------+
|          Total         |   568  |
+------------------------+--------+

* Multiplexer (MUX) list: 
|-------------------|------|------|------|--------||---------||---------|
|        Comp       |  Pin | Size |  BW  | S x BW ||  Delay  ||   LUT   |
|-------------------|------|------|------|--------||---------||---------|
| grp_access_fu_109 |  p0  |   2  |   4  |    8   ||    9    |
| grp_access_fu_109 |  p2  |   2  |   0  |    0   ||    9    |
|     grp_fu_316    |  p0  |   2  |  48  |   96   ||    9    |
|     grp_fu_316    |  p1  |   2  |  32  |   64   ||    9    |
|     grp_fu_331    |  p0  |   2  |  48  |   96   ||    9    |
|     grp_fu_331    |  p1  |   2  |  32  |   64   ||    9    |
|-------------------|------|------|------|--------||---------||---------|
|       Total       |      |      |      |   328  ||  9.528  ||    54   |
|-------------------|------|------|------|--------||---------||---------|



* Summary:
+-----------+--------+--------+--------+--------+
|           |   DSP  |  Delay |   FF   |   LUT  |
+-----------+--------+--------+--------+--------+
|  Function |    8   |    -   |   656  |   374  |
|   Memory  |    -   |    -   |    -   |    -   |
|Multiplexer|    -   |    9   |    -   |   54   |
|  Register |    -   |    -   |   568  |    -   |
+-----------+--------+--------+--------+--------+
|   Total   |    8   |    9   |  1224  |   428  |
+-----------+--------+--------+--------+--------+
