

================================================================
== Vitis HLS Report for 'kalman_filter_top_Pipeline_VITIS_LOOP_27_3_VITIS_LOOP_28_4'
================================================================
* Date:           Mon May 20 14:15:58 2024

* Version:        2022.2 (Build 3670227 on Oct 13 2022)
* Project:        kalman_hls
* Solution:       solution1 (Vivado IP Flow Target)
* Product family: zynq
* Target device:  xc7z020-clg400-1


================================================================
== Performance Estimates
================================================================
+ Timing: 
    * Summary: 
    +--------+----------+----------+------------+
    |  Clock |  Target  | Estimated| Uncertainty|
    +--------+----------+----------+------------+
    |ap_clk  |  10.00 ns|  6.912 ns|     2.70 ns|
    +--------+----------+----------+------------+

+ Latency: 
    * Summary: 
    +---------+---------+----------+----------+-----+-----+---------+
    |  Latency (cycles) |  Latency (absolute) |  Interval | Pipeline|
    |   min   |   max   |    min   |    max   | min | max |   Type  |
    +---------+---------+----------+----------+-----+-----+---------+
    |       38|       38|  0.380 us|  0.380 us|   38|   38|       no|
    +---------+---------+----------+----------+-----+-----+---------+

    + Detail: 
        * Instance: 
        N/A

        * Loop: 
        +-----------------------------------+---------+---------+----------+-----------+-----------+------+----------+
        |                                   |  Latency (cycles) | Iteration|  Initiation Interval  | Trip |          |
        |             Loop Name             |   min   |   max   |  Latency |  achieved |   target  | Count| Pipelined|
        +-----------------------------------+---------+---------+----------+-----------+-----------+------+----------+
        |- VITIS_LOOP_27_3_VITIS_LOOP_28_4  |       36|       36|         7|          2|          1|    16|       yes|
        +-----------------------------------+---------+---------+----------+-----------+-----------+------+----------+

============================================================
+ Verbose Summary: Synthesis Manager
============================================================
InlineROM: 1
ExposeGlobal: 0
============================================================
+ Verbose Summary: CDFG Model
============================================================
IsTopModel: 0
ResetActiveHigh: 1
IsCombinational: 0
IsDatapathOnly: 0
HasWiredReturn: 1
HasMFsm: 2
HasVarLatency: 1
IsPipeline: 0
IsRtlPipelined: 0
IsInstanceOverlapped: 0
IsDontTouch: 0
HasImplIP: 0
IsGatedGlobalClock: 0

+ Individual pipeline summary: 
  * Pipeline-0: initiation interval (II) = 2, depth = 7


============================================================
+ Verbose Summary: Schedule
============================================================
* Number of FSM states : 7
* Pipeline : 1
  Pipeline-0 : II = 2, D = 7, States = { 1 2 3 4 5 6 7 }
* Dataflow Pipeline: 0

* FSM state transitions: 
1 --> 2 
2 --> 3 
3 --> 4 
4 --> 5 
5 --> 6 
6 --> 7 
7 --> 

* FSM state operations: 

State 1 <SV = 0> <Delay = 6.16>
ST_1 : Operation 10 [1/1] (0.00ns)   --->   "%j = alloca i32 1"   --->   Operation 10 'alloca' 'j' <Predicate = true> <Delay = 0.00>
ST_1 : Operation 11 [1/1] (0.00ns)   --->   "%i_1 = alloca i32 1"   --->   Operation 11 'alloca' 'i_1' <Predicate = true> <Delay = 0.00>
ST_1 : Operation 12 [1/1] (0.00ns)   --->   "%indvar_flatten = alloca i32 1"   --->   Operation 12 'alloca' 'indvar_flatten' <Predicate = true> <Delay = 0.00>
ST_1 : Operation 13 [1/1] (1.58ns)   --->   "%store_ln0 = store i5 0, i5 %indvar_flatten"   --->   Operation 13 'store' 'store_ln0' <Predicate = true> <Delay = 1.58>
ST_1 : Operation 14 [1/1] (1.58ns)   --->   "%store_ln0 = store i3 0, i3 %i_1"   --->   Operation 14 'store' 'store_ln0' <Predicate = true> <Delay = 1.58>
ST_1 : Operation 15 [1/1] (1.58ns)   --->   "%store_ln0 = store i3 0, i3 %j"   --->   Operation 15 'store' 'store_ln0' <Predicate = true> <Delay = 1.58>
ST_1 : Operation 16 [1/1] (0.00ns)   --->   "%br_ln0 = br void %for.body41.i"   --->   Operation 16 'br' 'br_ln0' <Predicate = true> <Delay = 0.00>
ST_1 : Operation 17 [1/1] (0.00ns)   --->   "%indvar_flatten_load = load i5 %indvar_flatten" [kalman_hls/kalman.cpp:27]   --->   Operation 17 'load' 'indvar_flatten_load' <Predicate = true> <Delay = 0.00>
ST_1 : Operation 18 [1/1] (0.00ns)   --->   "%specpipeline_ln0 = specpipeline void @_ssdm_op_SpecPipeline, i32 4294967295, i32 0, i32 1, i32 0, void @p_str"   --->   Operation 18 'specpipeline' 'specpipeline_ln0' <Predicate = true> <Delay = 0.00>
ST_1 : Operation 19 [1/1] (1.36ns)   --->   "%icmp_ln27 = icmp_eq  i5 %indvar_flatten_load, i5 16" [kalman_hls/kalman.cpp:27]   --->   Operation 19 'icmp' 'icmp_ln27' <Predicate = true> <Delay = 1.36> <CoreInst = "Cmp">   --->   Core 9 'Cmp' <Latency = 0> <II = 1> <Delay = 1.36> <FuncUnit> <Opcode : 'icmp'> <InPorts = 2> <OutPorts = 1>
ST_1 : Operation 20 [1/1] (1.78ns)   --->   "%add_ln27_1 = add i5 %indvar_flatten_load, i5 1" [kalman_hls/kalman.cpp:27]   --->   Operation 20 'add' 'add_ln27_1' <Predicate = true> <Delay = 1.78> <CoreInst = "Adder">   --->   Core 1 'Adder' <Latency = 0> <II = 1> <Delay = 1.78> <FuncUnit> <Opcode : 'add' 'sub'> <InPorts = 2> <OutPorts = 1>
ST_1 : Operation 21 [1/1] (0.00ns)   --->   "%br_ln27 = br i1 %icmp_ln27, void %for.cond.cleanup40.i, void %for.body83.i.preheader.exitStub" [kalman_hls/kalman.cpp:27]   --->   Operation 21 'br' 'br_ln27' <Predicate = true> <Delay = 0.00>
ST_1 : Operation 22 [1/1] (0.00ns)   --->   "%j_load = load i3 %j" [kalman_hls/kalman.cpp:28]   --->   Operation 22 'load' 'j_load' <Predicate = (!icmp_ln27)> <Delay = 0.00>
ST_1 : Operation 23 [1/1] (1.13ns)   --->   "%icmp_ln28 = icmp_eq  i3 %j_load, i3 4" [kalman_hls/kalman.cpp:28]   --->   Operation 23 'icmp' 'icmp_ln28' <Predicate = (!icmp_ln27)> <Delay = 1.13> <CoreInst = "Cmp">   --->   Core 9 'Cmp' <Latency = 0> <II = 1> <Delay = 1.13> <FuncUnit> <Opcode : 'icmp'> <InPorts = 2> <OutPorts = 1>
ST_1 : Operation 24 [1/1] (0.98ns)   --->   "%select_ln27 = select i1 %icmp_ln28, i3 0, i3 %j_load" [kalman_hls/kalman.cpp:27]   --->   Operation 24 'select' 'select_ln27' <Predicate = (!icmp_ln27)> <Delay = 0.98> <CoreInst = "Sel">   --->   Core 73 'Sel' <Latency = 0> <II = 1> <Delay = 0.98> <FuncUnit> <Opcode : 'select'> <InPorts = 3> <OutPorts = 1>
ST_1 : Operation 25 [1/1] (0.00ns)   --->   "%j_cast = zext i3 %select_ln27" [kalman_hls/kalman.cpp:27]   --->   Operation 25 'zext' 'j_cast' <Predicate = (!icmp_ln27)> <Delay = 0.00>
ST_1 : Operation 26 [1/1] (0.00ns)   --->   "%zext_ln1273 = zext i3 %select_ln27"   --->   Operation 26 'zext' 'zext_ln1273' <Predicate = (!icmp_ln27)> <Delay = 0.00>
ST_1 : Operation 27 [1/1] (0.00ns)   --->   "%P_init_V_addr = getelementptr i32 %P_init_V, i64 0, i64 %j_cast"   --->   Operation 27 'getelementptr' 'P_init_V_addr' <Predicate = (!icmp_ln27)> <Delay = 0.00>
ST_1 : Operation 28 [1/1] (1.73ns)   --->   "%add_ln1273 = add i4 %zext_ln1273, i4 4"   --->   Operation 28 'add' 'add_ln1273' <Predicate = (!icmp_ln27)> <Delay = 1.73> <CoreInst = "Adder">   --->   Core 1 'Adder' <Latency = 0> <II = 1> <Delay = 1.73> <FuncUnit> <Opcode : 'add' 'sub'> <InPorts = 2> <OutPorts = 1>
ST_1 : Operation 29 [1/1] (0.00ns)   --->   "%zext_ln1273_8 = zext i4 %add_ln1273"   --->   Operation 29 'zext' 'zext_ln1273_8' <Predicate = (!icmp_ln27)> <Delay = 0.00>
ST_1 : Operation 30 [1/1] (0.00ns)   --->   "%P_init_V_addr_1 = getelementptr i32 %P_init_V, i64 0, i64 %zext_ln1273_8"   --->   Operation 30 'getelementptr' 'P_init_V_addr_1' <Predicate = (!icmp_ln27)> <Delay = 0.00>
ST_1 : Operation 31 [2/2] (2.32ns)   --->   "%P_init_V_load = load i4 %P_init_V_addr"   --->   Operation 31 'load' 'P_init_V_load' <Predicate = (!icmp_ln27)> <Delay = 2.32> <CoreInst = "RAM">   --->   Core 82 'RAM' <Latency = 1> <II = 1> <Delay = 2.32> <Storage> <Opcode : 'load' 'store'> <Ports = 2> <Width = 32> <Depth = 16> <RAM>
ST_1 : Operation 32 [2/2] (2.32ns)   --->   "%P_init_V_load_1 = load i4 %P_init_V_addr_1"   --->   Operation 32 'load' 'P_init_V_load_1' <Predicate = (!icmp_ln27)> <Delay = 2.32> <CoreInst = "RAM">   --->   Core 82 'RAM' <Latency = 1> <II = 1> <Delay = 2.32> <Storage> <Opcode : 'load' 'store'> <Ports = 2> <Width = 32> <Depth = 16> <RAM>
ST_1 : Operation 33 [1/1] (1.58ns)   --->   "%store_ln28 = store i5 %add_ln27_1, i5 %indvar_flatten" [kalman_hls/kalman.cpp:28]   --->   Operation 33 'store' 'store_ln28' <Predicate = (!icmp_ln27)> <Delay = 1.58>

State 2 <SV = 1> <Delay = 4.45>
ST_2 : Operation 34 [1/1] (0.00ns)   --->   "%i_1_load = load i3 %i_1" [kalman_hls/kalman.cpp:27]   --->   Operation 34 'load' 'i_1_load' <Predicate = (!icmp_ln27)> <Delay = 0.00>
ST_2 : Operation 35 [1/1] (1.65ns)   --->   "%add_ln27 = add i3 %i_1_load, i3 1" [kalman_hls/kalman.cpp:27]   --->   Operation 35 'add' 'add_ln27' <Predicate = (!icmp_ln27 & icmp_ln28)> <Delay = 1.65> <CoreInst = "Adder">   --->   Core 1 'Adder' <Latency = 0> <II = 1> <Delay = 1.65> <FuncUnit> <Opcode : 'add' 'sub'> <InPorts = 2> <OutPorts = 1>
ST_2 : Operation 36 [1/1] (0.98ns)   --->   "%select_ln27_1 = select i1 %icmp_ln28, i3 %add_ln27, i3 %i_1_load" [kalman_hls/kalman.cpp:27]   --->   Operation 36 'select' 'select_ln27_1' <Predicate = (!icmp_ln27)> <Delay = 0.98> <CoreInst = "Sel">   --->   Core 73 'Sel' <Latency = 0> <II = 1> <Delay = 0.98> <FuncUnit> <Opcode : 'select'> <InPorts = 3> <OutPorts = 1>
ST_2 : Operation 37 [1/1] (0.00ns)   --->   "%trunc_ln29 = trunc i3 %select_ln27_1" [kalman_hls/kalman.cpp:29]   --->   Operation 37 'trunc' 'trunc_ln29' <Predicate = (!icmp_ln27)> <Delay = 0.00>
ST_2 : Operation 38 [1/1] (0.00ns)   --->   "%tmp_14_cast = bitconcatenate i4 @_ssdm_op_BitConcatenate.i4.i1.i3, i1 1, i3 %select_ln27"   --->   Operation 38 'bitconcatenate' 'tmp_14_cast' <Predicate = (!icmp_ln27)> <Delay = 0.00>
ST_2 : Operation 39 [1/1] (0.00ns)   --->   "%zext_ln1273_9 = zext i4 %tmp_14_cast"   --->   Operation 39 'zext' 'zext_ln1273_9' <Predicate = (!icmp_ln27)> <Delay = 0.00>
ST_2 : Operation 40 [1/1] (0.00ns)   --->   "%P_init_V_addr_2 = getelementptr i32 %P_init_V, i64 0, i64 %zext_ln1273_9"   --->   Operation 40 'getelementptr' 'P_init_V_addr_2' <Predicate = (!icmp_ln27)> <Delay = 0.00>
ST_2 : Operation 41 [1/1] (0.96ns)   --->   "%xor_ln1273 = xor i3 %select_ln27, i3 4"   --->   Operation 41 'xor' 'xor_ln1273' <Predicate = (!icmp_ln27)> <Delay = 0.96> <CoreInst = "LogicGate">   --->   Core 74 'LogicGate' <Latency = 0> <II = 1> <Delay = 0.96> <FuncUnit> <Opcode : 'and' 'or' 'xor'> <InPorts = 2> <OutPorts = 1>
ST_2 : Operation 42 [1/1] (0.00ns)   --->   "%sext_ln1273 = sext i3 %xor_ln1273"   --->   Operation 42 'sext' 'sext_ln1273' <Predicate = (!icmp_ln27)> <Delay = 0.00>
ST_2 : Operation 43 [1/1] (0.00ns)   --->   "%zext_ln1273_10 = zext i4 %sext_ln1273"   --->   Operation 43 'zext' 'zext_ln1273_10' <Predicate = (!icmp_ln27)> <Delay = 0.00>
ST_2 : Operation 44 [1/1] (0.00ns)   --->   "%P_init_V_addr_3 = getelementptr i32 %P_init_V, i64 0, i64 %zext_ln1273_10"   --->   Operation 44 'getelementptr' 'P_init_V_addr_3' <Predicate = (!icmp_ln27)> <Delay = 0.00>
ST_2 : Operation 45 [1/1] (1.82ns)   --->   "%tmp_4 = mux i32 @_ssdm_op_Mux.ap_auto.4i32.i2, i32 65536, i32 0, i32 0, i32 0, i2 %trunc_ln29"   --->   Operation 45 'mux' 'tmp_4' <Predicate = (!icmp_ln27)> <Delay = 1.82> <CoreInst = "Multiplexer">   --->   Core 76 'Multiplexer' <Latency = 0> <II = 1> <Delay = 1.82> <FuncUnit> <Opcode : 'mux'> <InPorts = 2> <OutPorts = 1>
ST_2 : Operation 46 [1/2] (2.32ns)   --->   "%P_init_V_load = load i4 %P_init_V_addr"   --->   Operation 46 'load' 'P_init_V_load' <Predicate = (!icmp_ln27)> <Delay = 2.32> <CoreInst = "RAM">   --->   Core 82 'RAM' <Latency = 1> <II = 1> <Delay = 2.32> <Storage> <Opcode : 'load' 'store'> <Ports = 2> <Width = 32> <Depth = 16> <RAM>
ST_2 : Operation 47 [1/1] (1.82ns)   --->   "%tmp_5 = mux i32 @_ssdm_op_Mux.ap_auto.4i32.i2, i32 0, i32 65536, i32 0, i32 0, i2 %trunc_ln29"   --->   Operation 47 'mux' 'tmp_5' <Predicate = (!icmp_ln27)> <Delay = 1.82> <CoreInst = "Multiplexer">   --->   Core 76 'Multiplexer' <Latency = 0> <II = 1> <Delay = 1.82> <FuncUnit> <Opcode : 'mux'> <InPorts = 2> <OutPorts = 1>
ST_2 : Operation 48 [1/2] (2.32ns)   --->   "%P_init_V_load_1 = load i4 %P_init_V_addr_1"   --->   Operation 48 'load' 'P_init_V_load_1' <Predicate = (!icmp_ln27)> <Delay = 2.32> <CoreInst = "RAM">   --->   Core 82 'RAM' <Latency = 1> <II = 1> <Delay = 2.32> <Storage> <Opcode : 'load' 'store'> <Ports = 2> <Width = 32> <Depth = 16> <RAM>
ST_2 : Operation 49 [2/2] (2.32ns)   --->   "%P_init_V_load_2 = load i4 %P_init_V_addr_2"   --->   Operation 49 'load' 'P_init_V_load_2' <Predicate = (!icmp_ln27)> <Delay = 2.32> <CoreInst = "RAM">   --->   Core 82 'RAM' <Latency = 1> <II = 1> <Delay = 2.32> <Storage> <Opcode : 'load' 'store'> <Ports = 2> <Width = 32> <Depth = 16> <RAM>
ST_2 : Operation 50 [2/2] (2.32ns)   --->   "%P_init_V_load_3 = load i4 %P_init_V_addr_3"   --->   Operation 50 'load' 'P_init_V_load_3' <Predicate = (!icmp_ln27)> <Delay = 2.32> <CoreInst = "RAM">   --->   Core 82 'RAM' <Latency = 1> <II = 1> <Delay = 2.32> <Storage> <Opcode : 'load' 'store'> <Ports = 2> <Width = 32> <Depth = 16> <RAM>
ST_2 : Operation 51 [1/1] (1.65ns)   --->   "%add_ln28 = add i3 %select_ln27, i3 1" [kalman_hls/kalman.cpp:28]   --->   Operation 51 'add' 'add_ln28' <Predicate = (!icmp_ln27)> <Delay = 1.65> <CoreInst = "Adder">   --->   Core 1 'Adder' <Latency = 0> <II = 1> <Delay = 1.65> <FuncUnit> <Opcode : 'add' 'sub'> <InPorts = 2> <OutPorts = 1>
ST_2 : Operation 52 [1/1] (1.58ns)   --->   "%store_ln28 = store i3 %select_ln27_1, i3 %i_1" [kalman_hls/kalman.cpp:28]   --->   Operation 52 'store' 'store_ln28' <Predicate = (!icmp_ln27)> <Delay = 1.58>
ST_2 : Operation 53 [1/1] (1.58ns)   --->   "%store_ln28 = store i3 %add_ln28, i3 %j" [kalman_hls/kalman.cpp:28]   --->   Operation 53 'store' 'store_ln28' <Predicate = (!icmp_ln27)> <Delay = 1.58>

State 3 <SV = 2> <Delay = 6.91>
ST_3 : Operation 54 [1/1] (0.00ns)   --->   "%tmp_s = bitconcatenate i4 @_ssdm_op_BitConcatenate.i4.i2.i2, i2 %trunc_ln29, i2 0" [kalman_hls/kalman.cpp:29]   --->   Operation 54 'bitconcatenate' 'tmp_s' <Predicate = true> <Delay = 0.00>
ST_3 : Operation 55 [1/1] (1.73ns)   --->   "%add_ln29 = add i4 %tmp_s, i4 %zext_ln1273" [kalman_hls/kalman.cpp:29]   --->   Operation 55 'add' 'add_ln29' <Predicate = true> <Delay = 1.73> <CoreInst = "Adder">   --->   Core 1 'Adder' <Latency = 0> <II = 1> <Delay = 1.73> <FuncUnit> <Opcode : 'add' 'sub'> <InPorts = 2> <OutPorts = 1>
ST_3 : Operation 56 [1/1] (0.00ns)   --->   "%zext_ln1273_4 = zext i32 %tmp_4"   --->   Operation 56 'zext' 'zext_ln1273_4' <Predicate = true> <Delay = 0.00>
ST_3 : Operation 57 [1/1] (0.00ns)   --->   "%sext_ln1273_3 = sext i32 %P_init_V_load"   --->   Operation 57 'sext' 'sext_ln1273_3' <Predicate = true> <Delay = 0.00>
ST_3 : Operation 58 [2/2] (6.91ns)   --->   "%mul_ln1273 = mul i48 %sext_ln1273_3, i48 %zext_ln1273_4"   --->   Operation 58 'mul' 'mul_ln1273' <Predicate = true> <Delay = 6.91> <CoreInst = "Multiplier">   --->   Core 3 'Multiplier' <Latency = 1> <II = 1> <Delay = 6.91> <FuncUnit> <Opcode : 'mul'> <InPorts = 2> <OutPorts = 1>
ST_3 : Operation 59 [1/1] (0.00ns)   --->   "%zext_ln1273_5 = zext i32 %tmp_5"   --->   Operation 59 'zext' 'zext_ln1273_5' <Predicate = true> <Delay = 0.00>
ST_3 : Operation 60 [1/1] (0.00ns)   --->   "%sext_ln1273_4 = sext i32 %P_init_V_load_1"   --->   Operation 60 'sext' 'sext_ln1273_4' <Predicate = true> <Delay = 0.00>
ST_3 : Operation 61 [2/2] (6.91ns)   --->   "%mul_ln1273_3 = mul i48 %sext_ln1273_4, i48 %zext_ln1273_5"   --->   Operation 61 'mul' 'mul_ln1273_3' <Predicate = true> <Delay = 6.91> <CoreInst = "Multiplier">   --->   Core 3 'Multiplier' <Latency = 1> <II = 1> <Delay = 6.91> <FuncUnit> <Opcode : 'mul'> <InPorts = 2> <OutPorts = 1>
ST_3 : Operation 62 [1/1] (1.82ns)   --->   "%tmp_6 = mux i32 @_ssdm_op_Mux.ap_auto.4i32.i2, i32 65536, i32 0, i32 65536, i32 0, i2 %trunc_ln29"   --->   Operation 62 'mux' 'tmp_6' <Predicate = true> <Delay = 1.82> <CoreInst = "Multiplexer">   --->   Core 76 'Multiplexer' <Latency = 0> <II = 1> <Delay = 1.82> <FuncUnit> <Opcode : 'mux'> <InPorts = 2> <OutPorts = 1>
ST_3 : Operation 63 [1/2] (2.32ns)   --->   "%P_init_V_load_2 = load i4 %P_init_V_addr_2"   --->   Operation 63 'load' 'P_init_V_load_2' <Predicate = true> <Delay = 2.32> <CoreInst = "RAM">   --->   Core 82 'RAM' <Latency = 1> <II = 1> <Delay = 2.32> <Storage> <Opcode : 'load' 'store'> <Ports = 2> <Width = 32> <Depth = 16> <RAM>
ST_3 : Operation 64 [1/1] (1.82ns)   --->   "%tmp_7 = mux i32 @_ssdm_op_Mux.ap_auto.4i32.i2, i32 0, i32 65536, i32 0, i32 65536, i2 %trunc_ln29"   --->   Operation 64 'mux' 'tmp_7' <Predicate = true> <Delay = 1.82> <CoreInst = "Multiplexer">   --->   Core 76 'Multiplexer' <Latency = 0> <II = 1> <Delay = 1.82> <FuncUnit> <Opcode : 'mux'> <InPorts = 2> <OutPorts = 1>
ST_3 : Operation 65 [1/2] (2.32ns)   --->   "%P_init_V_load_3 = load i4 %P_init_V_addr_3"   --->   Operation 65 'load' 'P_init_V_load_3' <Predicate = true> <Delay = 2.32> <CoreInst = "RAM">   --->   Core 82 'RAM' <Latency = 1> <II = 1> <Delay = 2.32> <Storage> <Opcode : 'load' 'store'> <Ports = 2> <Width = 32> <Depth = 16> <RAM>

State 4 <SV = 3> <Delay = 6.91>
ST_4 : Operation 66 [1/2] (6.91ns)   --->   "%mul_ln1273 = mul i48 %sext_ln1273_3, i48 %zext_ln1273_4"   --->   Operation 66 'mul' 'mul_ln1273' <Predicate = true> <Delay = 6.91> <CoreInst = "Multiplier">   --->   Core 3 'Multiplier' <Latency = 1> <II = 1> <Delay = 6.91> <FuncUnit> <Opcode : 'mul'> <InPorts = 2> <OutPorts = 1>
ST_4 : Operation 67 [1/2] (6.91ns)   --->   "%mul_ln1273_3 = mul i48 %sext_ln1273_4, i48 %zext_ln1273_5"   --->   Operation 67 'mul' 'mul_ln1273_3' <Predicate = true> <Delay = 6.91> <CoreInst = "Multiplier">   --->   Core 3 'Multiplier' <Latency = 1> <II = 1> <Delay = 6.91> <FuncUnit> <Opcode : 'mul'> <InPorts = 2> <OutPorts = 1>
ST_4 : Operation 68 [1/1] (0.00ns)   --->   "%tmp_8 = partselect i32 @_ssdm_op_PartSelect.i32.i48.i32.i32, i48 %mul_ln1273, i32 16, i32 47"   --->   Operation 68 'partselect' 'tmp_8' <Predicate = true> <Delay = 0.00>
ST_4 : Operation 69 [1/1] (0.00ns)   --->   "%zext_ln1273_6 = zext i32 %tmp_6"   --->   Operation 69 'zext' 'zext_ln1273_6' <Predicate = true> <Delay = 0.00>
ST_4 : Operation 70 [1/1] (0.00ns)   --->   "%sext_ln1273_5 = sext i32 %P_init_V_load_2"   --->   Operation 70 'sext' 'sext_ln1273_5' <Predicate = true> <Delay = 0.00>
ST_4 : Operation 71 [2/2] (6.91ns)   --->   "%mul_ln1273_4 = mul i48 %sext_ln1273_5, i48 %zext_ln1273_6"   --->   Operation 71 'mul' 'mul_ln1273_4' <Predicate = true> <Delay = 6.91> <CoreInst = "Multiplier">   --->   Core 3 'Multiplier' <Latency = 1> <II = 1> <Delay = 6.91> <FuncUnit> <Opcode : 'mul'> <InPorts = 2> <OutPorts = 1>
ST_4 : Operation 72 [1/1] (0.00ns)   --->   "%zext_ln1273_7 = zext i32 %tmp_7"   --->   Operation 72 'zext' 'zext_ln1273_7' <Predicate = true> <Delay = 0.00>
ST_4 : Operation 73 [1/1] (0.00ns)   --->   "%sext_ln1273_6 = sext i32 %P_init_V_load_3"   --->   Operation 73 'sext' 'sext_ln1273_6' <Predicate = true> <Delay = 0.00>
ST_4 : Operation 74 [2/2] (6.91ns)   --->   "%mul_ln1273_5 = mul i48 %sext_ln1273_6, i48 %zext_ln1273_7"   --->   Operation 74 'mul' 'mul_ln1273_5' <Predicate = true> <Delay = 6.91> <CoreInst = "Multiplier">   --->   Core 3 'Multiplier' <Latency = 1> <II = 1> <Delay = 6.91> <FuncUnit> <Opcode : 'mul'> <InPorts = 2> <OutPorts = 1>

State 5 <SV = 4> <Delay = 6.91>
ST_5 : Operation 75 [1/1] (0.00ns)   --->   "%shl_ln838_7 = bitconcatenate i48 @_ssdm_op_BitConcatenate.i48.i32.i16, i32 %tmp_8, i16 0"   --->   Operation 75 'bitconcatenate' 'shl_ln838_7' <Predicate = true> <Delay = 0.00>
ST_5 : Operation 76 [1/1] (3.10ns)   --->   "%add_ln1347_3 = add i48 %shl_ln838_7, i48 %mul_ln1273_3"   --->   Operation 76 'add' 'add_ln1347_3' <Predicate = true> <Delay = 3.10> <CoreInst = "Adder">   --->   Core 1 'Adder' <Latency = 0> <II = 1> <Delay = 3.10> <FuncUnit> <Opcode : 'add' 'sub'> <InPorts = 2> <OutPorts = 1>
ST_5 : Operation 77 [1/2] (6.91ns)   --->   "%mul_ln1273_4 = mul i48 %sext_ln1273_5, i48 %zext_ln1273_6"   --->   Operation 77 'mul' 'mul_ln1273_4' <Predicate = true> <Delay = 6.91> <CoreInst = "Multiplier">   --->   Core 3 'Multiplier' <Latency = 1> <II = 1> <Delay = 6.91> <FuncUnit> <Opcode : 'mul'> <InPorts = 2> <OutPorts = 1>
ST_5 : Operation 78 [1/1] (0.00ns)   --->   "%tmp_9 = partselect i32 @_ssdm_op_PartSelect.i32.i48.i32.i32, i48 %add_ln1347_3, i32 16, i32 47"   --->   Operation 78 'partselect' 'tmp_9' <Predicate = true> <Delay = 0.00>
ST_5 : Operation 79 [1/2] (6.91ns)   --->   "%mul_ln1273_5 = mul i48 %sext_ln1273_6, i48 %zext_ln1273_7"   --->   Operation 79 'mul' 'mul_ln1273_5' <Predicate = true> <Delay = 6.91> <CoreInst = "Multiplier">   --->   Core 3 'Multiplier' <Latency = 1> <II = 1> <Delay = 6.91> <FuncUnit> <Opcode : 'mul'> <InPorts = 2> <OutPorts = 1>
ST_5 : Operation 94 [1/1] (0.00ns)   --->   "%ret_ln0 = ret"   --->   Operation 94 'ret' 'ret_ln0' <Predicate = (icmp_ln27)> <Delay = 0.00>

State 6 <SV = 5> <Delay = 6.20>
ST_6 : Operation 80 [1/1] (0.00ns)   --->   "%shl_ln838_8 = bitconcatenate i48 @_ssdm_op_BitConcatenate.i48.i32.i16, i32 %tmp_9, i16 0"   --->   Operation 80 'bitconcatenate' 'shl_ln838_8' <Predicate = true> <Delay = 0.00>
ST_6 : Operation 81 [1/1] (3.10ns)   --->   "%add_ln1347 = add i48 %shl_ln838_8, i48 %mul_ln1273_4"   --->   Operation 81 'add' 'add_ln1347' <Predicate = true> <Delay = 3.10> <CoreInst = "Adder">   --->   Core 1 'Adder' <Latency = 0> <II = 1> <Delay = 3.10> <FuncUnit> <Opcode : 'add' 'sub'> <InPorts = 2> <OutPorts = 1>
ST_6 : Operation 82 [1/1] (0.00ns)   --->   "%tmp_10 = partselect i32 @_ssdm_op_PartSelect.i32.i48.i32.i32, i48 %add_ln1347, i32 16, i32 47"   --->   Operation 82 'partselect' 'tmp_10' <Predicate = true> <Delay = 0.00>
ST_6 : Operation 83 [1/1] (0.00ns)   --->   "%shl_ln838_9 = bitconcatenate i48 @_ssdm_op_BitConcatenate.i48.i32.i16, i32 %tmp_10, i16 0"   --->   Operation 83 'bitconcatenate' 'shl_ln838_9' <Predicate = true> <Delay = 0.00>
ST_6 : Operation 84 [1/1] (3.10ns)   --->   "%add_ln1347_4 = add i48 %shl_ln838_9, i48 %mul_ln1273_5"   --->   Operation 84 'add' 'add_ln1347_4' <Predicate = true> <Delay = 3.10> <CoreInst = "Adder">   --->   Core 1 'Adder' <Latency = 0> <II = 1> <Delay = 3.10> <FuncUnit> <Opcode : 'add' 'sub'> <InPorts = 2> <OutPorts = 1>
ST_6 : Operation 85 [1/1] (0.00ns)   --->   "%trunc_ln818_s = partselect i32 @_ssdm_op_PartSelect.i32.i48.i32.i32, i48 %add_ln1347_4, i32 16, i32 47"   --->   Operation 85 'partselect' 'trunc_ln818_s' <Predicate = true> <Delay = 0.00>

State 7 <SV = 6> <Delay = 2.32>
ST_7 : Operation 86 [1/1] (0.00ns)   --->   "%specloopname_ln0 = specloopname void @_ssdm_op_SpecLoopName, void @VITIS_LOOP_27_3_VITIS_LOOP_28_4_str"   --->   Operation 86 'specloopname' 'specloopname_ln0' <Predicate = true> <Delay = 0.00>
ST_7 : Operation 87 [1/1] (0.00ns)   --->   "%empty = speclooptripcount i32 @_ssdm_op_SpecLoopTripCount, i64 16, i64 16, i64 16"   --->   Operation 87 'speclooptripcount' 'empty' <Predicate = true> <Delay = 0.00>
ST_7 : Operation 88 [1/1] (0.00ns)   --->   "%specpipeline_ln0 = specpipeline void @_ssdm_op_SpecPipeline, i32 4294967295, i32 0, i32 1, i32 0, void @p_str"   --->   Operation 88 'specpipeline' 'specpipeline_ln0' <Predicate = true> <Delay = 0.00>
ST_7 : Operation 89 [1/1] (0.00ns)   --->   "%zext_ln29 = zext i4 %add_ln29" [kalman_hls/kalman.cpp:29]   --->   Operation 89 'zext' 'zext_ln29' <Predicate = true> <Delay = 0.00>
ST_7 : Operation 90 [1/1] (0.00ns)   --->   "%P_prior_V_addr = getelementptr i32 %P_prior_V, i64 0, i64 %zext_ln29" [kalman_hls/kalman.cpp:29]   --->   Operation 90 'getelementptr' 'P_prior_V_addr' <Predicate = true> <Delay = 0.00>
ST_7 : Operation 91 [1/1] (0.00ns)   --->   "%specloopname_ln28 = specloopname void @_ssdm_op_SpecLoopName, void @empty_18" [kalman_hls/kalman.cpp:28]   --->   Operation 91 'specloopname' 'specloopname_ln28' <Predicate = true> <Delay = 0.00>
ST_7 : Operation 92 [1/1] (2.32ns)   --->   "%store_ln1420 = store i32 %trunc_ln818_s, i4 %P_prior_V_addr"   --->   Operation 92 'store' 'store_ln1420' <Predicate = true> <Delay = 2.32> <CoreInst = "RAM_1WnR">   --->   Core 83 'RAM_1WnR' <Latency = 1> <II = 1> <Delay = 2.32> <Storage> <Opcode : 'load' 'store'> <Ports = 17> <Width = 32> <Depth = 16> <RAM>
ST_7 : Operation 93 [1/1] (0.00ns)   --->   "%br_ln28 = br void %for.body41.i" [kalman_hls/kalman.cpp:28]   --->   Operation 93 'br' 'br_ln28' <Predicate = true> <Delay = 0.00>


============================================================
+ Verbose Summary: Binding
============================================================
STG Binding: 
---------------- STG Properties BEGIN ----------------
- Is combinational: 0
- Is one-state seq: 0
- Is datapath-only: 0
- Is pipelined: 0
- Is top level: 0
Port [ Return ] is wired: 1; IO mode=ap_ctrl_hs:ce=0
Port [ P_prior_V]:  wired=1; compound=1; hidden=0; nouse=0; global=0; static=0; extern=0; dir=1; type=1; pingpong=0; private_global=0; MemPort=[03333333333333333]; IO mode=ap_memory:ce=0
Port [ P_init_V]:  wired=1; compound=1; hidden=0; nouse=0; global=1; static=1; extern=0; dir=0; type=1; pingpong=0; private_global=0; MemPort=[11]; IO mode=ap_memory:ce=0
---------------- STG Properties END ------------------

---------------- Datapath Model BEGIN ----------------

<LifeTime>
<method=bitvector/>
j                   (alloca           ) [ 01100000]
i_1                 (alloca           ) [ 01100000]
indvar_flatten      (alloca           ) [ 01000000]
store_ln0           (store            ) [ 00000000]
store_ln0           (store            ) [ 00000000]
store_ln0           (store            ) [ 00000000]
br_ln0              (br               ) [ 00000000]
indvar_flatten_load (load             ) [ 00000000]
specpipeline_ln0    (specpipeline     ) [ 00000000]
icmp_ln27           (icmp             ) [ 01111100]
add_ln27_1          (add              ) [ 00000000]
br_ln27             (br               ) [ 00000000]
j_load              (load             ) [ 00000000]
icmp_ln28           (icmp             ) [ 00100000]
select_ln27         (select           ) [ 00100000]
j_cast              (zext             ) [ 00000000]
zext_ln1273         (zext             ) [ 01110000]
P_init_V_addr       (getelementptr    ) [ 00100000]
add_ln1273          (add              ) [ 00000000]
zext_ln1273_8       (zext             ) [ 00000000]
P_init_V_addr_1     (getelementptr    ) [ 00100000]
store_ln28          (store            ) [ 00000000]
i_1_load            (load             ) [ 00000000]
add_ln27            (add              ) [ 00000000]
select_ln27_1       (select           ) [ 00000000]
trunc_ln29          (trunc            ) [ 01010000]
tmp_14_cast         (bitconcatenate   ) [ 00000000]
zext_ln1273_9       (zext             ) [ 00000000]
P_init_V_addr_2     (getelementptr    ) [ 01010000]
xor_ln1273          (xor              ) [ 00000000]
sext_ln1273         (sext             ) [ 00000000]
zext_ln1273_10      (zext             ) [ 00000000]
P_init_V_addr_3     (getelementptr    ) [ 01010000]
tmp_4               (mux              ) [ 01010000]
P_init_V_load       (load             ) [ 01010000]
tmp_5               (mux              ) [ 01010000]
P_init_V_load_1     (load             ) [ 01010000]
add_ln28            (add              ) [ 00000000]
store_ln28          (store            ) [ 00000000]
store_ln28          (store            ) [ 00000000]
tmp_s               (bitconcatenate   ) [ 00000000]
add_ln29            (add              ) [ 01101111]
zext_ln1273_4       (zext             ) [ 00101000]
sext_ln1273_3       (sext             ) [ 00101000]
zext_ln1273_5       (zext             ) [ 00101000]
sext_ln1273_4       (sext             ) [ 00101000]
tmp_6               (mux              ) [ 00101000]
P_init_V_load_2     (load             ) [ 00101000]
tmp_7               (mux              ) [ 00101000]
P_init_V_load_3     (load             ) [ 00101000]
mul_ln1273          (mul              ) [ 00000000]
mul_ln1273_3        (mul              ) [ 01000100]
tmp_8               (partselect       ) [ 01000100]
zext_ln1273_6       (zext             ) [ 01000100]
sext_ln1273_5       (sext             ) [ 01000100]
zext_ln1273_7       (zext             ) [ 01000100]
sext_ln1273_6       (sext             ) [ 01000100]
shl_ln838_7         (bitconcatenate   ) [ 00000000]
add_ln1347_3        (add              ) [ 00000000]
mul_ln1273_4        (mul              ) [ 00100010]
tmp_9               (partselect       ) [ 00100010]
mul_ln1273_5        (mul              ) [ 00100010]
shl_ln838_8         (bitconcatenate   ) [ 00000000]
add_ln1347          (add              ) [ 00000000]
tmp_10              (partselect       ) [ 00000000]
shl_ln838_9         (bitconcatenate   ) [ 00000000]
add_ln1347_4        (add              ) [ 00000000]
trunc_ln818_s       (partselect       ) [ 01000001]
specloopname_ln0    (specloopname     ) [ 00000000]
empty               (speclooptripcount) [ 00000000]
specpipeline_ln0    (specpipeline     ) [ 00000000]
zext_ln29           (zext             ) [ 00000000]
P_prior_V_addr      (getelementptr    ) [ 00000000]
specloopname_ln28   (specloopname     ) [ 00000000]
store_ln1420        (store            ) [ 00000000]
br_ln28             (br               ) [ 00000000]
ret_ln0             (ret              ) [ 00000000]
</LifeTime>

<model>

<comp_list>
<comp id="0" class="1000" name="P_prior_V">
<pin_list>
<pin id="1" dir="1" index="0" bw="1" slack="0"/>
</pin_list>
<bind>
<StgValue><ssdm name="P_prior_V"/><MemPortTyVec>0 3 3 3 3 3 3 3 3 3 3 3 3 3 3 3 3 </MemPortTyVec>
</StgValue>
</bind>
</comp>

<comp id="2" class="1000" name="P_init_V">
<pin_list>
<pin id="3" dir="1" index="0" bw="1" slack="0"/>
</pin_list>
<bind>
<StgValue><ssdm name="P_init_V"/><MemPortTyVec>1 1 </MemPortTyVec>
</StgValue>
</bind>
</comp>

<comp id="4" class="1001" name="const_4">
<pin_list>
<pin id="5" dir="1" index="0" bw="1" slack="0"/>
</pin_list>
<bind>
<StgValue><ssdm name=""/></StgValue>
</bind>
</comp>

<comp id="6" class="1001" name="const_6">
<pin_list>
<pin id="7" dir="1" index="0" bw="1" slack="0"/>
</pin_list>
<bind>
<StgValue><ssdm name=""/></StgValue>
</bind>
</comp>

<comp id="8" class="1001" name="const_8">
<pin_list>
<pin id="9" dir="1" index="0" bw="1" slack="0"/>
</pin_list>
<bind>
<StgValue><ssdm name=""/></StgValue>
</bind>
</comp>

<comp id="10" class="1001" name="const_10">
<pin_list>
<pin id="11" dir="1" index="0" bw="1" slack="2147483647"/>
</pin_list>
<bind>
<StgValue><ssdm name="_ssdm_op_SpecPipeline"/></StgValue>
</bind>
</comp>

<comp id="12" class="1001" name="const_12">
<pin_list>
<pin id="13" dir="1" index="0" bw="1" slack="2147483647"/>
</pin_list>
<bind>
<StgValue><ssdm name=""/></StgValue>
</bind>
</comp>

<comp id="14" class="1001" name="const_14">
<pin_list>
<pin id="15" dir="1" index="0" bw="1" slack="0"/>
</pin_list>
<bind>
<StgValue><ssdm name=""/></StgValue>
</bind>
</comp>

<comp id="16" class="1001" name="const_16">
<pin_list>
<pin id="17" dir="1" index="0" bw="1" slack="2147483647"/>
</pin_list>
<bind>
<StgValue><ssdm name="p_str"/></StgValue>
</bind>
</comp>

<comp id="18" class="1001" name="const_18">
<pin_list>
<pin id="19" dir="1" index="0" bw="1" slack="0"/>
</pin_list>
<bind>
<StgValue><ssdm name=""/></StgValue>
</bind>
</comp>

<comp id="20" class="1001" name="const_20">
<pin_list>
<pin id="21" dir="1" index="0" bw="1" slack="0"/>
</pin_list>
<bind>
<StgValue><ssdm name=""/></StgValue>
</bind>
</comp>

<comp id="22" class="1001" name="const_22">
<pin_list>
<pin id="23" dir="1" index="0" bw="1" slack="0"/>
</pin_list>
<bind>
<StgValue><ssdm name=""/></StgValue>
</bind>
</comp>

<comp id="24" class="1001" name="const_24">
<pin_list>
<pin id="25" dir="1" index="0" bw="1" slack="0"/>
</pin_list>
<bind>
<StgValue><ssdm name=""/></StgValue>
</bind>
</comp>

<comp id="26" class="1001" name="const_26">
<pin_list>
<pin id="27" dir="1" index="0" bw="1" slack="0"/>
</pin_list>
<bind>
<StgValue><ssdm name=""/></StgValue>
</bind>
</comp>

<comp id="28" class="1001" name="const_28">
<pin_list>
<pin id="29" dir="1" index="0" bw="1" slack="0"/>
</pin_list>
<bind>
<StgValue><ssdm name=""/></StgValue>
</bind>
</comp>

<comp id="30" class="1001" name="const_30">
<pin_list>
<pin id="31" dir="1" index="0" bw="1" slack="0"/>
</pin_list>
<bind>
<StgValue><ssdm name="_ssdm_op_BitConcatenate.i4.i1.i3"/></StgValue>
</bind>
</comp>

<comp id="32" class="1001" name="const_32">
<pin_list>
<pin id="33" dir="1" index="0" bw="1" slack="0"/>
</pin_list>
<bind>
<StgValue><ssdm name=""/></StgValue>
</bind>
</comp>

<comp id="34" class="1001" name="const_34">
<pin_list>
<pin id="35" dir="1" index="0" bw="1" slack="0"/>
</pin_list>
<bind>
<StgValue><ssdm name="_ssdm_op_Mux.ap_auto.4i32.i2"/></StgValue>
</bind>
</comp>

<comp id="36" class="1001" name="const_36">
<pin_list>
<pin id="37" dir="1" index="0" bw="1" slack="0"/>
</pin_list>
<bind>
<StgValue><ssdm name=""/></StgValue>
</bind>
</comp>

<comp id="38" class="1001" name="const_38">
<pin_list>
<pin id="39" dir="1" index="0" bw="1" slack="0"/>
</pin_list>
<bind>
<StgValue><ssdm name="_ssdm_op_BitConcatenate.i4.i2.i2"/></StgValue>
</bind>
</comp>

<comp id="40" class="1001" name="const_40">
<pin_list>
<pin id="41" dir="1" index="0" bw="1" slack="0"/>
</pin_list>
<bind>
<StgValue><ssdm name=""/></StgValue>
</bind>
</comp>

<comp id="42" class="1001" name="const_42">
<pin_list>
<pin id="43" dir="1" index="0" bw="1" slack="0"/>
</pin_list>
<bind>
<StgValue><ssdm name="_ssdm_op_PartSelect.i32.i48.i32.i32"/></StgValue>
</bind>
</comp>

<comp id="44" class="1001" name="const_44">
<pin_list>
<pin id="45" dir="1" index="0" bw="1" slack="0"/>
</pin_list>
<bind>
<StgValue><ssdm name=""/></StgValue>
</bind>
</comp>

<comp id="46" class="1001" name="const_46">
<pin_list>
<pin id="47" dir="1" index="0" bw="1" slack="0"/>
</pin_list>
<bind>
<StgValue><ssdm name=""/></StgValue>
</bind>
</comp>

<comp id="48" class="1001" name="const_48">
<pin_list>
<pin id="49" dir="1" index="0" bw="1" slack="0"/>
</pin_list>
<bind>
<StgValue><ssdm name="_ssdm_op_BitConcatenate.i48.i32.i16"/></StgValue>
</bind>
</comp>

<comp id="50" class="1001" name="const_50">
<pin_list>
<pin id="51" dir="1" index="0" bw="1" slack="0"/>
</pin_list>
<bind>
<StgValue><ssdm name=""/></StgValue>
</bind>
</comp>

<comp id="52" class="1001" name="const_52">
<pin_list>
<pin id="53" dir="1" index="0" bw="1" slack="2147483647"/>
</pin_list>
<bind>
<StgValue><ssdm name="_ssdm_op_SpecLoopName"/></StgValue>
</bind>
</comp>

<comp id="54" class="1001" name="const_54">
<pin_list>
<pin id="55" dir="1" index="0" bw="1" slack="2147483647"/>
</pin_list>
<bind>
<StgValue><ssdm name="VITIS_LOOP_27_3_VITIS_LOOP_28_4_str"/></StgValue>
</bind>
</comp>

<comp id="56" class="1001" name="const_56">
<pin_list>
<pin id="57" dir="1" index="0" bw="1" slack="2147483647"/>
</pin_list>
<bind>
<StgValue><ssdm name="_ssdm_op_SpecLoopTripCount"/></StgValue>
</bind>
</comp>

<comp id="58" class="1001" name="const_58">
<pin_list>
<pin id="59" dir="1" index="0" bw="1" slack="2147483647"/>
</pin_list>
<bind>
<StgValue><ssdm name=""/></StgValue>
</bind>
</comp>

<comp id="60" class="1001" name="const_60">
<pin_list>
<pin id="61" dir="1" index="0" bw="1" slack="2147483647"/>
</pin_list>
<bind>
<StgValue><ssdm name="empty_18"/></StgValue>
</bind>
</comp>

<comp id="62" class="1004" name="j_fu_62">
<pin_list>
<pin id="63" dir="0" index="0" bw="1" slack="0"/>
<pin id="64" dir="1" index="1" bw="3" slack="0"/>
</pin_list>
<bind>
<opcode="alloca(26) " fcode="alloca"/>
<opset="j/1 "/>
</bind>
</comp>

<comp id="66" class="1004" name="i_1_fu_66">
<pin_list>
<pin id="67" dir="0" index="0" bw="1" slack="0"/>
<pin id="68" dir="1" index="1" bw="3" slack="0"/>
</pin_list>
<bind>
<opcode="alloca(26) " fcode="alloca"/>
<opset="i_1/1 "/>
</bind>
</comp>

<comp id="70" class="1004" name="indvar_flatten_fu_70">
<pin_list>
<pin id="71" dir="0" index="0" bw="1" slack="0"/>
<pin id="72" dir="1" index="1" bw="5" slack="0"/>
</pin_list>
<bind>
<opcode="alloca(26) " fcode="alloca"/>
<opset="indvar_flatten/1 "/>
</bind>
</comp>

<comp id="74" class="1004" name="P_init_V_addr_gep_fu_74">
<pin_list>
<pin id="75" dir="0" index="0" bw="32" slack="0"/>
<pin id="76" dir="0" index="1" bw="1" slack="0"/>
<pin id="77" dir="0" index="2" bw="3" slack="0"/>
<pin id="78" dir="1" index="3" bw="4" slack="0"/>
</pin_list>
<bind>
<opcode="getelementptr(29) " fcode="getelementptr"/>
<opset="P_init_V_addr/1 "/>
</bind>
</comp>

<comp id="81" class="1004" name="P_init_V_addr_1_gep_fu_81">
<pin_list>
<pin id="82" dir="0" index="0" bw="32" slack="0"/>
<pin id="83" dir="0" index="1" bw="1" slack="0"/>
<pin id="84" dir="0" index="2" bw="4" slack="0"/>
<pin id="85" dir="1" index="3" bw="4" slack="0"/>
</pin_list>
<bind>
<opcode="getelementptr(29) " fcode="getelementptr"/>
<opset="P_init_V_addr_1/1 "/>
</bind>
</comp>

<comp id="88" class="1004" name="grp_access_fu_88">
<pin_list>
<pin id="89" dir="0" index="0" bw="4" slack="0"/>
<pin id="90" dir="0" index="1" bw="32" slack="2147483647"/>
<pin id="91" dir="0" index="2" bw="0" slack="0"/>
<pin id="93" dir="0" index="4" bw="4" slack="2147483647"/>
<pin id="94" dir="0" index="5" bw="32" slack="2147483647"/>
<pin id="95" dir="0" index="6" bw="0" slack="2147483647"/>
<pin id="92" dir="1" index="3" bw="32" slack="1"/>
<pin id="96" dir="1" index="7" bw="32" slack="1"/>
</pin_list>
<bind>
<opcode="load(27) " fcode="load"/>
<opset="P_init_V_load/1 P_init_V_load_1/1 P_init_V_load_2/2 P_init_V_load_3/2 "/>
</bind>
</comp>

<comp id="99" class="1004" name="P_init_V_addr_2_gep_fu_99">
<pin_list>
<pin id="100" dir="0" index="0" bw="32" slack="0"/>
<pin id="101" dir="0" index="1" bw="1" slack="0"/>
<pin id="102" dir="0" index="2" bw="4" slack="0"/>
<pin id="103" dir="1" index="3" bw="4" slack="0"/>
</pin_list>
<bind>
<opcode="getelementptr(29) " fcode="getelementptr"/>
<opset="P_init_V_addr_2/2 "/>
</bind>
</comp>

<comp id="106" class="1004" name="P_init_V_addr_3_gep_fu_106">
<pin_list>
<pin id="107" dir="0" index="0" bw="32" slack="0"/>
<pin id="108" dir="0" index="1" bw="1" slack="0"/>
<pin id="109" dir="0" index="2" bw="4" slack="0"/>
<pin id="110" dir="1" index="3" bw="4" slack="0"/>
</pin_list>
<bind>
<opcode="getelementptr(29) " fcode="getelementptr"/>
<opset="P_init_V_addr_3/2 "/>
</bind>
</comp>

<comp id="115" class="1004" name="P_prior_V_addr_gep_fu_115">
<pin_list>
<pin id="116" dir="0" index="0" bw="32" slack="0"/>
<pin id="117" dir="0" index="1" bw="1" slack="0"/>
<pin id="118" dir="0" index="2" bw="4" slack="0"/>
<pin id="119" dir="1" index="3" bw="4" slack="0"/>
</pin_list>
<bind>
<opcode="getelementptr(29) " fcode="getelementptr"/>
<opset="P_prior_V_addr/7 "/>
</bind>
</comp>

<comp id="122" class="1004" name="store_ln1420_access_fu_122">
<pin_list>
<pin id="123" dir="0" index="0" bw="4" slack="0"/>
<pin id="124" dir="0" index="1" bw="32" slack="1"/>
<pin id="125" dir="0" index="2" bw="0" slack="2147483647"/>
<pin id="126" dir="1" index="3" bw="32" slack="2147483647"/>
</pin_list>
<bind>
<opcode="store(28) " fcode="store"/>
<opset="store_ln1420/7 "/>
</bind>
</comp>

<comp id="128" class="1005" name="reg_128">
<pin_list>
<pin id="129" dir="0" index="0" bw="32" slack="1"/>
<pin id="130" dir="1" index="1" bw="32" slack="1"/>
</pin_list>
<bind>
<opset="P_init_V_load P_init_V_load_2 "/>
</bind>
</comp>

<comp id="132" class="1005" name="reg_132">
<pin_list>
<pin id="133" dir="0" index="0" bw="32" slack="1"/>
<pin id="134" dir="1" index="1" bw="32" slack="1"/>
</pin_list>
<bind>
<opset="P_init_V_load_1 P_init_V_load_3 "/>
</bind>
</comp>

<comp id="136" class="1004" name="store_ln0_store_fu_136">
<pin_list>
<pin id="137" dir="0" index="0" bw="1" slack="0"/>
<pin id="138" dir="0" index="1" bw="5" slack="0"/>
<pin id="139" dir="1" index="2" bw="0" slack="2147483647"/>
</pin_list>
<bind>
<opcode="store(28) " fcode="store"/>
<opset="store_ln0/1 "/>
</bind>
</comp>

<comp id="141" class="1004" name="store_ln0_store_fu_141">
<pin_list>
<pin id="142" dir="0" index="0" bw="1" slack="0"/>
<pin id="143" dir="0" index="1" bw="3" slack="0"/>
<pin id="144" dir="1" index="2" bw="0" slack="2147483647"/>
</pin_list>
<bind>
<opcode="store(28) " fcode="store"/>
<opset="store_ln0/1 "/>
</bind>
</comp>

<comp id="146" class="1004" name="store_ln0_store_fu_146">
<pin_list>
<pin id="147" dir="0" index="0" bw="1" slack="0"/>
<pin id="148" dir="0" index="1" bw="3" slack="0"/>
<pin id="149" dir="1" index="2" bw="0" slack="2147483647"/>
</pin_list>
<bind>
<opcode="store(28) " fcode="store"/>
<opset="store_ln0/1 "/>
</bind>
</comp>

<comp id="151" class="1004" name="indvar_flatten_load_load_fu_151">
<pin_list>
<pin id="152" dir="0" index="0" bw="5" slack="0"/>
<pin id="153" dir="1" index="1" bw="5" slack="0"/>
</pin_list>
<bind>
<opcode="load(27) " fcode="load"/>
<opset="indvar_flatten_load/1 "/>
</bind>
</comp>

<comp id="154" class="1004" name="icmp_ln27_fu_154">
<pin_list>
<pin id="155" dir="0" index="0" bw="5" slack="0"/>
<pin id="156" dir="0" index="1" bw="5" slack="0"/>
<pin id="157" dir="1" index="2" bw="1" slack="1"/>
</pin_list>
<bind>
<opcode="icmp(45) " fcode="icmp"/>
<opset="icmp_ln27/1 "/>
</bind>
</comp>

<comp id="160" class="1004" name="add_ln27_1_fu_160">
<pin_list>
<pin id="161" dir="0" index="0" bw="5" slack="0"/>
<pin id="162" dir="0" index="1" bw="1" slack="0"/>
<pin id="163" dir="1" index="2" bw="5" slack="0"/>
</pin_list>
<bind>
<opcode="add(8) " fcode="add"/>
<opset="add_ln27_1/1 "/>
</bind>
</comp>

<comp id="166" class="1004" name="j_load_load_fu_166">
<pin_list>
<pin id="167" dir="0" index="0" bw="3" slack="0"/>
<pin id="168" dir="1" index="1" bw="3" slack="0"/>
</pin_list>
<bind>
<opcode="load(27) " fcode="load"/>
<opset="j_load/1 "/>
</bind>
</comp>

<comp id="169" class="1004" name="icmp_ln28_fu_169">
<pin_list>
<pin id="170" dir="0" index="0" bw="3" slack="0"/>
<pin id="171" dir="0" index="1" bw="3" slack="0"/>
<pin id="172" dir="1" index="2" bw="1" slack="0"/>
</pin_list>
<bind>
<opcode="icmp(45) " fcode="icmp"/>
<opset="icmp_ln28/1 "/>
</bind>
</comp>

<comp id="175" class="1004" name="select_ln27_fu_175">
<pin_list>
<pin id="176" dir="0" index="0" bw="1" slack="0"/>
<pin id="177" dir="0" index="1" bw="1" slack="0"/>
<pin id="178" dir="0" index="2" bw="3" slack="0"/>
<pin id="179" dir="1" index="3" bw="3" slack="0"/>
</pin_list>
<bind>
<opcode="select(49) " fcode="select"/>
<opset="select_ln27/1 "/>
</bind>
</comp>

<comp id="183" class="1004" name="j_cast_fu_183">
<pin_list>
<pin id="184" dir="0" index="0" bw="3" slack="0"/>
<pin id="185" dir="1" index="1" bw="64" slack="0"/>
</pin_list>
<bind>
<opcode="zext(34) " fcode="zext"/>
<opset="j_cast/1 "/>
</bind>
</comp>

<comp id="188" class="1004" name="zext_ln1273_fu_188">
<pin_list>
<pin id="189" dir="0" index="0" bw="3" slack="0"/>
<pin id="190" dir="1" index="1" bw="4" slack="0"/>
</pin_list>
<bind>
<opcode="zext(34) " fcode="zext"/>
<opset="zext_ln1273/1 "/>
</bind>
</comp>

<comp id="192" class="1004" name="add_ln1273_fu_192">
<pin_list>
<pin id="193" dir="0" index="0" bw="3" slack="0"/>
<pin id="194" dir="0" index="1" bw="4" slack="0"/>
<pin id="195" dir="1" index="2" bw="4" slack="0"/>
</pin_list>
<bind>
<opcode="add(8) " fcode="add"/>
<opset="add_ln1273/1 "/>
</bind>
</comp>

<comp id="198" class="1004" name="zext_ln1273_8_fu_198">
<pin_list>
<pin id="199" dir="0" index="0" bw="4" slack="0"/>
<pin id="200" dir="1" index="1" bw="64" slack="0"/>
</pin_list>
<bind>
<opcode="zext(34) " fcode="zext"/>
<opset="zext_ln1273_8/1 "/>
</bind>
</comp>

<comp id="203" class="1004" name="store_ln28_store_fu_203">
<pin_list>
<pin id="204" dir="0" index="0" bw="5" slack="0"/>
<pin id="205" dir="0" index="1" bw="5" slack="0"/>
<pin id="206" dir="1" index="2" bw="0" slack="2147483647"/>
</pin_list>
<bind>
<opcode="store(28) " fcode="store"/>
<opset="store_ln28/1 "/>
</bind>
</comp>

<comp id="208" class="1004" name="i_1_load_load_fu_208">
<pin_list>
<pin id="209" dir="0" index="0" bw="3" slack="1"/>
<pin id="210" dir="1" index="1" bw="3" slack="0"/>
</pin_list>
<bind>
<opcode="load(27) " fcode="load"/>
<opset="i_1_load/2 "/>
</bind>
</comp>

<comp id="211" class="1004" name="add_ln27_fu_211">
<pin_list>
<pin id="212" dir="0" index="0" bw="3" slack="0"/>
<pin id="213" dir="0" index="1" bw="1" slack="0"/>
<pin id="214" dir="1" index="2" bw="3" slack="0"/>
</pin_list>
<bind>
<opcode="add(8) " fcode="add"/>
<opset="add_ln27/2 "/>
</bind>
</comp>

<comp id="217" class="1004" name="select_ln27_1_fu_217">
<pin_list>
<pin id="218" dir="0" index="0" bw="1" slack="1"/>
<pin id="219" dir="0" index="1" bw="3" slack="0"/>
<pin id="220" dir="0" index="2" bw="3" slack="0"/>
<pin id="221" dir="1" index="3" bw="3" slack="0"/>
</pin_list>
<bind>
<opcode="select(49) " fcode="select"/>
<opset="select_ln27_1/2 "/>
</bind>
</comp>

<comp id="224" class="1004" name="trunc_ln29_fu_224">
<pin_list>
<pin id="225" dir="0" index="0" bw="3" slack="0"/>
<pin id="226" dir="1" index="1" bw="2" slack="0"/>
</pin_list>
<bind>
<opcode="trunc(33) " fcode="trunc"/>
<opset="trunc_ln29/2 "/>
</bind>
</comp>

<comp id="228" class="1004" name="tmp_14_cast_fu_228">
<pin_list>
<pin id="229" dir="0" index="0" bw="4" slack="0"/>
<pin id="230" dir="0" index="1" bw="1" slack="0"/>
<pin id="231" dir="0" index="2" bw="3" slack="1"/>
<pin id="232" dir="1" index="3" bw="4" slack="0"/>
</pin_list>
<bind>
<opcode="bitconcatenate(1004) " fcode="bitconcatenate"/>
<opset="tmp_14_cast/2 "/>
</bind>
</comp>

<comp id="235" class="1004" name="zext_ln1273_9_fu_235">
<pin_list>
<pin id="236" dir="0" index="0" bw="4" slack="0"/>
<pin id="237" dir="1" index="1" bw="64" slack="0"/>
</pin_list>
<bind>
<opcode="zext(34) " fcode="zext"/>
<opset="zext_ln1273_9/2 "/>
</bind>
</comp>

<comp id="240" class="1004" name="xor_ln1273_fu_240">
<pin_list>
<pin id="241" dir="0" index="0" bw="3" slack="1"/>
<pin id="242" dir="0" index="1" bw="3" slack="0"/>
<pin id="243" dir="1" index="2" bw="3" slack="0"/>
</pin_list>
<bind>
<opcode="xor(25) " fcode="xor"/>
<opset="xor_ln1273/2 "/>
</bind>
</comp>

<comp id="245" class="1004" name="sext_ln1273_fu_245">
<pin_list>
<pin id="246" dir="0" index="0" bw="3" slack="0"/>
<pin id="247" dir="1" index="1" bw="4" slack="0"/>
</pin_list>
<bind>
<opcode="sext(35) " fcode="sext"/>
<opset="sext_ln1273/2 "/>
</bind>
</comp>

<comp id="249" class="1004" name="zext_ln1273_10_fu_249">
<pin_list>
<pin id="250" dir="0" index="0" bw="3" slack="0"/>
<pin id="251" dir="1" index="1" bw="64" slack="0"/>
</pin_list>
<bind>
<opcode="zext(34) " fcode="zext"/>
<opset="zext_ln1273_10/2 "/>
</bind>
</comp>

<comp id="254" class="1004" name="tmp_4_fu_254">
<pin_list>
<pin id="255" dir="0" index="0" bw="32" slack="0"/>
<pin id="256" dir="0" index="1" bw="18" slack="0"/>
<pin id="257" dir="0" index="2" bw="1" slack="0"/>
<pin id="258" dir="0" index="3" bw="1" slack="0"/>
<pin id="259" dir="0" index="4" bw="1" slack="0"/>
<pin id="260" dir="0" index="5" bw="2" slack="0"/>
<pin id="261" dir="1" index="6" bw="32" slack="1"/>
</pin_list>
<bind>
<opcode="mux(1196) " fcode="mux"/>
<opset="tmp_4/2 "/>
</bind>
</comp>

<comp id="268" class="1004" name="tmp_5_fu_268">
<pin_list>
<pin id="269" dir="0" index="0" bw="32" slack="0"/>
<pin id="270" dir="0" index="1" bw="1" slack="0"/>
<pin id="271" dir="0" index="2" bw="18" slack="0"/>
<pin id="272" dir="0" index="3" bw="1" slack="0"/>
<pin id="273" dir="0" index="4" bw="1" slack="0"/>
<pin id="274" dir="0" index="5" bw="2" slack="0"/>
<pin id="275" dir="1" index="6" bw="32" slack="1"/>
</pin_list>
<bind>
<opcode="mux(1196) " fcode="mux"/>
<opset="tmp_5/2 "/>
</bind>
</comp>

<comp id="282" class="1004" name="add_ln28_fu_282">
<pin_list>
<pin id="283" dir="0" index="0" bw="3" slack="1"/>
<pin id="284" dir="0" index="1" bw="1" slack="0"/>
<pin id="285" dir="1" index="2" bw="3" slack="0"/>
</pin_list>
<bind>
<opcode="add(8) " fcode="add"/>
<opset="add_ln28/2 "/>
</bind>
</comp>

<comp id="287" class="1004" name="store_ln28_store_fu_287">
<pin_list>
<pin id="288" dir="0" index="0" bw="3" slack="0"/>
<pin id="289" dir="0" index="1" bw="3" slack="1"/>
<pin id="290" dir="1" index="2" bw="0" slack="2147483647"/>
</pin_list>
<bind>
<opcode="store(28) " fcode="store"/>
<opset="store_ln28/2 "/>
</bind>
</comp>

<comp id="292" class="1004" name="store_ln28_store_fu_292">
<pin_list>
<pin id="293" dir="0" index="0" bw="3" slack="0"/>
<pin id="294" dir="0" index="1" bw="3" slack="1"/>
<pin id="295" dir="1" index="2" bw="0" slack="2147483647"/>
</pin_list>
<bind>
<opcode="store(28) " fcode="store"/>
<opset="store_ln28/2 "/>
</bind>
</comp>

<comp id="297" class="1004" name="tmp_s_fu_297">
<pin_list>
<pin id="298" dir="0" index="0" bw="4" slack="0"/>
<pin id="299" dir="0" index="1" bw="2" slack="1"/>
<pin id="300" dir="0" index="2" bw="1" slack="0"/>
<pin id="301" dir="1" index="3" bw="4" slack="0"/>
</pin_list>
<bind>
<opcode="bitconcatenate(1004) " fcode="bitconcatenate"/>
<opset="tmp_s/3 "/>
</bind>
</comp>

<comp id="304" class="1004" name="add_ln29_fu_304">
<pin_list>
<pin id="305" dir="0" index="0" bw="4" slack="0"/>
<pin id="306" dir="0" index="1" bw="3" slack="2"/>
<pin id="307" dir="1" index="2" bw="4" slack="4"/>
</pin_list>
<bind>
<opcode="add(8) " fcode="add"/>
<opset="add_ln29/3 "/>
</bind>
</comp>

<comp id="309" class="1004" name="zext_ln1273_4_fu_309">
<pin_list>
<pin id="310" dir="0" index="0" bw="32" slack="1"/>
<pin id="311" dir="1" index="1" bw="48" slack="0"/>
</pin_list>
<bind>
<opcode="zext(34) " fcode="zext"/>
<opset="zext_ln1273_4/3 "/>
</bind>
</comp>

<comp id="312" class="1004" name="sext_ln1273_3_fu_312">
<pin_list>
<pin id="313" dir="0" index="0" bw="32" slack="1"/>
<pin id="314" dir="1" index="1" bw="48" slack="0"/>
</pin_list>
<bind>
<opcode="sext(35) " fcode="sext"/>
<opset="sext_ln1273_3/3 "/>
</bind>
</comp>

<comp id="316" class="1004" name="grp_fu_316">
<pin_list>
<pin id="317" dir="0" index="0" bw="32" slack="0"/>
<pin id="318" dir="0" index="1" bw="32" slack="0"/>
<pin id="319" dir="1" index="2" bw="48" slack="0"/>
</pin_list>
<bind>
<opcode="mul(12) " fcode="mul"/>
<opset="mul_ln1273/3 "/>
</bind>
</comp>

<comp id="322" class="1004" name="zext_ln1273_5_fu_322">
<pin_list>
<pin id="323" dir="0" index="0" bw="32" slack="1"/>
<pin id="324" dir="1" index="1" bw="48" slack="0"/>
</pin_list>
<bind>
<opcode="zext(34) " fcode="zext"/>
<opset="zext_ln1273_5/3 "/>
</bind>
</comp>

<comp id="325" class="1004" name="sext_ln1273_4_fu_325">
<pin_list>
<pin id="326" dir="0" index="0" bw="32" slack="1"/>
<pin id="327" dir="1" index="1" bw="48" slack="0"/>
</pin_list>
<bind>
<opcode="sext(35) " fcode="sext"/>
<opset="sext_ln1273_4/3 "/>
</bind>
</comp>

<comp id="329" class="1004" name="grp_fu_329">
<pin_list>
<pin id="330" dir="0" index="0" bw="32" slack="0"/>
<pin id="331" dir="0" index="1" bw="32" slack="0"/>
<pin id="332" dir="1" index="2" bw="48" slack="1"/>
</pin_list>
<bind>
<opcode="mul(12) " fcode="mul"/>
<opset="mul_ln1273_3/3 "/>
</bind>
</comp>

<comp id="335" class="1004" name="tmp_6_fu_335">
<pin_list>
<pin id="336" dir="0" index="0" bw="32" slack="0"/>
<pin id="337" dir="0" index="1" bw="18" slack="0"/>
<pin id="338" dir="0" index="2" bw="1" slack="0"/>
<pin id="339" dir="0" index="3" bw="18" slack="0"/>
<pin id="340" dir="0" index="4" bw="1" slack="0"/>
<pin id="341" dir="0" index="5" bw="2" slack="1"/>
<pin id="342" dir="1" index="6" bw="32" slack="1"/>
</pin_list>
<bind>
<opcode="mux(1196) " fcode="mux"/>
<opset="tmp_6/3 "/>
</bind>
</comp>

<comp id="348" class="1004" name="tmp_7_fu_348">
<pin_list>
<pin id="349" dir="0" index="0" bw="32" slack="0"/>
<pin id="350" dir="0" index="1" bw="1" slack="0"/>
<pin id="351" dir="0" index="2" bw="18" slack="0"/>
<pin id="352" dir="0" index="3" bw="1" slack="0"/>
<pin id="353" dir="0" index="4" bw="18" slack="0"/>
<pin id="354" dir="0" index="5" bw="2" slack="1"/>
<pin id="355" dir="1" index="6" bw="32" slack="1"/>
</pin_list>
<bind>
<opcode="mux(1196) " fcode="mux"/>
<opset="tmp_7/3 "/>
</bind>
</comp>

<comp id="361" class="1004" name="tmp_8_fu_361">
<pin_list>
<pin id="362" dir="0" index="0" bw="32" slack="0"/>
<pin id="363" dir="0" index="1" bw="48" slack="0"/>
<pin id="364" dir="0" index="2" bw="6" slack="0"/>
<pin id="365" dir="0" index="3" bw="7" slack="0"/>
<pin id="366" dir="1" index="4" bw="32" slack="1"/>
</pin_list>
<bind>
<opcode="partselect(1002) " fcode="partselect"/>
<opset="tmp_8/4 "/>
</bind>
</comp>

<comp id="371" class="1004" name="zext_ln1273_6_fu_371">
<pin_list>
<pin id="372" dir="0" index="0" bw="32" slack="1"/>
<pin id="373" dir="1" index="1" bw="48" slack="0"/>
</pin_list>
<bind>
<opcode="zext(34) " fcode="zext"/>
<opset="zext_ln1273_6/4 "/>
</bind>
</comp>

<comp id="374" class="1004" name="sext_ln1273_5_fu_374">
<pin_list>
<pin id="375" dir="0" index="0" bw="32" slack="1"/>
<pin id="376" dir="1" index="1" bw="48" slack="0"/>
</pin_list>
<bind>
<opcode="sext(35) " fcode="sext"/>
<opset="sext_ln1273_5/4 "/>
</bind>
</comp>

<comp id="378" class="1004" name="grp_fu_378">
<pin_list>
<pin id="379" dir="0" index="0" bw="32" slack="0"/>
<pin id="380" dir="0" index="1" bw="32" slack="0"/>
<pin id="381" dir="1" index="2" bw="48" slack="1"/>
</pin_list>
<bind>
<opcode="mul(12) " fcode="mul"/>
<opset="mul_ln1273_4/4 "/>
</bind>
</comp>

<comp id="384" class="1004" name="zext_ln1273_7_fu_384">
<pin_list>
<pin id="385" dir="0" index="0" bw="32" slack="1"/>
<pin id="386" dir="1" index="1" bw="48" slack="0"/>
</pin_list>
<bind>
<opcode="zext(34) " fcode="zext"/>
<opset="zext_ln1273_7/4 "/>
</bind>
</comp>

<comp id="387" class="1004" name="sext_ln1273_6_fu_387">
<pin_list>
<pin id="388" dir="0" index="0" bw="32" slack="1"/>
<pin id="389" dir="1" index="1" bw="48" slack="0"/>
</pin_list>
<bind>
<opcode="sext(35) " fcode="sext"/>
<opset="sext_ln1273_6/4 "/>
</bind>
</comp>

<comp id="391" class="1004" name="grp_fu_391">
<pin_list>
<pin id="392" dir="0" index="0" bw="32" slack="0"/>
<pin id="393" dir="0" index="1" bw="32" slack="0"/>
<pin id="394" dir="1" index="2" bw="48" slack="1"/>
</pin_list>
<bind>
<opcode="mul(12) " fcode="mul"/>
<opset="mul_ln1273_5/4 "/>
</bind>
</comp>

<comp id="397" class="1004" name="shl_ln838_7_fu_397">
<pin_list>
<pin id="398" dir="0" index="0" bw="48" slack="0"/>
<pin id="399" dir="0" index="1" bw="32" slack="1"/>
<pin id="400" dir="0" index="2" bw="1" slack="0"/>
<pin id="401" dir="1" index="3" bw="48" slack="0"/>
</pin_list>
<bind>
<opcode="bitconcatenate(1004) " fcode="bitconcatenate"/>
<opset="shl_ln838_7/5 "/>
</bind>
</comp>

<comp id="404" class="1004" name="add_ln1347_3_fu_404">
<pin_list>
<pin id="405" dir="0" index="0" bw="48" slack="0"/>
<pin id="406" dir="0" index="1" bw="48" slack="1"/>
<pin id="407" dir="1" index="2" bw="48" slack="0"/>
</pin_list>
<bind>
<opcode="add(8) " fcode="add"/>
<opset="add_ln1347_3/5 "/>
</bind>
</comp>

<comp id="409" class="1004" name="tmp_9_fu_409">
<pin_list>
<pin id="410" dir="0" index="0" bw="32" slack="0"/>
<pin id="411" dir="0" index="1" bw="48" slack="0"/>
<pin id="412" dir="0" index="2" bw="6" slack="0"/>
<pin id="413" dir="0" index="3" bw="7" slack="0"/>
<pin id="414" dir="1" index="4" bw="32" slack="1"/>
</pin_list>
<bind>
<opcode="partselect(1002) " fcode="partselect"/>
<opset="tmp_9/5 "/>
</bind>
</comp>

<comp id="419" class="1004" name="shl_ln838_8_fu_419">
<pin_list>
<pin id="420" dir="0" index="0" bw="48" slack="0"/>
<pin id="421" dir="0" index="1" bw="32" slack="1"/>
<pin id="422" dir="0" index="2" bw="1" slack="0"/>
<pin id="423" dir="1" index="3" bw="48" slack="0"/>
</pin_list>
<bind>
<opcode="bitconcatenate(1004) " fcode="bitconcatenate"/>
<opset="shl_ln838_8/6 "/>
</bind>
</comp>

<comp id="426" class="1004" name="add_ln1347_fu_426">
<pin_list>
<pin id="427" dir="0" index="0" bw="48" slack="0"/>
<pin id="428" dir="0" index="1" bw="48" slack="1"/>
<pin id="429" dir="1" index="2" bw="48" slack="0"/>
</pin_list>
<bind>
<opcode="add(8) " fcode="add"/>
<opset="add_ln1347/6 "/>
</bind>
</comp>

<comp id="431" class="1004" name="tmp_10_fu_431">
<pin_list>
<pin id="432" dir="0" index="0" bw="32" slack="0"/>
<pin id="433" dir="0" index="1" bw="48" slack="0"/>
<pin id="434" dir="0" index="2" bw="6" slack="0"/>
<pin id="435" dir="0" index="3" bw="7" slack="0"/>
<pin id="436" dir="1" index="4" bw="32" slack="0"/>
</pin_list>
<bind>
<opcode="partselect(1002) " fcode="partselect"/>
<opset="tmp_10/6 "/>
</bind>
</comp>

<comp id="441" class="1004" name="shl_ln838_9_fu_441">
<pin_list>
<pin id="442" dir="0" index="0" bw="48" slack="0"/>
<pin id="443" dir="0" index="1" bw="32" slack="0"/>
<pin id="444" dir="0" index="2" bw="1" slack="0"/>
<pin id="445" dir="1" index="3" bw="48" slack="0"/>
</pin_list>
<bind>
<opcode="bitconcatenate(1004) " fcode="bitconcatenate"/>
<opset="shl_ln838_9/6 "/>
</bind>
</comp>

<comp id="449" class="1004" name="add_ln1347_4_fu_449">
<pin_list>
<pin id="450" dir="0" index="0" bw="48" slack="0"/>
<pin id="451" dir="0" index="1" bw="48" slack="1"/>
<pin id="452" dir="1" index="2" bw="48" slack="0"/>
</pin_list>
<bind>
<opcode="add(8) " fcode="add"/>
<opset="add_ln1347_4/6 "/>
</bind>
</comp>

<comp id="454" class="1004" name="trunc_ln818_s_fu_454">
<pin_list>
<pin id="455" dir="0" index="0" bw="32" slack="0"/>
<pin id="456" dir="0" index="1" bw="48" slack="0"/>
<pin id="457" dir="0" index="2" bw="6" slack="0"/>
<pin id="458" dir="0" index="3" bw="7" slack="0"/>
<pin id="459" dir="1" index="4" bw="32" slack="1"/>
</pin_list>
<bind>
<opcode="partselect(1002) " fcode="partselect"/>
<opset="trunc_ln818_s/6 "/>
</bind>
</comp>

<comp id="464" class="1004" name="zext_ln29_fu_464">
<pin_list>
<pin id="465" dir="0" index="0" bw="4" slack="4"/>
<pin id="466" dir="1" index="1" bw="64" slack="0"/>
</pin_list>
<bind>
<opcode="zext(34) " fcode="zext"/>
<opset="zext_ln29/7 "/>
</bind>
</comp>

<comp id="468" class="1005" name="j_reg_468">
<pin_list>
<pin id="469" dir="0" index="0" bw="3" slack="0"/>
<pin id="470" dir="1" index="1" bw="3" slack="0"/>
</pin_list>
<bind>
<opset="j "/>
</bind>
</comp>

<comp id="475" class="1005" name="i_1_reg_475">
<pin_list>
<pin id="476" dir="0" index="0" bw="3" slack="0"/>
<pin id="477" dir="1" index="1" bw="3" slack="0"/>
</pin_list>
<bind>
<opset="i_1 "/>
</bind>
</comp>

<comp id="482" class="1005" name="indvar_flatten_reg_482">
<pin_list>
<pin id="483" dir="0" index="0" bw="5" slack="0"/>
<pin id="484" dir="1" index="1" bw="5" slack="0"/>
</pin_list>
<bind>
<opset="indvar_flatten "/>
</bind>
</comp>

<comp id="489" class="1005" name="icmp_ln27_reg_489">
<pin_list>
<pin id="490" dir="0" index="0" bw="1" slack="1"/>
<pin id="491" dir="1" index="1" bw="1" slack="2147483647"/>
</pin_list>
<bind>
<opset="icmp_ln27 "/>
</bind>
</comp>

<comp id="493" class="1005" name="icmp_ln28_reg_493">
<pin_list>
<pin id="494" dir="0" index="0" bw="1" slack="1"/>
<pin id="495" dir="1" index="1" bw="1" slack="1"/>
</pin_list>
<bind>
<opset="icmp_ln28 "/>
</bind>
</comp>

<comp id="498" class="1005" name="select_ln27_reg_498">
<pin_list>
<pin id="499" dir="0" index="0" bw="3" slack="1"/>
<pin id="500" dir="1" index="1" bw="3" slack="1"/>
</pin_list>
<bind>
<opset="select_ln27 "/>
</bind>
</comp>

<comp id="505" class="1005" name="zext_ln1273_reg_505">
<pin_list>
<pin id="506" dir="0" index="0" bw="4" slack="2"/>
<pin id="507" dir="1" index="1" bw="4" slack="2"/>
</pin_list>
<bind>
<opset="zext_ln1273 "/>
</bind>
</comp>

<comp id="510" class="1005" name="P_init_V_addr_reg_510">
<pin_list>
<pin id="511" dir="0" index="0" bw="4" slack="1"/>
<pin id="512" dir="1" index="1" bw="4" slack="1"/>
</pin_list>
<bind>
<opset="P_init_V_addr "/>
</bind>
</comp>

<comp id="515" class="1005" name="P_init_V_addr_1_reg_515">
<pin_list>
<pin id="516" dir="0" index="0" bw="4" slack="1"/>
<pin id="517" dir="1" index="1" bw="4" slack="1"/>
</pin_list>
<bind>
<opset="P_init_V_addr_1 "/>
</bind>
</comp>

<comp id="520" class="1005" name="trunc_ln29_reg_520">
<pin_list>
<pin id="521" dir="0" index="0" bw="2" slack="1"/>
<pin id="522" dir="1" index="1" bw="2" slack="1"/>
</pin_list>
<bind>
<opset="trunc_ln29 "/>
</bind>
</comp>

<comp id="527" class="1005" name="P_init_V_addr_2_reg_527">
<pin_list>
<pin id="528" dir="0" index="0" bw="4" slack="1"/>
<pin id="529" dir="1" index="1" bw="4" slack="1"/>
</pin_list>
<bind>
<opset="P_init_V_addr_2 "/>
</bind>
</comp>

<comp id="532" class="1005" name="P_init_V_addr_3_reg_532">
<pin_list>
<pin id="533" dir="0" index="0" bw="4" slack="1"/>
<pin id="534" dir="1" index="1" bw="4" slack="1"/>
</pin_list>
<bind>
<opset="P_init_V_addr_3 "/>
</bind>
</comp>

<comp id="537" class="1005" name="tmp_4_reg_537">
<pin_list>
<pin id="538" dir="0" index="0" bw="32" slack="1"/>
<pin id="539" dir="1" index="1" bw="32" slack="1"/>
</pin_list>
<bind>
<opset="tmp_4 "/>
</bind>
</comp>

<comp id="542" class="1005" name="tmp_5_reg_542">
<pin_list>
<pin id="543" dir="0" index="0" bw="32" slack="1"/>
<pin id="544" dir="1" index="1" bw="32" slack="1"/>
</pin_list>
<bind>
<opset="tmp_5 "/>
</bind>
</comp>

<comp id="547" class="1005" name="add_ln29_reg_547">
<pin_list>
<pin id="548" dir="0" index="0" bw="4" slack="4"/>
<pin id="549" dir="1" index="1" bw="4" slack="4"/>
</pin_list>
<bind>
<opset="add_ln29 "/>
</bind>
</comp>

<comp id="552" class="1005" name="zext_ln1273_4_reg_552">
<pin_list>
<pin id="553" dir="0" index="0" bw="48" slack="1"/>
<pin id="554" dir="1" index="1" bw="48" slack="1"/>
</pin_list>
<bind>
<opset="zext_ln1273_4 "/>
</bind>
</comp>

<comp id="557" class="1005" name="sext_ln1273_3_reg_557">
<pin_list>
<pin id="558" dir="0" index="0" bw="48" slack="1"/>
<pin id="559" dir="1" index="1" bw="48" slack="1"/>
</pin_list>
<bind>
<opset="sext_ln1273_3 "/>
</bind>
</comp>

<comp id="562" class="1005" name="zext_ln1273_5_reg_562">
<pin_list>
<pin id="563" dir="0" index="0" bw="48" slack="1"/>
<pin id="564" dir="1" index="1" bw="48" slack="1"/>
</pin_list>
<bind>
<opset="zext_ln1273_5 "/>
</bind>
</comp>

<comp id="567" class="1005" name="sext_ln1273_4_reg_567">
<pin_list>
<pin id="568" dir="0" index="0" bw="48" slack="1"/>
<pin id="569" dir="1" index="1" bw="48" slack="1"/>
</pin_list>
<bind>
<opset="sext_ln1273_4 "/>
</bind>
</comp>

<comp id="572" class="1005" name="tmp_6_reg_572">
<pin_list>
<pin id="573" dir="0" index="0" bw="32" slack="1"/>
<pin id="574" dir="1" index="1" bw="32" slack="1"/>
</pin_list>
<bind>
<opset="tmp_6 "/>
</bind>
</comp>

<comp id="577" class="1005" name="tmp_7_reg_577">
<pin_list>
<pin id="578" dir="0" index="0" bw="32" slack="1"/>
<pin id="579" dir="1" index="1" bw="32" slack="1"/>
</pin_list>
<bind>
<opset="tmp_7 "/>
</bind>
</comp>

<comp id="582" class="1005" name="mul_ln1273_3_reg_582">
<pin_list>
<pin id="583" dir="0" index="0" bw="48" slack="1"/>
<pin id="584" dir="1" index="1" bw="48" slack="1"/>
</pin_list>
<bind>
<opset="mul_ln1273_3 "/>
</bind>
</comp>

<comp id="587" class="1005" name="tmp_8_reg_587">
<pin_list>
<pin id="588" dir="0" index="0" bw="32" slack="1"/>
<pin id="589" dir="1" index="1" bw="32" slack="1"/>
</pin_list>
<bind>
<opset="tmp_8 "/>
</bind>
</comp>

<comp id="592" class="1005" name="zext_ln1273_6_reg_592">
<pin_list>
<pin id="593" dir="0" index="0" bw="48" slack="1"/>
<pin id="594" dir="1" index="1" bw="48" slack="1"/>
</pin_list>
<bind>
<opset="zext_ln1273_6 "/>
</bind>
</comp>

<comp id="597" class="1005" name="sext_ln1273_5_reg_597">
<pin_list>
<pin id="598" dir="0" index="0" bw="48" slack="1"/>
<pin id="599" dir="1" index="1" bw="48" slack="1"/>
</pin_list>
<bind>
<opset="sext_ln1273_5 "/>
</bind>
</comp>

<comp id="602" class="1005" name="zext_ln1273_7_reg_602">
<pin_list>
<pin id="603" dir="0" index="0" bw="48" slack="1"/>
<pin id="604" dir="1" index="1" bw="48" slack="1"/>
</pin_list>
<bind>
<opset="zext_ln1273_7 "/>
</bind>
</comp>

<comp id="607" class="1005" name="sext_ln1273_6_reg_607">
<pin_list>
<pin id="608" dir="0" index="0" bw="48" slack="1"/>
<pin id="609" dir="1" index="1" bw="48" slack="1"/>
</pin_list>
<bind>
<opset="sext_ln1273_6 "/>
</bind>
</comp>

<comp id="612" class="1005" name="mul_ln1273_4_reg_612">
<pin_list>
<pin id="613" dir="0" index="0" bw="48" slack="1"/>
<pin id="614" dir="1" index="1" bw="48" slack="1"/>
</pin_list>
<bind>
<opset="mul_ln1273_4 "/>
</bind>
</comp>

<comp id="617" class="1005" name="tmp_9_reg_617">
<pin_list>
<pin id="618" dir="0" index="0" bw="32" slack="1"/>
<pin id="619" dir="1" index="1" bw="32" slack="1"/>
</pin_list>
<bind>
<opset="tmp_9 "/>
</bind>
</comp>

<comp id="622" class="1005" name="mul_ln1273_5_reg_622">
<pin_list>
<pin id="623" dir="0" index="0" bw="48" slack="1"/>
<pin id="624" dir="1" index="1" bw="48" slack="1"/>
</pin_list>
<bind>
<opset="mul_ln1273_5 "/>
</bind>
</comp>

<comp id="627" class="1005" name="trunc_ln818_s_reg_627">
<pin_list>
<pin id="628" dir="0" index="0" bw="32" slack="1"/>
<pin id="629" dir="1" index="1" bw="32" slack="1"/>
</pin_list>
<bind>
<opset="trunc_ln818_s "/>
</bind>
</comp>

</comp_list>

<net_list>
<net id="65"><net_src comp="4" pin="0"/><net_sink comp="62" pin=0"/></net>

<net id="69"><net_src comp="4" pin="0"/><net_sink comp="66" pin=0"/></net>

<net id="73"><net_src comp="4" pin="0"/><net_sink comp="70" pin=0"/></net>

<net id="79"><net_src comp="2" pin="0"/><net_sink comp="74" pin=0"/></net>

<net id="80"><net_src comp="24" pin="0"/><net_sink comp="74" pin=1"/></net>

<net id="86"><net_src comp="2" pin="0"/><net_sink comp="81" pin=0"/></net>

<net id="87"><net_src comp="24" pin="0"/><net_sink comp="81" pin=1"/></net>

<net id="97"><net_src comp="74" pin="3"/><net_sink comp="88" pin=2"/></net>

<net id="98"><net_src comp="81" pin="3"/><net_sink comp="88" pin=0"/></net>

<net id="104"><net_src comp="2" pin="0"/><net_sink comp="99" pin=0"/></net>

<net id="105"><net_src comp="24" pin="0"/><net_sink comp="99" pin=1"/></net>

<net id="111"><net_src comp="2" pin="0"/><net_sink comp="106" pin=0"/></net>

<net id="112"><net_src comp="24" pin="0"/><net_sink comp="106" pin=1"/></net>

<net id="113"><net_src comp="99" pin="3"/><net_sink comp="88" pin=2"/></net>

<net id="114"><net_src comp="106" pin="3"/><net_sink comp="88" pin=0"/></net>

<net id="120"><net_src comp="0" pin="0"/><net_sink comp="115" pin=0"/></net>

<net id="121"><net_src comp="24" pin="0"/><net_sink comp="115" pin=1"/></net>

<net id="127"><net_src comp="115" pin="3"/><net_sink comp="122" pin=0"/></net>

<net id="131"><net_src comp="88" pin="7"/><net_sink comp="128" pin=0"/></net>

<net id="135"><net_src comp="88" pin="3"/><net_sink comp="132" pin=0"/></net>

<net id="140"><net_src comp="6" pin="0"/><net_sink comp="136" pin=0"/></net>

<net id="145"><net_src comp="8" pin="0"/><net_sink comp="141" pin=0"/></net>

<net id="150"><net_src comp="8" pin="0"/><net_sink comp="146" pin=0"/></net>

<net id="158"><net_src comp="151" pin="1"/><net_sink comp="154" pin=0"/></net>

<net id="159"><net_src comp="18" pin="0"/><net_sink comp="154" pin=1"/></net>

<net id="164"><net_src comp="151" pin="1"/><net_sink comp="160" pin=0"/></net>

<net id="165"><net_src comp="20" pin="0"/><net_sink comp="160" pin=1"/></net>

<net id="173"><net_src comp="166" pin="1"/><net_sink comp="169" pin=0"/></net>

<net id="174"><net_src comp="22" pin="0"/><net_sink comp="169" pin=1"/></net>

<net id="180"><net_src comp="169" pin="2"/><net_sink comp="175" pin=0"/></net>

<net id="181"><net_src comp="8" pin="0"/><net_sink comp="175" pin=1"/></net>

<net id="182"><net_src comp="166" pin="1"/><net_sink comp="175" pin=2"/></net>

<net id="186"><net_src comp="175" pin="3"/><net_sink comp="183" pin=0"/></net>

<net id="187"><net_src comp="183" pin="1"/><net_sink comp="74" pin=2"/></net>

<net id="191"><net_src comp="175" pin="3"/><net_sink comp="188" pin=0"/></net>

<net id="196"><net_src comp="188" pin="1"/><net_sink comp="192" pin=0"/></net>

<net id="197"><net_src comp="26" pin="0"/><net_sink comp="192" pin=1"/></net>

<net id="201"><net_src comp="192" pin="2"/><net_sink comp="198" pin=0"/></net>

<net id="202"><net_src comp="198" pin="1"/><net_sink comp="81" pin=2"/></net>

<net id="207"><net_src comp="160" pin="2"/><net_sink comp="203" pin=0"/></net>

<net id="215"><net_src comp="208" pin="1"/><net_sink comp="211" pin=0"/></net>

<net id="216"><net_src comp="28" pin="0"/><net_sink comp="211" pin=1"/></net>

<net id="222"><net_src comp="211" pin="2"/><net_sink comp="217" pin=1"/></net>

<net id="223"><net_src comp="208" pin="1"/><net_sink comp="217" pin=2"/></net>

<net id="227"><net_src comp="217" pin="3"/><net_sink comp="224" pin=0"/></net>

<net id="233"><net_src comp="30" pin="0"/><net_sink comp="228" pin=0"/></net>

<net id="234"><net_src comp="32" pin="0"/><net_sink comp="228" pin=1"/></net>

<net id="238"><net_src comp="228" pin="3"/><net_sink comp="235" pin=0"/></net>

<net id="239"><net_src comp="235" pin="1"/><net_sink comp="99" pin=2"/></net>

<net id="244"><net_src comp="22" pin="0"/><net_sink comp="240" pin=1"/></net>

<net id="248"><net_src comp="240" pin="2"/><net_sink comp="245" pin=0"/></net>

<net id="252"><net_src comp="245" pin="1"/><net_sink comp="249" pin=0"/></net>

<net id="253"><net_src comp="249" pin="1"/><net_sink comp="106" pin=2"/></net>

<net id="262"><net_src comp="34" pin="0"/><net_sink comp="254" pin=0"/></net>

<net id="263"><net_src comp="36" pin="0"/><net_sink comp="254" pin=1"/></net>

<net id="264"><net_src comp="14" pin="0"/><net_sink comp="254" pin=2"/></net>

<net id="265"><net_src comp="14" pin="0"/><net_sink comp="254" pin=3"/></net>

<net id="266"><net_src comp="14" pin="0"/><net_sink comp="254" pin=4"/></net>

<net id="267"><net_src comp="224" pin="1"/><net_sink comp="254" pin=5"/></net>

<net id="276"><net_src comp="34" pin="0"/><net_sink comp="268" pin=0"/></net>

<net id="277"><net_src comp="14" pin="0"/><net_sink comp="268" pin=1"/></net>

<net id="278"><net_src comp="36" pin="0"/><net_sink comp="268" pin=2"/></net>

<net id="279"><net_src comp="14" pin="0"/><net_sink comp="268" pin=3"/></net>

<net id="280"><net_src comp="14" pin="0"/><net_sink comp="268" pin=4"/></net>

<net id="281"><net_src comp="224" pin="1"/><net_sink comp="268" pin=5"/></net>

<net id="286"><net_src comp="28" pin="0"/><net_sink comp="282" pin=1"/></net>

<net id="291"><net_src comp="217" pin="3"/><net_sink comp="287" pin=0"/></net>

<net id="296"><net_src comp="282" pin="2"/><net_sink comp="292" pin=0"/></net>

<net id="302"><net_src comp="38" pin="0"/><net_sink comp="297" pin=0"/></net>

<net id="303"><net_src comp="40" pin="0"/><net_sink comp="297" pin=2"/></net>

<net id="308"><net_src comp="297" pin="3"/><net_sink comp="304" pin=0"/></net>

<net id="315"><net_src comp="128" pin="1"/><net_sink comp="312" pin=0"/></net>

<net id="320"><net_src comp="312" pin="1"/><net_sink comp="316" pin=0"/></net>

<net id="321"><net_src comp="309" pin="1"/><net_sink comp="316" pin=1"/></net>

<net id="328"><net_src comp="132" pin="1"/><net_sink comp="325" pin=0"/></net>

<net id="333"><net_src comp="325" pin="1"/><net_sink comp="329" pin=0"/></net>

<net id="334"><net_src comp="322" pin="1"/><net_sink comp="329" pin=1"/></net>

<net id="343"><net_src comp="34" pin="0"/><net_sink comp="335" pin=0"/></net>

<net id="344"><net_src comp="36" pin="0"/><net_sink comp="335" pin=1"/></net>

<net id="345"><net_src comp="14" pin="0"/><net_sink comp="335" pin=2"/></net>

<net id="346"><net_src comp="36" pin="0"/><net_sink comp="335" pin=3"/></net>

<net id="347"><net_src comp="14" pin="0"/><net_sink comp="335" pin=4"/></net>

<net id="356"><net_src comp="34" pin="0"/><net_sink comp="348" pin=0"/></net>

<net id="357"><net_src comp="14" pin="0"/><net_sink comp="348" pin=1"/></net>

<net id="358"><net_src comp="36" pin="0"/><net_sink comp="348" pin=2"/></net>

<net id="359"><net_src comp="14" pin="0"/><net_sink comp="348" pin=3"/></net>

<net id="360"><net_src comp="36" pin="0"/><net_sink comp="348" pin=4"/></net>

<net id="367"><net_src comp="42" pin="0"/><net_sink comp="361" pin=0"/></net>

<net id="368"><net_src comp="316" pin="2"/><net_sink comp="361" pin=1"/></net>

<net id="369"><net_src comp="44" pin="0"/><net_sink comp="361" pin=2"/></net>

<net id="370"><net_src comp="46" pin="0"/><net_sink comp="361" pin=3"/></net>

<net id="377"><net_src comp="128" pin="1"/><net_sink comp="374" pin=0"/></net>

<net id="382"><net_src comp="374" pin="1"/><net_sink comp="378" pin=0"/></net>

<net id="383"><net_src comp="371" pin="1"/><net_sink comp="378" pin=1"/></net>

<net id="390"><net_src comp="132" pin="1"/><net_sink comp="387" pin=0"/></net>

<net id="395"><net_src comp="387" pin="1"/><net_sink comp="391" pin=0"/></net>

<net id="396"><net_src comp="384" pin="1"/><net_sink comp="391" pin=1"/></net>

<net id="402"><net_src comp="48" pin="0"/><net_sink comp="397" pin=0"/></net>

<net id="403"><net_src comp="50" pin="0"/><net_sink comp="397" pin=2"/></net>

<net id="408"><net_src comp="397" pin="3"/><net_sink comp="404" pin=0"/></net>

<net id="415"><net_src comp="42" pin="0"/><net_sink comp="409" pin=0"/></net>

<net id="416"><net_src comp="404" pin="2"/><net_sink comp="409" pin=1"/></net>

<net id="417"><net_src comp="44" pin="0"/><net_sink comp="409" pin=2"/></net>

<net id="418"><net_src comp="46" pin="0"/><net_sink comp="409" pin=3"/></net>

<net id="424"><net_src comp="48" pin="0"/><net_sink comp="419" pin=0"/></net>

<net id="425"><net_src comp="50" pin="0"/><net_sink comp="419" pin=2"/></net>

<net id="430"><net_src comp="419" pin="3"/><net_sink comp="426" pin=0"/></net>

<net id="437"><net_src comp="42" pin="0"/><net_sink comp="431" pin=0"/></net>

<net id="438"><net_src comp="426" pin="2"/><net_sink comp="431" pin=1"/></net>

<net id="439"><net_src comp="44" pin="0"/><net_sink comp="431" pin=2"/></net>

<net id="440"><net_src comp="46" pin="0"/><net_sink comp="431" pin=3"/></net>

<net id="446"><net_src comp="48" pin="0"/><net_sink comp="441" pin=0"/></net>

<net id="447"><net_src comp="431" pin="4"/><net_sink comp="441" pin=1"/></net>

<net id="448"><net_src comp="50" pin="0"/><net_sink comp="441" pin=2"/></net>

<net id="453"><net_src comp="441" pin="3"/><net_sink comp="449" pin=0"/></net>

<net id="460"><net_src comp="42" pin="0"/><net_sink comp="454" pin=0"/></net>

<net id="461"><net_src comp="449" pin="2"/><net_sink comp="454" pin=1"/></net>

<net id="462"><net_src comp="44" pin="0"/><net_sink comp="454" pin=2"/></net>

<net id="463"><net_src comp="46" pin="0"/><net_sink comp="454" pin=3"/></net>

<net id="467"><net_src comp="464" pin="1"/><net_sink comp="115" pin=2"/></net>

<net id="471"><net_src comp="62" pin="1"/><net_sink comp="468" pin=0"/></net>

<net id="472"><net_src comp="468" pin="1"/><net_sink comp="146" pin=1"/></net>

<net id="473"><net_src comp="468" pin="1"/><net_sink comp="166" pin=0"/></net>

<net id="474"><net_src comp="468" pin="1"/><net_sink comp="292" pin=1"/></net>

<net id="478"><net_src comp="66" pin="1"/><net_sink comp="475" pin=0"/></net>

<net id="479"><net_src comp="475" pin="1"/><net_sink comp="141" pin=1"/></net>

<net id="480"><net_src comp="475" pin="1"/><net_sink comp="208" pin=0"/></net>

<net id="481"><net_src comp="475" pin="1"/><net_sink comp="287" pin=1"/></net>

<net id="485"><net_src comp="70" pin="1"/><net_sink comp="482" pin=0"/></net>

<net id="486"><net_src comp="482" pin="1"/><net_sink comp="136" pin=1"/></net>

<net id="487"><net_src comp="482" pin="1"/><net_sink comp="151" pin=0"/></net>

<net id="488"><net_src comp="482" pin="1"/><net_sink comp="203" pin=1"/></net>

<net id="492"><net_src comp="154" pin="2"/><net_sink comp="489" pin=0"/></net>

<net id="496"><net_src comp="169" pin="2"/><net_sink comp="493" pin=0"/></net>

<net id="497"><net_src comp="493" pin="1"/><net_sink comp="217" pin=0"/></net>

<net id="501"><net_src comp="175" pin="3"/><net_sink comp="498" pin=0"/></net>

<net id="502"><net_src comp="498" pin="1"/><net_sink comp="228" pin=2"/></net>

<net id="503"><net_src comp="498" pin="1"/><net_sink comp="240" pin=0"/></net>

<net id="504"><net_src comp="498" pin="1"/><net_sink comp="282" pin=0"/></net>

<net id="508"><net_src comp="188" pin="1"/><net_sink comp="505" pin=0"/></net>

<net id="509"><net_src comp="505" pin="1"/><net_sink comp="304" pin=1"/></net>

<net id="513"><net_src comp="74" pin="3"/><net_sink comp="510" pin=0"/></net>

<net id="514"><net_src comp="510" pin="1"/><net_sink comp="88" pin=2"/></net>

<net id="518"><net_src comp="81" pin="3"/><net_sink comp="515" pin=0"/></net>

<net id="519"><net_src comp="515" pin="1"/><net_sink comp="88" pin=0"/></net>

<net id="523"><net_src comp="224" pin="1"/><net_sink comp="520" pin=0"/></net>

<net id="524"><net_src comp="520" pin="1"/><net_sink comp="297" pin=1"/></net>

<net id="525"><net_src comp="520" pin="1"/><net_sink comp="335" pin=5"/></net>

<net id="526"><net_src comp="520" pin="1"/><net_sink comp="348" pin=5"/></net>

<net id="530"><net_src comp="99" pin="3"/><net_sink comp="527" pin=0"/></net>

<net id="531"><net_src comp="527" pin="1"/><net_sink comp="88" pin=2"/></net>

<net id="535"><net_src comp="106" pin="3"/><net_sink comp="532" pin=0"/></net>

<net id="536"><net_src comp="532" pin="1"/><net_sink comp="88" pin=0"/></net>

<net id="540"><net_src comp="254" pin="6"/><net_sink comp="537" pin=0"/></net>

<net id="541"><net_src comp="537" pin="1"/><net_sink comp="309" pin=0"/></net>

<net id="545"><net_src comp="268" pin="6"/><net_sink comp="542" pin=0"/></net>

<net id="546"><net_src comp="542" pin="1"/><net_sink comp="322" pin=0"/></net>

<net id="550"><net_src comp="304" pin="2"/><net_sink comp="547" pin=0"/></net>

<net id="551"><net_src comp="547" pin="1"/><net_sink comp="464" pin=0"/></net>

<net id="555"><net_src comp="309" pin="1"/><net_sink comp="552" pin=0"/></net>

<net id="556"><net_src comp="552" pin="1"/><net_sink comp="316" pin=1"/></net>

<net id="560"><net_src comp="312" pin="1"/><net_sink comp="557" pin=0"/></net>

<net id="561"><net_src comp="557" pin="1"/><net_sink comp="316" pin=0"/></net>

<net id="565"><net_src comp="322" pin="1"/><net_sink comp="562" pin=0"/></net>

<net id="566"><net_src comp="562" pin="1"/><net_sink comp="329" pin=1"/></net>

<net id="570"><net_src comp="325" pin="1"/><net_sink comp="567" pin=0"/></net>

<net id="571"><net_src comp="567" pin="1"/><net_sink comp="329" pin=0"/></net>

<net id="575"><net_src comp="335" pin="6"/><net_sink comp="572" pin=0"/></net>

<net id="576"><net_src comp="572" pin="1"/><net_sink comp="371" pin=0"/></net>

<net id="580"><net_src comp="348" pin="6"/><net_sink comp="577" pin=0"/></net>

<net id="581"><net_src comp="577" pin="1"/><net_sink comp="384" pin=0"/></net>

<net id="585"><net_src comp="329" pin="2"/><net_sink comp="582" pin=0"/></net>

<net id="586"><net_src comp="582" pin="1"/><net_sink comp="404" pin=1"/></net>

<net id="590"><net_src comp="361" pin="4"/><net_sink comp="587" pin=0"/></net>

<net id="591"><net_src comp="587" pin="1"/><net_sink comp="397" pin=1"/></net>

<net id="595"><net_src comp="371" pin="1"/><net_sink comp="592" pin=0"/></net>

<net id="596"><net_src comp="592" pin="1"/><net_sink comp="378" pin=1"/></net>

<net id="600"><net_src comp="374" pin="1"/><net_sink comp="597" pin=0"/></net>

<net id="601"><net_src comp="597" pin="1"/><net_sink comp="378" pin=0"/></net>

<net id="605"><net_src comp="384" pin="1"/><net_sink comp="602" pin=0"/></net>

<net id="606"><net_src comp="602" pin="1"/><net_sink comp="391" pin=1"/></net>

<net id="610"><net_src comp="387" pin="1"/><net_sink comp="607" pin=0"/></net>

<net id="611"><net_src comp="607" pin="1"/><net_sink comp="391" pin=0"/></net>

<net id="615"><net_src comp="378" pin="2"/><net_sink comp="612" pin=0"/></net>

<net id="616"><net_src comp="612" pin="1"/><net_sink comp="426" pin=1"/></net>

<net id="620"><net_src comp="409" pin="4"/><net_sink comp="617" pin=0"/></net>

<net id="621"><net_src comp="617" pin="1"/><net_sink comp="419" pin=1"/></net>

<net id="625"><net_src comp="391" pin="2"/><net_sink comp="622" pin=0"/></net>

<net id="626"><net_src comp="622" pin="1"/><net_sink comp="449" pin=1"/></net>

<net id="630"><net_src comp="454" pin="4"/><net_sink comp="627" pin=0"/></net>

<net id="631"><net_src comp="627" pin="1"/><net_sink comp="122" pin=1"/></net>

</net_list>

</model> 
---------------- Datapath Model END ------------------

* FSMD analyzer results:
  - Output states:
	Port: P_prior_V | {7 }
 - Input state : 
	Port: kalman_filter_top_Pipeline_VITIS_LOOP_27_3_VITIS_LOOP_28_4 : P_init_V | {1 2 3 }
  - Chain level:
	State 1
		store_ln0 : 1
		store_ln0 : 1
		store_ln0 : 1
		indvar_flatten_load : 1
		icmp_ln27 : 2
		add_ln27_1 : 2
		br_ln27 : 3
		j_load : 1
		icmp_ln28 : 2
		select_ln27 : 3
		j_cast : 4
		zext_ln1273 : 4
		P_init_V_addr : 5
		add_ln1273 : 5
		zext_ln1273_8 : 6
		P_init_V_addr_1 : 7
		P_init_V_load : 6
		P_init_V_load_1 : 8
		store_ln28 : 3
	State 2
		add_ln27 : 1
		select_ln27_1 : 2
		trunc_ln29 : 3
		zext_ln1273_9 : 1
		P_init_V_addr_2 : 2
		zext_ln1273_10 : 1
		P_init_V_addr_3 : 2
		tmp_4 : 4
		tmp_5 : 4
		P_init_V_load_2 : 3
		P_init_V_load_3 : 3
		store_ln28 : 3
		store_ln28 : 1
	State 3
		add_ln29 : 1
		mul_ln1273 : 1
		mul_ln1273_3 : 1
	State 4
		tmp_8 : 1
		mul_ln1273_4 : 1
		mul_ln1273_5 : 1
	State 5
		add_ln1347_3 : 1
		tmp_9 : 2
	State 6
		add_ln1347 : 1
		tmp_10 : 2
		shl_ln838_9 : 3
		add_ln1347_4 : 4
		trunc_ln818_s : 5
	State 7
		P_prior_V_addr : 1
		store_ln1420 : 2


============================================================
+ Verbose Summary: Datapath Resource usage 
============================================================

* Functional unit list:
|----------|-----------------------|---------|---------|---------|
| Operation|    Functional Unit    |   DSP   |    FF   |   LUT   |
|----------|-----------------------|---------|---------|---------|
|          |       grp_fu_316      |    3    |   165   |    50   |
|    mul   |       grp_fu_329      |    3    |   165   |    50   |
|          |       grp_fu_378      |    3    |   165   |    50   |
|          |       grp_fu_391      |    3    |   165   |    50   |
|----------|-----------------------|---------|---------|---------|
|          |   add_ln27_1_fu_160   |    0    |    0    |    13   |
|          |   add_ln1273_fu_192   |    0    |    0    |    13   |
|          |    add_ln27_fu_211    |    0    |    0    |    11   |
|    add   |    add_ln28_fu_282    |    0    |    0    |    11   |
|          |    add_ln29_fu_304    |    0    |    0    |    13   |
|          |  add_ln1347_3_fu_404  |    0    |    0    |    55   |
|          |   add_ln1347_fu_426   |    0    |    0    |    55   |
|          |  add_ln1347_4_fu_449  |    0    |    0    |    55   |
|----------|-----------------------|---------|---------|---------|
|          |      tmp_4_fu_254     |    0    |    0    |    20   |
|    mux   |      tmp_5_fu_268     |    0    |    0    |    20   |
|          |      tmp_6_fu_335     |    0    |    0    |    20   |
|          |      tmp_7_fu_348     |    0    |    0    |    20   |
|----------|-----------------------|---------|---------|---------|
|   icmp   |    icmp_ln27_fu_154   |    0    |    0    |    9    |
|          |    icmp_ln28_fu_169   |    0    |    0    |    8    |
|----------|-----------------------|---------|---------|---------|
|  select  |   select_ln27_fu_175  |    0    |    0    |    3    |
|          |  select_ln27_1_fu_217 |    0    |    0    |    3    |
|----------|-----------------------|---------|---------|---------|
|    xor   |   xor_ln1273_fu_240   |    0    |    0    |    3    |
|----------|-----------------------|---------|---------|---------|
|          |     j_cast_fu_183     |    0    |    0    |    0    |
|          |   zext_ln1273_fu_188  |    0    |    0    |    0    |
|          |  zext_ln1273_8_fu_198 |    0    |    0    |    0    |
|          |  zext_ln1273_9_fu_235 |    0    |    0    |    0    |
|   zext   | zext_ln1273_10_fu_249 |    0    |    0    |    0    |
|          |  zext_ln1273_4_fu_309 |    0    |    0    |    0    |
|          |  zext_ln1273_5_fu_322 |    0    |    0    |    0    |
|          |  zext_ln1273_6_fu_371 |    0    |    0    |    0    |
|          |  zext_ln1273_7_fu_384 |    0    |    0    |    0    |
|          |    zext_ln29_fu_464   |    0    |    0    |    0    |
|----------|-----------------------|---------|---------|---------|
|   trunc  |   trunc_ln29_fu_224   |    0    |    0    |    0    |
|----------|-----------------------|---------|---------|---------|
|          |   tmp_14_cast_fu_228  |    0    |    0    |    0    |
|          |      tmp_s_fu_297     |    0    |    0    |    0    |
|bitconcatenate|   shl_ln838_7_fu_397  |    0    |    0    |    0    |
|          |   shl_ln838_8_fu_419  |    0    |    0    |    0    |
|          |   shl_ln838_9_fu_441  |    0    |    0    |    0    |
|----------|-----------------------|---------|---------|---------|
|          |   sext_ln1273_fu_245  |    0    |    0    |    0    |
|          |  sext_ln1273_3_fu_312 |    0    |    0    |    0    |
|   sext   |  sext_ln1273_4_fu_325 |    0    |    0    |    0    |
|          |  sext_ln1273_5_fu_374 |    0    |    0    |    0    |
|          |  sext_ln1273_6_fu_387 |    0    |    0    |    0    |
|----------|-----------------------|---------|---------|---------|
|          |      tmp_8_fu_361     |    0    |    0    |    0    |
|partselect|      tmp_9_fu_409     |    0    |    0    |    0    |
|          |     tmp_10_fu_431     |    0    |    0    |    0    |
|          |  trunc_ln818_s_fu_454 |    0    |    0    |    0    |
|----------|-----------------------|---------|---------|---------|
|   Total  |                       |    12   |   660   |   532   |
|----------|-----------------------|---------|---------|---------|

Memories:
N/A

* Register list:
+-----------------------+--------+
|                       |   FF   |
+-----------------------+--------+
|P_init_V_addr_1_reg_515|    4   |
|P_init_V_addr_2_reg_527|    4   |
|P_init_V_addr_3_reg_532|    4   |
| P_init_V_addr_reg_510 |    4   |
|    add_ln29_reg_547   |    4   |
|      i_1_reg_475      |    3   |
|   icmp_ln27_reg_489   |    1   |
|   icmp_ln28_reg_493   |    1   |
| indvar_flatten_reg_482|    5   |
|       j_reg_468       |    3   |
|  mul_ln1273_3_reg_582 |   48   |
|  mul_ln1273_4_reg_612 |   48   |
|  mul_ln1273_5_reg_622 |   48   |
|        reg_128        |   32   |
|        reg_132        |   32   |
|  select_ln27_reg_498  |    3   |
| sext_ln1273_3_reg_557 |   48   |
| sext_ln1273_4_reg_567 |   48   |
| sext_ln1273_5_reg_597 |   48   |
| sext_ln1273_6_reg_607 |   48   |
|     tmp_4_reg_537     |   32   |
|     tmp_5_reg_542     |   32   |
|     tmp_6_reg_572     |   32   |
|     tmp_7_reg_577     |   32   |
|     tmp_8_reg_587     |   32   |
|     tmp_9_reg_617     |   32   |
|   trunc_ln29_reg_520  |    2   |
| trunc_ln818_s_reg_627 |   32   |
| zext_ln1273_4_reg_552 |   48   |
| zext_ln1273_5_reg_562 |   48   |
| zext_ln1273_6_reg_592 |   48   |
| zext_ln1273_7_reg_602 |   48   |
|  zext_ln1273_reg_505  |    4   |
+-----------------------+--------+
|         Total         |   858  |
+-----------------------+--------+

* Multiplexer (MUX) list: 
|------------------|------|------|------|--------||---------||---------|
|       Comp       |  Pin | Size |  BW  | S x BW ||  Delay  ||   LUT   |
|------------------|------|------|------|--------||---------||---------|
| grp_access_fu_88 |  p0  |   4  |   4  |   16   ||    20   |
| grp_access_fu_88 |  p2  |   4  |   0  |    0   ||    20   |
|    grp_fu_316    |  p0  |   2  |  32  |   64   ||    9    |
|    grp_fu_316    |  p1  |   2  |  32  |   64   ||    9    |
|    grp_fu_329    |  p0  |   2  |  32  |   64   ||    9    |
|    grp_fu_329    |  p1  |   2  |  32  |   64   ||    9    |
|    grp_fu_378    |  p0  |   2  |  32  |   64   ||    9    |
|    grp_fu_378    |  p1  |   2  |  32  |   64   ||    9    |
|    grp_fu_391    |  p0  |   2  |  32  |   64   ||    9    |
|    grp_fu_391    |  p1  |   2  |  32  |   64   ||    9    |
|------------------|------|------|------|--------||---------||---------|
|       Total      |      |      |      |   528  || 16.3572 ||   112   |
|------------------|------|------|------|--------||---------||---------|



* Summary:
+-----------+--------+--------+--------+--------+
|           |   DSP  |  Delay |   FF   |   LUT  |
+-----------+--------+--------+--------+--------+
|  Function |   12   |    -   |   660  |   532  |
|   Memory  |    -   |    -   |    -   |    -   |
|Multiplexer|    -   |   16   |    -   |   112  |
|  Register |    -   |    -   |   858  |    -   |
+-----------+--------+--------+--------+--------+
|   Total   |   12   |   16   |  1518  |   644  |
+-----------+--------+--------+--------+--------+
