Copyright 1986-2022 Xilinx, Inc. All Rights Reserved.
-----------------------------------------------------------------------------------------------------
| Tool Version : Vivado v.2022.2 (lin64) Build 3671981 Fri Oct 14 04:59:54 MDT 2022
| Date         : Mon May 20 14:21:04 2024
| Host         : shahlarious-ub running 64-bit Ubuntu 22.04.4 LTS
| Command      : report_timing -max_paths 10 -file ./report/kalman_filter_top_timing_paths_synth.rpt
| Design       : bd_0_wrapper
| Device       : 7z020-clg400
| Speed File   : -1  PRODUCTION 1.12 2019-11-22
-----------------------------------------------------------------------------------------------------

Timing Report

Slack (MET) :             1.899ns  (required time - arrival time)
  Source:                 bd_0_i/hls_inst/inst/ap_CS_fsm_reg[1]/C
                            (rising edge-triggered cell FDRE clocked by ap_clk  {rise@0.000ns fall@5.000ns period=10.000ns})
  Destination:            bd_0_i/hls_inst/inst/mul_32s_32s_48_2_1_U98/dout_reg/PCIN[0]
                            (rising edge-triggered cell DSP48E1 clocked by ap_clk  {rise@0.000ns fall@5.000ns period=10.000ns})
  Path Group:             ap_clk
  Path Type:              Setup (Max at Slow Process Corner)
  Requirement:            10.000ns  (ap_clk rise@10.000ns - ap_clk rise@0.000ns)
  Data Path Delay:        6.617ns  (logic 4.849ns (73.284%)  route 1.768ns (26.716%))
  Logic Levels:           2  (DSP48E1=1 LUT5=1)
  Clock Path Skew:        -0.049ns (DCD - SCD + CPR)
    Destination Clock Delay (DCD):    0.924ns = ( 10.924 - 10.000 ) 
    Source Clock Delay      (SCD):    0.973ns
    Clock Pessimism Removal (CPR):    0.000ns
  Clock Uncertainty:      0.035ns  ((TSJ^2 + TIJ^2)^1/2 + DJ) / 2 + PE
    Total System Jitter     (TSJ):    0.071ns
    Total Input Jitter      (TIJ):    0.000ns
    Discrete Jitter          (DJ):    0.000ns
    Phase Error              (PE):    0.000ns

    Location             Delay type                Incr(ns)  Path(ns)    Netlist Resource(s)
  -------------------------------------------------------------------    -------------------
                         (clock ap_clk rise edge)     0.000     0.000 r  
                                                      0.000     0.000 r  ap_clk (IN)
                         net (fo=6915, unset)         0.973     0.973    bd_0_i/hls_inst/inst/ap_clk
                         FDRE                                         r  bd_0_i/hls_inst/inst/ap_CS_fsm_reg[1]/C
  -------------------------------------------------------------------    -------------------
                         FDRE (Prop_fdre_C_Q)         0.518     1.491 r  bd_0_i/hls_inst/inst/ap_CS_fsm_reg[1]/Q
                         net (fo=133, unplaced)       0.913     2.404    bd_0_i/hls_inst/inst/grp_kalman_filter_top_Pipeline_VITIS_LOOP_52_10_VITIS_LOOP_53_11_fu_233/q1_reg[31][0]
                         LUT5 (Prop_lut5_I0_O)        0.295     2.699 r  bd_0_i/hls_inst/inst/grp_kalman_filter_top_Pipeline_VITIS_LOOP_52_10_VITIS_LOOP_53_11_fu_233/tmp_product_i_16__7/O
                         net (fo=2, unplaced)         0.800     3.499    bd_0_i/hls_inst/inst/mul_32s_32s_48_2_1_U98/grp_fu_363_p1[16]
                         DSP48E1 (Prop_dsp48e1_A[16]_PCOUT[0])
                                                      4.036     7.535 r  bd_0_i/hls_inst/inst/mul_32s_32s_48_2_1_U98/tmp_product/PCOUT[0]
                         net (fo=1, unplaced)         0.055     7.590    bd_0_i/hls_inst/inst/mul_32s_32s_48_2_1_U98/tmp_product_n_157
                         DSP48E1                                      r  bd_0_i/hls_inst/inst/mul_32s_32s_48_2_1_U98/dout_reg/PCIN[0]
  -------------------------------------------------------------------    -------------------

                         (clock ap_clk rise edge)    10.000    10.000 r  
                                                      0.000    10.000 r  ap_clk (IN)
                         net (fo=6915, unset)         0.924    10.924    bd_0_i/hls_inst/inst/mul_32s_32s_48_2_1_U98/ap_clk
                         DSP48E1                                      r  bd_0_i/hls_inst/inst/mul_32s_32s_48_2_1_U98/dout_reg/CLK
                         clock pessimism              0.000    10.924    
                         clock uncertainty           -0.035    10.889    
                         DSP48E1 (Setup_dsp48e1_CLK_PCIN[0])
                                                     -1.400     9.489    bd_0_i/hls_inst/inst/mul_32s_32s_48_2_1_U98/dout_reg
  -------------------------------------------------------------------
                         required time                          9.489    
                         arrival time                          -7.590    
  -------------------------------------------------------------------
                         slack                                  1.899    

Slack (MET) :             1.899ns  (required time - arrival time)
  Source:                 bd_0_i/hls_inst/inst/ap_CS_fsm_reg[1]/C
                            (rising edge-triggered cell FDRE clocked by ap_clk  {rise@0.000ns fall@5.000ns period=10.000ns})
  Destination:            bd_0_i/hls_inst/inst/mul_32s_32s_48_2_1_U98/dout_reg/PCIN[10]
                            (rising edge-triggered cell DSP48E1 clocked by ap_clk  {rise@0.000ns fall@5.000ns period=10.000ns})
  Path Group:             ap_clk
  Path Type:              Setup (Max at Slow Process Corner)
  Requirement:            10.000ns  (ap_clk rise@10.000ns - ap_clk rise@0.000ns)
  Data Path Delay:        6.617ns  (logic 4.849ns (73.284%)  route 1.768ns (26.716%))
  Logic Levels:           2  (DSP48E1=1 LUT5=1)
  Clock Path Skew:        -0.049ns (DCD - SCD + CPR)
    Destination Clock Delay (DCD):    0.924ns = ( 10.924 - 10.000 ) 
    Source Clock Delay      (SCD):    0.973ns
    Clock Pessimism Removal (CPR):    0.000ns
  Clock Uncertainty:      0.035ns  ((TSJ^2 + TIJ^2)^1/2 + DJ) / 2 + PE
    Total System Jitter     (TSJ):    0.071ns
    Total Input Jitter      (TIJ):    0.000ns
    Discrete Jitter          (DJ):    0.000ns
    Phase Error              (PE):    0.000ns

    Location             Delay type                Incr(ns)  Path(ns)    Netlist Resource(s)
  -------------------------------------------------------------------    -------------------
                         (clock ap_clk rise edge)     0.000     0.000 r  
                                                      0.000     0.000 r  ap_clk (IN)
                         net (fo=6915, unset)         0.973     0.973    bd_0_i/hls_inst/inst/ap_clk
                         FDRE                                         r  bd_0_i/hls_inst/inst/ap_CS_fsm_reg[1]/C
  -------------------------------------------------------------------    -------------------
                         FDRE (Prop_fdre_C_Q)         0.518     1.491 r  bd_0_i/hls_inst/inst/ap_CS_fsm_reg[1]/Q
                         net (fo=133, unplaced)       0.913     2.404    bd_0_i/hls_inst/inst/grp_kalman_filter_top_Pipeline_VITIS_LOOP_52_10_VITIS_LOOP_53_11_fu_233/q1_reg[31][0]
                         LUT5 (Prop_lut5_I0_O)        0.295     2.699 r  bd_0_i/hls_inst/inst/grp_kalman_filter_top_Pipeline_VITIS_LOOP_52_10_VITIS_LOOP_53_11_fu_233/tmp_product_i_16__7/O
                         net (fo=2, unplaced)         0.800     3.499    bd_0_i/hls_inst/inst/mul_32s_32s_48_2_1_U98/grp_fu_363_p1[16]
                         DSP48E1 (Prop_dsp48e1_A[16]_PCOUT[10])
                                                      4.036     7.535 r  bd_0_i/hls_inst/inst/mul_32s_32s_48_2_1_U98/tmp_product/PCOUT[10]
                         net (fo=1, unplaced)         0.055     7.590    bd_0_i/hls_inst/inst/mul_32s_32s_48_2_1_U98/tmp_product_n_147
                         DSP48E1                                      r  bd_0_i/hls_inst/inst/mul_32s_32s_48_2_1_U98/dout_reg/PCIN[10]
  -------------------------------------------------------------------    -------------------

                         (clock ap_clk rise edge)    10.000    10.000 r  
                                                      0.000    10.000 r  ap_clk (IN)
                         net (fo=6915, unset)         0.924    10.924    bd_0_i/hls_inst/inst/mul_32s_32s_48_2_1_U98/ap_clk
                         DSP48E1                                      r  bd_0_i/hls_inst/inst/mul_32s_32s_48_2_1_U98/dout_reg/CLK
                         clock pessimism              0.000    10.924    
                         clock uncertainty           -0.035    10.889    
                         DSP48E1 (Setup_dsp48e1_CLK_PCIN[10])
                                                     -1.400     9.489    bd_0_i/hls_inst/inst/mul_32s_32s_48_2_1_U98/dout_reg
  -------------------------------------------------------------------
                         required time                          9.489    
                         arrival time                          -7.590    
  -------------------------------------------------------------------
                         slack                                  1.899    

Slack (MET) :             1.899ns  (required time - arrival time)
  Source:                 bd_0_i/hls_inst/inst/ap_CS_fsm_reg[1]/C
                            (rising edge-triggered cell FDRE clocked by ap_clk  {rise@0.000ns fall@5.000ns period=10.000ns})
  Destination:            bd_0_i/hls_inst/inst/mul_32s_32s_48_2_1_U98/dout_reg/PCIN[11]
                            (rising edge-triggered cell DSP48E1 clocked by ap_clk  {rise@0.000ns fall@5.000ns period=10.000ns})
  Path Group:             ap_clk
  Path Type:              Setup (Max at Slow Process Corner)
  Requirement:            10.000ns  (ap_clk rise@10.000ns - ap_clk rise@0.000ns)
  Data Path Delay:        6.617ns  (logic 4.849ns (73.284%)  route 1.768ns (26.716%))
  Logic Levels:           2  (DSP48E1=1 LUT5=1)
  Clock Path Skew:        -0.049ns (DCD - SCD + CPR)
    Destination Clock Delay (DCD):    0.924ns = ( 10.924 - 10.000 ) 
    Source Clock Delay      (SCD):    0.973ns
    Clock Pessimism Removal (CPR):    0.000ns
  Clock Uncertainty:      0.035ns  ((TSJ^2 + TIJ^2)^1/2 + DJ) / 2 + PE
    Total System Jitter     (TSJ):    0.071ns
    Total Input Jitter      (TIJ):    0.000ns
    Discrete Jitter          (DJ):    0.000ns
    Phase Error              (PE):    0.000ns

    Location             Delay type                Incr(ns)  Path(ns)    Netlist Resource(s)
  -------------------------------------------------------------------    -------------------
                         (clock ap_clk rise edge)     0.000     0.000 r  
                                                      0.000     0.000 r  ap_clk (IN)
                         net (fo=6915, unset)         0.973     0.973    bd_0_i/hls_inst/inst/ap_clk
                         FDRE                                         r  bd_0_i/hls_inst/inst/ap_CS_fsm_reg[1]/C
  -------------------------------------------------------------------    -------------------
                         FDRE (Prop_fdre_C_Q)         0.518     1.491 r  bd_0_i/hls_inst/inst/ap_CS_fsm_reg[1]/Q
                         net (fo=133, unplaced)       0.913     2.404    bd_0_i/hls_inst/inst/grp_kalman_filter_top_Pipeline_VITIS_LOOP_52_10_VITIS_LOOP_53_11_fu_233/q1_reg[31][0]
                         LUT5 (Prop_lut5_I0_O)        0.295     2.699 r  bd_0_i/hls_inst/inst/grp_kalman_filter_top_Pipeline_VITIS_LOOP_52_10_VITIS_LOOP_53_11_fu_233/tmp_product_i_16__7/O
                         net (fo=2, unplaced)         0.800     3.499    bd_0_i/hls_inst/inst/mul_32s_32s_48_2_1_U98/grp_fu_363_p1[16]
                         DSP48E1 (Prop_dsp48e1_A[16]_PCOUT[11])
                                                      4.036     7.535 r  bd_0_i/hls_inst/inst/mul_32s_32s_48_2_1_U98/tmp_product/PCOUT[11]
                         net (fo=1, unplaced)         0.055     7.590    bd_0_i/hls_inst/inst/mul_32s_32s_48_2_1_U98/tmp_product_n_146
                         DSP48E1                                      r  bd_0_i/hls_inst/inst/mul_32s_32s_48_2_1_U98/dout_reg/PCIN[11]
  -------------------------------------------------------------------    -------------------

                         (clock ap_clk rise edge)    10.000    10.000 r  
                                                      0.000    10.000 r  ap_clk (IN)
                         net (fo=6915, unset)         0.924    10.924    bd_0_i/hls_inst/inst/mul_32s_32s_48_2_1_U98/ap_clk
                         DSP48E1                                      r  bd_0_i/hls_inst/inst/mul_32s_32s_48_2_1_U98/dout_reg/CLK
                         clock pessimism              0.000    10.924    
                         clock uncertainty           -0.035    10.889    
                         DSP48E1 (Setup_dsp48e1_CLK_PCIN[11])
                                                     -1.400     9.489    bd_0_i/hls_inst/inst/mul_32s_32s_48_2_1_U98/dout_reg
  -------------------------------------------------------------------
                         required time                          9.489    
                         arrival time                          -7.590    
  -------------------------------------------------------------------
                         slack                                  1.899    

Slack (MET) :             1.899ns  (required time - arrival time)
  Source:                 bd_0_i/hls_inst/inst/ap_CS_fsm_reg[1]/C
                            (rising edge-triggered cell FDRE clocked by ap_clk  {rise@0.000ns fall@5.000ns period=10.000ns})
  Destination:            bd_0_i/hls_inst/inst/mul_32s_32s_48_2_1_U98/dout_reg/PCIN[12]
                            (rising edge-triggered cell DSP48E1 clocked by ap_clk  {rise@0.000ns fall@5.000ns period=10.000ns})
  Path Group:             ap_clk
  Path Type:              Setup (Max at Slow Process Corner)
  Requirement:            10.000ns  (ap_clk rise@10.000ns - ap_clk rise@0.000ns)
  Data Path Delay:        6.617ns  (logic 4.849ns (73.284%)  route 1.768ns (26.716%))
  Logic Levels:           2  (DSP48E1=1 LUT5=1)
  Clock Path Skew:        -0.049ns (DCD - SCD + CPR)
    Destination Clock Delay (DCD):    0.924ns = ( 10.924 - 10.000 ) 
    Source Clock Delay      (SCD):    0.973ns
    Clock Pessimism Removal (CPR):    0.000ns
  Clock Uncertainty:      0.035ns  ((TSJ^2 + TIJ^2)^1/2 + DJ) / 2 + PE
    Total System Jitter     (TSJ):    0.071ns
    Total Input Jitter      (TIJ):    0.000ns
    Discrete Jitter          (DJ):    0.000ns
    Phase Error              (PE):    0.000ns

    Location             Delay type                Incr(ns)  Path(ns)    Netlist Resource(s)
  -------------------------------------------------------------------    -------------------
                         (clock ap_clk rise edge)     0.000     0.000 r  
                                                      0.000     0.000 r  ap_clk (IN)
                         net (fo=6915, unset)         0.973     0.973    bd_0_i/hls_inst/inst/ap_clk
                         FDRE                                         r  bd_0_i/hls_inst/inst/ap_CS_fsm_reg[1]/C
  -------------------------------------------------------------------    -------------------
                         FDRE (Prop_fdre_C_Q)         0.518     1.491 r  bd_0_i/hls_inst/inst/ap_CS_fsm_reg[1]/Q
                         net (fo=133, unplaced)       0.913     2.404    bd_0_i/hls_inst/inst/grp_kalman_filter_top_Pipeline_VITIS_LOOP_52_10_VITIS_LOOP_53_11_fu_233/q1_reg[31][0]
                         LUT5 (Prop_lut5_I0_O)        0.295     2.699 r  bd_0_i/hls_inst/inst/grp_kalman_filter_top_Pipeline_VITIS_LOOP_52_10_VITIS_LOOP_53_11_fu_233/tmp_product_i_16__7/O
                         net (fo=2, unplaced)         0.800     3.499    bd_0_i/hls_inst/inst/mul_32s_32s_48_2_1_U98/grp_fu_363_p1[16]
                         DSP48E1 (Prop_dsp48e1_A[16]_PCOUT[12])
                                                      4.036     7.535 r  bd_0_i/hls_inst/inst/mul_32s_32s_48_2_1_U98/tmp_product/PCOUT[12]
                         net (fo=1, unplaced)         0.055     7.590    bd_0_i/hls_inst/inst/mul_32s_32s_48_2_1_U98/tmp_product_n_145
                         DSP48E1                                      r  bd_0_i/hls_inst/inst/mul_32s_32s_48_2_1_U98/dout_reg/PCIN[12]
  -------------------------------------------------------------------    -------------------

                         (clock ap_clk rise edge)    10.000    10.000 r  
                                                      0.000    10.000 r  ap_clk (IN)
                         net (fo=6915, unset)         0.924    10.924    bd_0_i/hls_inst/inst/mul_32s_32s_48_2_1_U98/ap_clk
                         DSP48E1                                      r  bd_0_i/hls_inst/inst/mul_32s_32s_48_2_1_U98/dout_reg/CLK
                         clock pessimism              0.000    10.924    
                         clock uncertainty           -0.035    10.889    
                         DSP48E1 (Setup_dsp48e1_CLK_PCIN[12])
                                                     -1.400     9.489    bd_0_i/hls_inst/inst/mul_32s_32s_48_2_1_U98/dout_reg
  -------------------------------------------------------------------
                         required time                          9.489    
                         arrival time                          -7.590    
  -------------------------------------------------------------------
                         slack                                  1.899    

Slack (MET) :             1.899ns  (required time - arrival time)
  Source:                 bd_0_i/hls_inst/inst/ap_CS_fsm_reg[1]/C
                            (rising edge-triggered cell FDRE clocked by ap_clk  {rise@0.000ns fall@5.000ns period=10.000ns})
  Destination:            bd_0_i/hls_inst/inst/mul_32s_32s_48_2_1_U98/dout_reg/PCIN[13]
                            (rising edge-triggered cell DSP48E1 clocked by ap_clk  {rise@0.000ns fall@5.000ns period=10.000ns})
  Path Group:             ap_clk
  Path Type:              Setup (Max at Slow Process Corner)
  Requirement:            10.000ns  (ap_clk rise@10.000ns - ap_clk rise@0.000ns)
  Data Path Delay:        6.617ns  (logic 4.849ns (73.284%)  route 1.768ns (26.716%))
  Logic Levels:           2  (DSP48E1=1 LUT5=1)
  Clock Path Skew:        -0.049ns (DCD - SCD + CPR)
    Destination Clock Delay (DCD):    0.924ns = ( 10.924 - 10.000 ) 
    Source Clock Delay      (SCD):    0.973ns
    Clock Pessimism Removal (CPR):    0.000ns
  Clock Uncertainty:      0.035ns  ((TSJ^2 + TIJ^2)^1/2 + DJ) / 2 + PE
    Total System Jitter     (TSJ):    0.071ns
    Total Input Jitter      (TIJ):    0.000ns
    Discrete Jitter          (DJ):    0.000ns
    Phase Error              (PE):    0.000ns

    Location             Delay type                Incr(ns)  Path(ns)    Netlist Resource(s)
  -------------------------------------------------------------------    -------------------
                         (clock ap_clk rise edge)     0.000     0.000 r  
                                                      0.000     0.000 r  ap_clk (IN)
                         net (fo=6915, unset)         0.973     0.973    bd_0_i/hls_inst/inst/ap_clk
                         FDRE                                         r  bd_0_i/hls_inst/inst/ap_CS_fsm_reg[1]/C
  -------------------------------------------------------------------    -------------------
                         FDRE (Prop_fdre_C_Q)         0.518     1.491 r  bd_0_i/hls_inst/inst/ap_CS_fsm_reg[1]/Q
                         net (fo=133, unplaced)       0.913     2.404    bd_0_i/hls_inst/inst/grp_kalman_filter_top_Pipeline_VITIS_LOOP_52_10_VITIS_LOOP_53_11_fu_233/q1_reg[31][0]
                         LUT5 (Prop_lut5_I0_O)        0.295     2.699 r  bd_0_i/hls_inst/inst/grp_kalman_filter_top_Pipeline_VITIS_LOOP_52_10_VITIS_LOOP_53_11_fu_233/tmp_product_i_16__7/O
                         net (fo=2, unplaced)         0.800     3.499    bd_0_i/hls_inst/inst/mul_32s_32s_48_2_1_U98/grp_fu_363_p1[16]
                         DSP48E1 (Prop_dsp48e1_A[16]_PCOUT[13])
                                                      4.036     7.535 r  bd_0_i/hls_inst/inst/mul_32s_32s_48_2_1_U98/tmp_product/PCOUT[13]
                         net (fo=1, unplaced)         0.055     7.590    bd_0_i/hls_inst/inst/mul_32s_32s_48_2_1_U98/tmp_product_n_144
                         DSP48E1                                      r  bd_0_i/hls_inst/inst/mul_32s_32s_48_2_1_U98/dout_reg/PCIN[13]
  -------------------------------------------------------------------    -------------------

                         (clock ap_clk rise edge)    10.000    10.000 r  
                                                      0.000    10.000 r  ap_clk (IN)
                         net (fo=6915, unset)         0.924    10.924    bd_0_i/hls_inst/inst/mul_32s_32s_48_2_1_U98/ap_clk
                         DSP48E1                                      r  bd_0_i/hls_inst/inst/mul_32s_32s_48_2_1_U98/dout_reg/CLK
                         clock pessimism              0.000    10.924    
                         clock uncertainty           -0.035    10.889    
                         DSP48E1 (Setup_dsp48e1_CLK_PCIN[13])
                                                     -1.400     9.489    bd_0_i/hls_inst/inst/mul_32s_32s_48_2_1_U98/dout_reg
  -------------------------------------------------------------------
                         required time                          9.489    
                         arrival time                          -7.590    
  -------------------------------------------------------------------
                         slack                                  1.899    

Slack (MET) :             1.899ns  (required time - arrival time)
  Source:                 bd_0_i/hls_inst/inst/ap_CS_fsm_reg[1]/C
                            (rising edge-triggered cell FDRE clocked by ap_clk  {rise@0.000ns fall@5.000ns period=10.000ns})
  Destination:            bd_0_i/hls_inst/inst/mul_32s_32s_48_2_1_U98/dout_reg/PCIN[14]
                            (rising edge-triggered cell DSP48E1 clocked by ap_clk  {rise@0.000ns fall@5.000ns period=10.000ns})
  Path Group:             ap_clk
  Path Type:              Setup (Max at Slow Process Corner)
  Requirement:            10.000ns  (ap_clk rise@10.000ns - ap_clk rise@0.000ns)
  Data Path Delay:        6.617ns  (logic 4.849ns (73.284%)  route 1.768ns (26.716%))
  Logic Levels:           2  (DSP48E1=1 LUT5=1)
  Clock Path Skew:        -0.049ns (DCD - SCD + CPR)
    Destination Clock Delay (DCD):    0.924ns = ( 10.924 - 10.000 ) 
    Source Clock Delay      (SCD):    0.973ns
    Clock Pessimism Removal (CPR):    0.000ns
  Clock Uncertainty:      0.035ns  ((TSJ^2 + TIJ^2)^1/2 + DJ) / 2 + PE
    Total System Jitter     (TSJ):    0.071ns
    Total Input Jitter      (TIJ):    0.000ns
    Discrete Jitter          (DJ):    0.000ns
    Phase Error              (PE):    0.000ns

    Location             Delay type                Incr(ns)  Path(ns)    Netlist Resource(s)
  -------------------------------------------------------------------    -------------------
                         (clock ap_clk rise edge)     0.000     0.000 r  
                                                      0.000     0.000 r  ap_clk (IN)
                         net (fo=6915, unset)         0.973     0.973    bd_0_i/hls_inst/inst/ap_clk
                         FDRE                                         r  bd_0_i/hls_inst/inst/ap_CS_fsm_reg[1]/C
  -------------------------------------------------------------------    -------------------
                         FDRE (Prop_fdre_C_Q)         0.518     1.491 r  bd_0_i/hls_inst/inst/ap_CS_fsm_reg[1]/Q
                         net (fo=133, unplaced)       0.913     2.404    bd_0_i/hls_inst/inst/grp_kalman_filter_top_Pipeline_VITIS_LOOP_52_10_VITIS_LOOP_53_11_fu_233/q1_reg[31][0]
                         LUT5 (Prop_lut5_I0_O)        0.295     2.699 r  bd_0_i/hls_inst/inst/grp_kalman_filter_top_Pipeline_VITIS_LOOP_52_10_VITIS_LOOP_53_11_fu_233/tmp_product_i_16__7/O
                         net (fo=2, unplaced)         0.800     3.499    bd_0_i/hls_inst/inst/mul_32s_32s_48_2_1_U98/grp_fu_363_p1[16]
                         DSP48E1 (Prop_dsp48e1_A[16]_PCOUT[14])
                                                      4.036     7.535 r  bd_0_i/hls_inst/inst/mul_32s_32s_48_2_1_U98/tmp_product/PCOUT[14]
                         net (fo=1, unplaced)         0.055     7.590    bd_0_i/hls_inst/inst/mul_32s_32s_48_2_1_U98/tmp_product_n_143
                         DSP48E1                                      r  bd_0_i/hls_inst/inst/mul_32s_32s_48_2_1_U98/dout_reg/PCIN[14]
  -------------------------------------------------------------------    -------------------

                         (clock ap_clk rise edge)    10.000    10.000 r  
                                                      0.000    10.000 r  ap_clk (IN)
                         net (fo=6915, unset)         0.924    10.924    bd_0_i/hls_inst/inst/mul_32s_32s_48_2_1_U98/ap_clk
                         DSP48E1                                      r  bd_0_i/hls_inst/inst/mul_32s_32s_48_2_1_U98/dout_reg/CLK
                         clock pessimism              0.000    10.924    
                         clock uncertainty           -0.035    10.889    
                         DSP48E1 (Setup_dsp48e1_CLK_PCIN[14])
                                                     -1.400     9.489    bd_0_i/hls_inst/inst/mul_32s_32s_48_2_1_U98/dout_reg
  -------------------------------------------------------------------
                         required time                          9.489    
                         arrival time                          -7.590    
  -------------------------------------------------------------------
                         slack                                  1.899    

Slack (MET) :             1.899ns  (required time - arrival time)
  Source:                 bd_0_i/hls_inst/inst/ap_CS_fsm_reg[1]/C
                            (rising edge-triggered cell FDRE clocked by ap_clk  {rise@0.000ns fall@5.000ns period=10.000ns})
  Destination:            bd_0_i/hls_inst/inst/mul_32s_32s_48_2_1_U98/dout_reg/PCIN[15]
                            (rising edge-triggered cell DSP48E1 clocked by ap_clk  {rise@0.000ns fall@5.000ns period=10.000ns})
  Path Group:             ap_clk
  Path Type:              Setup (Max at Slow Process Corner)
  Requirement:            10.000ns  (ap_clk rise@10.000ns - ap_clk rise@0.000ns)
  Data Path Delay:        6.617ns  (logic 4.849ns (73.284%)  route 1.768ns (26.716%))
  Logic Levels:           2  (DSP48E1=1 LUT5=1)
  Clock Path Skew:        -0.049ns (DCD - SCD + CPR)
    Destination Clock Delay (DCD):    0.924ns = ( 10.924 - 10.000 ) 
    Source Clock Delay      (SCD):    0.973ns
    Clock Pessimism Removal (CPR):    0.000ns
  Clock Uncertainty:      0.035ns  ((TSJ^2 + TIJ^2)^1/2 + DJ) / 2 + PE
    Total System Jitter     (TSJ):    0.071ns
    Total Input Jitter      (TIJ):    0.000ns
    Discrete Jitter          (DJ):    0.000ns
    Phase Error              (PE):    0.000ns

    Location             Delay type                Incr(ns)  Path(ns)    Netlist Resource(s)
  -------------------------------------------------------------------    -------------------
                         (clock ap_clk rise edge)     0.000     0.000 r  
                                                      0.000     0.000 r  ap_clk (IN)
                         net (fo=6915, unset)         0.973     0.973    bd_0_i/hls_inst/inst/ap_clk
                         FDRE                                         r  bd_0_i/hls_inst/inst/ap_CS_fsm_reg[1]/C
  -------------------------------------------------------------------    -------------------
                         FDRE (Prop_fdre_C_Q)         0.518     1.491 r  bd_0_i/hls_inst/inst/ap_CS_fsm_reg[1]/Q
                         net (fo=133, unplaced)       0.913     2.404    bd_0_i/hls_inst/inst/grp_kalman_filter_top_Pipeline_VITIS_LOOP_52_10_VITIS_LOOP_53_11_fu_233/q1_reg[31][0]
                         LUT5 (Prop_lut5_I0_O)        0.295     2.699 r  bd_0_i/hls_inst/inst/grp_kalman_filter_top_Pipeline_VITIS_LOOP_52_10_VITIS_LOOP_53_11_fu_233/tmp_product_i_16__7/O
                         net (fo=2, unplaced)         0.800     3.499    bd_0_i/hls_inst/inst/mul_32s_32s_48_2_1_U98/grp_fu_363_p1[16]
                         DSP48E1 (Prop_dsp48e1_A[16]_PCOUT[15])
                                                      4.036     7.535 r  bd_0_i/hls_inst/inst/mul_32s_32s_48_2_1_U98/tmp_product/PCOUT[15]
                         net (fo=1, unplaced)         0.055     7.590    bd_0_i/hls_inst/inst/mul_32s_32s_48_2_1_U98/tmp_product_n_142
                         DSP48E1                                      r  bd_0_i/hls_inst/inst/mul_32s_32s_48_2_1_U98/dout_reg/PCIN[15]
  -------------------------------------------------------------------    -------------------

                         (clock ap_clk rise edge)    10.000    10.000 r  
                                                      0.000    10.000 r  ap_clk (IN)
                         net (fo=6915, unset)         0.924    10.924    bd_0_i/hls_inst/inst/mul_32s_32s_48_2_1_U98/ap_clk
                         DSP48E1                                      r  bd_0_i/hls_inst/inst/mul_32s_32s_48_2_1_U98/dout_reg/CLK
                         clock pessimism              0.000    10.924    
                         clock uncertainty           -0.035    10.889    
                         DSP48E1 (Setup_dsp48e1_CLK_PCIN[15])
                                                     -1.400     9.489    bd_0_i/hls_inst/inst/mul_32s_32s_48_2_1_U98/dout_reg
  -------------------------------------------------------------------
                         required time                          9.489    
                         arrival time                          -7.590    
  -------------------------------------------------------------------
                         slack                                  1.899    

Slack (MET) :             1.899ns  (required time - arrival time)
  Source:                 bd_0_i/hls_inst/inst/ap_CS_fsm_reg[1]/C
                            (rising edge-triggered cell FDRE clocked by ap_clk  {rise@0.000ns fall@5.000ns period=10.000ns})
  Destination:            bd_0_i/hls_inst/inst/mul_32s_32s_48_2_1_U98/dout_reg/PCIN[16]
                            (rising edge-triggered cell DSP48E1 clocked by ap_clk  {rise@0.000ns fall@5.000ns period=10.000ns})
  Path Group:             ap_clk
  Path Type:              Setup (Max at Slow Process Corner)
  Requirement:            10.000ns  (ap_clk rise@10.000ns - ap_clk rise@0.000ns)
  Data Path Delay:        6.617ns  (logic 4.849ns (73.284%)  route 1.768ns (26.716%))
  Logic Levels:           2  (DSP48E1=1 LUT5=1)
  Clock Path Skew:        -0.049ns (DCD - SCD + CPR)
    Destination Clock Delay (DCD):    0.924ns = ( 10.924 - 10.000 ) 
    Source Clock Delay      (SCD):    0.973ns
    Clock Pessimism Removal (CPR):    0.000ns
  Clock Uncertainty:      0.035ns  ((TSJ^2 + TIJ^2)^1/2 + DJ) / 2 + PE
    Total System Jitter     (TSJ):    0.071ns
    Total Input Jitter      (TIJ):    0.000ns
    Discrete Jitter          (DJ):    0.000ns
    Phase Error              (PE):    0.000ns

    Location             Delay type                Incr(ns)  Path(ns)    Netlist Resource(s)
  -------------------------------------------------------------------    -------------------
                         (clock ap_clk rise edge)     0.000     0.000 r  
                                                      0.000     0.000 r  ap_clk (IN)
                         net (fo=6915, unset)         0.973     0.973    bd_0_i/hls_inst/inst/ap_clk
                         FDRE                                         r  bd_0_i/hls_inst/inst/ap_CS_fsm_reg[1]/C
  -------------------------------------------------------------------    -------------------
                         FDRE (Prop_fdre_C_Q)         0.518     1.491 r  bd_0_i/hls_inst/inst/ap_CS_fsm_reg[1]/Q
                         net (fo=133, unplaced)       0.913     2.404    bd_0_i/hls_inst/inst/grp_kalman_filter_top_Pipeline_VITIS_LOOP_52_10_VITIS_LOOP_53_11_fu_233/q1_reg[31][0]
                         LUT5 (Prop_lut5_I0_O)        0.295     2.699 r  bd_0_i/hls_inst/inst/grp_kalman_filter_top_Pipeline_VITIS_LOOP_52_10_VITIS_LOOP_53_11_fu_233/tmp_product_i_16__7/O
                         net (fo=2, unplaced)         0.800     3.499    bd_0_i/hls_inst/inst/mul_32s_32s_48_2_1_U98/grp_fu_363_p1[16]
                         DSP48E1 (Prop_dsp48e1_A[16]_PCOUT[16])
                                                      4.036     7.535 r  bd_0_i/hls_inst/inst/mul_32s_32s_48_2_1_U98/tmp_product/PCOUT[16]
                         net (fo=1, unplaced)         0.055     7.590    bd_0_i/hls_inst/inst/mul_32s_32s_48_2_1_U98/tmp_product_n_141
                         DSP48E1                                      r  bd_0_i/hls_inst/inst/mul_32s_32s_48_2_1_U98/dout_reg/PCIN[16]
  -------------------------------------------------------------------    -------------------

                         (clock ap_clk rise edge)    10.000    10.000 r  
                                                      0.000    10.000 r  ap_clk (IN)
                         net (fo=6915, unset)         0.924    10.924    bd_0_i/hls_inst/inst/mul_32s_32s_48_2_1_U98/ap_clk
                         DSP48E1                                      r  bd_0_i/hls_inst/inst/mul_32s_32s_48_2_1_U98/dout_reg/CLK
                         clock pessimism              0.000    10.924    
                         clock uncertainty           -0.035    10.889    
                         DSP48E1 (Setup_dsp48e1_CLK_PCIN[16])
                                                     -1.400     9.489    bd_0_i/hls_inst/inst/mul_32s_32s_48_2_1_U98/dout_reg
  -------------------------------------------------------------------
                         required time                          9.489    
                         arrival time                          -7.590    
  -------------------------------------------------------------------
                         slack                                  1.899    

Slack (MET) :             1.899ns  (required time - arrival time)
  Source:                 bd_0_i/hls_inst/inst/ap_CS_fsm_reg[1]/C
                            (rising edge-triggered cell FDRE clocked by ap_clk  {rise@0.000ns fall@5.000ns period=10.000ns})
  Destination:            bd_0_i/hls_inst/inst/mul_32s_32s_48_2_1_U98/dout_reg/PCIN[17]
                            (rising edge-triggered cell DSP48E1 clocked by ap_clk  {rise@0.000ns fall@5.000ns period=10.000ns})
  Path Group:             ap_clk
  Path Type:              Setup (Max at Slow Process Corner)
  Requirement:            10.000ns  (ap_clk rise@10.000ns - ap_clk rise@0.000ns)
  Data Path Delay:        6.617ns  (logic 4.849ns (73.284%)  route 1.768ns (26.716%))
  Logic Levels:           2  (DSP48E1=1 LUT5=1)
  Clock Path Skew:        -0.049ns (DCD - SCD + CPR)
    Destination Clock Delay (DCD):    0.924ns = ( 10.924 - 10.000 ) 
    Source Clock Delay      (SCD):    0.973ns
    Clock Pessimism Removal (CPR):    0.000ns
  Clock Uncertainty:      0.035ns  ((TSJ^2 + TIJ^2)^1/2 + DJ) / 2 + PE
    Total System Jitter     (TSJ):    0.071ns
    Total Input Jitter      (TIJ):    0.000ns
    Discrete Jitter          (DJ):    0.000ns
    Phase Error              (PE):    0.000ns

    Location             Delay type                Incr(ns)  Path(ns)    Netlist Resource(s)
  -------------------------------------------------------------------    -------------------
                         (clock ap_clk rise edge)     0.000     0.000 r  
                                                      0.000     0.000 r  ap_clk (IN)
                         net (fo=6915, unset)         0.973     0.973    bd_0_i/hls_inst/inst/ap_clk
                         FDRE                                         r  bd_0_i/hls_inst/inst/ap_CS_fsm_reg[1]/C
  -------------------------------------------------------------------    -------------------
                         FDRE (Prop_fdre_C_Q)         0.518     1.491 r  bd_0_i/hls_inst/inst/ap_CS_fsm_reg[1]/Q
                         net (fo=133, unplaced)       0.913     2.404    bd_0_i/hls_inst/inst/grp_kalman_filter_top_Pipeline_VITIS_LOOP_52_10_VITIS_LOOP_53_11_fu_233/q1_reg[31][0]
                         LUT5 (Prop_lut5_I0_O)        0.295     2.699 r  bd_0_i/hls_inst/inst/grp_kalman_filter_top_Pipeline_VITIS_LOOP_52_10_VITIS_LOOP_53_11_fu_233/tmp_product_i_16__7/O
                         net (fo=2, unplaced)         0.800     3.499    bd_0_i/hls_inst/inst/mul_32s_32s_48_2_1_U98/grp_fu_363_p1[16]
                         DSP48E1 (Prop_dsp48e1_A[16]_PCOUT[17])
                                                      4.036     7.535 r  bd_0_i/hls_inst/inst/mul_32s_32s_48_2_1_U98/tmp_product/PCOUT[17]
                         net (fo=1, unplaced)         0.055     7.590    bd_0_i/hls_inst/inst/mul_32s_32s_48_2_1_U98/tmp_product_n_140
                         DSP48E1                                      r  bd_0_i/hls_inst/inst/mul_32s_32s_48_2_1_U98/dout_reg/PCIN[17]
  -------------------------------------------------------------------    -------------------

                         (clock ap_clk rise edge)    10.000    10.000 r  
                                                      0.000    10.000 r  ap_clk (IN)
                         net (fo=6915, unset)         0.924    10.924    bd_0_i/hls_inst/inst/mul_32s_32s_48_2_1_U98/ap_clk
                         DSP48E1                                      r  bd_0_i/hls_inst/inst/mul_32s_32s_48_2_1_U98/dout_reg/CLK
                         clock pessimism              0.000    10.924    
                         clock uncertainty           -0.035    10.889    
                         DSP48E1 (Setup_dsp48e1_CLK_PCIN[17])
                                                     -1.400     9.489    bd_0_i/hls_inst/inst/mul_32s_32s_48_2_1_U98/dout_reg
  -------------------------------------------------------------------
                         required time                          9.489    
                         arrival time                          -7.590    
  -------------------------------------------------------------------
                         slack                                  1.899    

Slack (MET) :             1.899ns  (required time - arrival time)
  Source:                 bd_0_i/hls_inst/inst/ap_CS_fsm_reg[1]/C
                            (rising edge-triggered cell FDRE clocked by ap_clk  {rise@0.000ns fall@5.000ns period=10.000ns})
  Destination:            bd_0_i/hls_inst/inst/mul_32s_32s_48_2_1_U98/dout_reg/PCIN[18]
                            (rising edge-triggered cell DSP48E1 clocked by ap_clk  {rise@0.000ns fall@5.000ns period=10.000ns})
  Path Group:             ap_clk
  Path Type:              Setup (Max at Slow Process Corner)
  Requirement:            10.000ns  (ap_clk rise@10.000ns - ap_clk rise@0.000ns)
  Data Path Delay:        6.617ns  (logic 4.849ns (73.284%)  route 1.768ns (26.716%))
  Logic Levels:           2  (DSP48E1=1 LUT5=1)
  Clock Path Skew:        -0.049ns (DCD - SCD + CPR)
    Destination Clock Delay (DCD):    0.924ns = ( 10.924 - 10.000 ) 
    Source Clock Delay      (SCD):    0.973ns
    Clock Pessimism Removal (CPR):    0.000ns
  Clock Uncertainty:      0.035ns  ((TSJ^2 + TIJ^2)^1/2 + DJ) / 2 + PE
    Total System Jitter     (TSJ):    0.071ns
    Total Input Jitter      (TIJ):    0.000ns
    Discrete Jitter          (DJ):    0.000ns
    Phase Error              (PE):    0.000ns

    Location             Delay type                Incr(ns)  Path(ns)    Netlist Resource(s)
  -------------------------------------------------------------------    -------------------
                         (clock ap_clk rise edge)     0.000     0.000 r  
                                                      0.000     0.000 r  ap_clk (IN)
                         net (fo=6915, unset)         0.973     0.973    bd_0_i/hls_inst/inst/ap_clk
                         FDRE                                         r  bd_0_i/hls_inst/inst/ap_CS_fsm_reg[1]/C
  -------------------------------------------------------------------    -------------------
                         FDRE (Prop_fdre_C_Q)         0.518     1.491 r  bd_0_i/hls_inst/inst/ap_CS_fsm_reg[1]/Q
                         net (fo=133, unplaced)       0.913     2.404    bd_0_i/hls_inst/inst/grp_kalman_filter_top_Pipeline_VITIS_LOOP_52_10_VITIS_LOOP_53_11_fu_233/q1_reg[31][0]
                         LUT5 (Prop_lut5_I0_O)        0.295     2.699 r  bd_0_i/hls_inst/inst/grp_kalman_filter_top_Pipeline_VITIS_LOOP_52_10_VITIS_LOOP_53_11_fu_233/tmp_product_i_16__7/O
                         net (fo=2, unplaced)         0.800     3.499    bd_0_i/hls_inst/inst/mul_32s_32s_48_2_1_U98/grp_fu_363_p1[16]
                         DSP48E1 (Prop_dsp48e1_A[16]_PCOUT[18])
                                                      4.036     7.535 r  bd_0_i/hls_inst/inst/mul_32s_32s_48_2_1_U98/tmp_product/PCOUT[18]
                         net (fo=1, unplaced)         0.055     7.590    bd_0_i/hls_inst/inst/mul_32s_32s_48_2_1_U98/tmp_product_n_139
                         DSP48E1                                      r  bd_0_i/hls_inst/inst/mul_32s_32s_48_2_1_U98/dout_reg/PCIN[18]
  -------------------------------------------------------------------    -------------------

                         (clock ap_clk rise edge)    10.000    10.000 r  
                                                      0.000    10.000 r  ap_clk (IN)
                         net (fo=6915, unset)         0.924    10.924    bd_0_i/hls_inst/inst/mul_32s_32s_48_2_1_U98/ap_clk
                         DSP48E1                                      r  bd_0_i/hls_inst/inst/mul_32s_32s_48_2_1_U98/dout_reg/CLK
                         clock pessimism              0.000    10.924    
                         clock uncertainty           -0.035    10.889    
                         DSP48E1 (Setup_dsp48e1_CLK_PCIN[18])
                                                     -1.400     9.489    bd_0_i/hls_inst/inst/mul_32s_32s_48_2_1_U98/dout_reg
  -------------------------------------------------------------------
                         required time                          9.489    
                         arrival time                          -7.590    
  -------------------------------------------------------------------
                         slack                                  1.899    




