
*** Running vivado
    with args -log design_1_auto_us_0.vds -m64 -product Vivado -mode batch -messageDb vivado.pb -notrace -source design_1_auto_us_0.tcl


****** Vivado v2022.2 (64-bit)
  **** SW Build 3671981 on Fri Oct 14 04:59:54 MDT 2022
  **** IP Build 3669848 on Fri Oct 14 08:30:02 MDT 2022
    ** Copyright 1986-2022 Xilinx, Inc. All Rights Reserved.

source design_1_auto_us_0.tcl -notrace
INFO: [IP_Flow 19-234] Refreshing IP repositories
INFO: [IP_Flow 19-1700] Loaded user IP repository '/home/shahlarious/FPGA/Vivado/KalmanFiltering/kalman_hls/solution1'.
INFO: [IP_Flow 19-2313] Loaded Vivado IP repository '/tools/Xilinx/Vivado/2022.2/data/ip'.
INFO: [IP_Flow 19-6924] IPCACHE: Running cache check for IP inst: design_1_auto_us_0
Command: synth_design -top design_1_auto_us_0 -part xc7z020clg400-1 -incremental_mode off -mode out_of_context
Starting synth_design
Attempting to get a license for feature 'Synthesis' and/or device 'xc7z020'
INFO: [Common 17-349] Got license for feature 'Synthesis' and/or device 'xc7z020'
INFO: [Device 21-403] Loading part xc7z020clg400-1
INFO: [Synth 8-7079] Multithreading enabled for synth_design using a maximum of 4 processes.
INFO: [Synth 8-7078] Launching helper process for spawning children vivado processes
INFO: [Synth 8-7075] Helper process launched with PID 3448508
INFO: [Synth 8-11241] undeclared symbol 'REGCCE', assumed default net type 'wire' [/tools/Xilinx/Vivado/2022.2/data/verilog/src/unimacro/BRAM_SINGLE_MACRO.v:2170]
---------------------------------------------------------------------------------
Starting RTL Elaboration : Time (s): cpu = 00:00:05 ; elapsed = 00:00:05 . Memory (MB): peak = 1989.773 ; gain = 372.770 ; free physical = 2146 ; free virtual = 19580
Synthesis current peak Physical Memory [PSS] (MB): peak = 1292.604; parent = 1133.443; children = 159.161
Synthesis current peak Virtual Memory [VSS] (MB): peak = 2973.770; parent = 1999.684; children = 974.086
---------------------------------------------------------------------------------
INFO: [Synth 8-6157] synthesizing module 'design_1_auto_us_0' [/home/shahlarious/FPGA/Vivado/KalmanFiltering/kalman_vivado/kalman_vivado.gen/sources_1/bd/design_1/ip/design_1_auto_us_0/synth/design_1_auto_us_0.v:53]
INFO: [Synth 8-6157] synthesizing module 'axi_dwidth_converter_v2_1_27_top' [/home/shahlarious/FPGA/Vivado/KalmanFiltering/kalman_vivado/kalman_vivado.gen/sources_1/bd/design_1/ipshared/4675/hdl/axi_dwidth_converter_v2_1_vlsyn_rfs.v:14461]
INFO: [Synth 8-6157] synthesizing module 'axi_dwidth_converter_v2_1_27_axi_upsizer' [/home/shahlarious/FPGA/Vivado/KalmanFiltering/kalman_vivado/kalman_vivado.gen/sources_1/bd/design_1/ipshared/4675/hdl/axi_dwidth_converter_v2_1_vlsyn_rfs.v:7037]
INFO: [Synth 8-6157] synthesizing module 'axi_dwidth_converter_v2_1_27_w_upsizer' [/home/shahlarious/FPGA/Vivado/KalmanFiltering/kalman_vivado/kalman_vivado.gen/sources_1/bd/design_1/ipshared/4675/hdl/axi_dwidth_converter_v2_1_vlsyn_rfs.v:5562]
INFO: [Synth 8-6155] done synthesizing module 'axi_dwidth_converter_v2_1_27_w_upsizer' (0#1) [/home/shahlarious/FPGA/Vivado/KalmanFiltering/kalman_vivado/kalman_vivado.gen/sources_1/bd/design_1/ipshared/4675/hdl/axi_dwidth_converter_v2_1_vlsyn_rfs.v:5562]
INFO: [Synth 8-6157] synthesizing module 'axi_dwidth_converter_v2_1_27_a_upsizer' [/home/shahlarious/FPGA/Vivado/KalmanFiltering/kalman_vivado/kalman_vivado.gen/sources_1/bd/design_1/ipshared/4675/hdl/axi_dwidth_converter_v2_1_vlsyn_rfs.v:3602]
INFO: [Synth 8-6157] synthesizing module 'generic_baseblocks_v2_1_0_command_fifo' [/home/shahlarious/FPGA/Vivado/KalmanFiltering/kalman_vivado/kalman_vivado.gen/sources_1/bd/design_1/ipshared/b752/hdl/generic_baseblocks_v2_1_vl_rfs.v:654]
INFO: [Synth 8-6155] done synthesizing module 'generic_baseblocks_v2_1_0_command_fifo' (0#1) [/home/shahlarious/FPGA/Vivado/KalmanFiltering/kalman_vivado/kalman_vivado.gen/sources_1/bd/design_1/ipshared/b752/hdl/generic_baseblocks_v2_1_vl_rfs.v:654]
INFO: [Synth 8-6157] synthesizing module 'generic_baseblocks_v2_1_0_command_fifo__parameterized0' [/home/shahlarious/FPGA/Vivado/KalmanFiltering/kalman_vivado/kalman_vivado.gen/sources_1/bd/design_1/ipshared/b752/hdl/generic_baseblocks_v2_1_vl_rfs.v:654]
INFO: [Synth 8-6155] done synthesizing module 'generic_baseblocks_v2_1_0_command_fifo__parameterized0' (0#1) [/home/shahlarious/FPGA/Vivado/KalmanFiltering/kalman_vivado/kalman_vivado.gen/sources_1/bd/design_1/ipshared/b752/hdl/generic_baseblocks_v2_1_vl_rfs.v:654]
INFO: [Synth 8-6155] done synthesizing module 'axi_dwidth_converter_v2_1_27_a_upsizer' (0#1) [/home/shahlarious/FPGA/Vivado/KalmanFiltering/kalman_vivado/kalman_vivado.gen/sources_1/bd/design_1/ipshared/4675/hdl/axi_dwidth_converter_v2_1_vlsyn_rfs.v:3602]
INFO: [Synth 8-6157] synthesizing module 'axi_register_slice_v2_1_27_axi_register_slice' [/home/shahlarious/FPGA/Vivado/KalmanFiltering/kalman_vivado/kalman_vivado.gen/sources_1/bd/design_1/ipshared/f0b4/hdl/axi_register_slice_v2_1_vl_rfs.v:3725]
INFO: [Synth 8-6157] synthesizing module 'axi_infrastructure_v1_1_0_axi2vector' [/home/shahlarious/FPGA/Vivado/KalmanFiltering/kalman_vivado/kalman_vivado.gen/sources_1/bd/design_1/ipshared/ec67/hdl/axi_infrastructure_v1_1_vl_rfs.v:59]
INFO: [Synth 8-6155] done synthesizing module 'axi_infrastructure_v1_1_0_axi2vector' (0#1) [/home/shahlarious/FPGA/Vivado/KalmanFiltering/kalman_vivado/kalman_vivado.gen/sources_1/bd/design_1/ipshared/ec67/hdl/axi_infrastructure_v1_1_vl_rfs.v:59]
INFO: [Synth 8-6157] synthesizing module 'axi_infrastructure_v1_1_0_vector2axi' [/home/shahlarious/FPGA/Vivado/KalmanFiltering/kalman_vivado/kalman_vivado.gen/sources_1/bd/design_1/ipshared/ec67/hdl/axi_infrastructure_v1_1_vl_rfs.v:473]
INFO: [Synth 8-6155] done synthesizing module 'axi_infrastructure_v1_1_0_vector2axi' (0#1) [/home/shahlarious/FPGA/Vivado/KalmanFiltering/kalman_vivado/kalman_vivado.gen/sources_1/bd/design_1/ipshared/ec67/hdl/axi_infrastructure_v1_1_vl_rfs.v:473]
INFO: [Synth 8-6157] synthesizing module 'axi_register_slice_v2_1_27_axic_register_slice' [/home/shahlarious/FPGA/Vivado/KalmanFiltering/kalman_vivado/kalman_vivado.gen/sources_1/bd/design_1/ipshared/f0b4/hdl/axi_register_slice_v2_1_vl_rfs.v:1497]
INFO: [Synth 8-6155] done synthesizing module 'axi_register_slice_v2_1_27_axic_register_slice' (0#1) [/home/shahlarious/FPGA/Vivado/KalmanFiltering/kalman_vivado/kalman_vivado.gen/sources_1/bd/design_1/ipshared/f0b4/hdl/axi_register_slice_v2_1_vl_rfs.v:1497]
INFO: [Synth 8-6157] synthesizing module 'axi_register_slice_v2_1_27_axic_register_slice__parameterized0' [/home/shahlarious/FPGA/Vivado/KalmanFiltering/kalman_vivado/kalman_vivado.gen/sources_1/bd/design_1/ipshared/f0b4/hdl/axi_register_slice_v2_1_vl_rfs.v:1497]
INFO: [Synth 8-6155] done synthesizing module 'axi_register_slice_v2_1_27_axic_register_slice__parameterized0' (0#1) [/home/shahlarious/FPGA/Vivado/KalmanFiltering/kalman_vivado/kalman_vivado.gen/sources_1/bd/design_1/ipshared/f0b4/hdl/axi_register_slice_v2_1_vl_rfs.v:1497]
INFO: [Synth 8-6157] synthesizing module 'axi_register_slice_v2_1_27_axic_register_slice__parameterized1' [/home/shahlarious/FPGA/Vivado/KalmanFiltering/kalman_vivado/kalman_vivado.gen/sources_1/bd/design_1/ipshared/f0b4/hdl/axi_register_slice_v2_1_vl_rfs.v:1497]
INFO: [Synth 8-6155] done synthesizing module 'axi_register_slice_v2_1_27_axic_register_slice__parameterized1' (0#1) [/home/shahlarious/FPGA/Vivado/KalmanFiltering/kalman_vivado/kalman_vivado.gen/sources_1/bd/design_1/ipshared/f0b4/hdl/axi_register_slice_v2_1_vl_rfs.v:1497]
INFO: [Synth 8-6157] synthesizing module 'axi_register_slice_v2_1_27_axic_register_slice__parameterized2' [/home/shahlarious/FPGA/Vivado/KalmanFiltering/kalman_vivado/kalman_vivado.gen/sources_1/bd/design_1/ipshared/f0b4/hdl/axi_register_slice_v2_1_vl_rfs.v:1497]
INFO: [Synth 8-6155] done synthesizing module 'axi_register_slice_v2_1_27_axic_register_slice__parameterized2' (0#1) [/home/shahlarious/FPGA/Vivado/KalmanFiltering/kalman_vivado/kalman_vivado.gen/sources_1/bd/design_1/ipshared/f0b4/hdl/axi_register_slice_v2_1_vl_rfs.v:1497]
INFO: [Synth 8-6157] synthesizing module 'axi_register_slice_v2_1_27_axic_register_slice__parameterized3' [/home/shahlarious/FPGA/Vivado/KalmanFiltering/kalman_vivado/kalman_vivado.gen/sources_1/bd/design_1/ipshared/f0b4/hdl/axi_register_slice_v2_1_vl_rfs.v:1497]
INFO: [Synth 8-6155] done synthesizing module 'axi_register_slice_v2_1_27_axic_register_slice__parameterized3' (0#1) [/home/shahlarious/FPGA/Vivado/KalmanFiltering/kalman_vivado/kalman_vivado.gen/sources_1/bd/design_1/ipshared/f0b4/hdl/axi_register_slice_v2_1_vl_rfs.v:1497]
INFO: [Synth 8-6155] done synthesizing module 'axi_register_slice_v2_1_27_axi_register_slice' (0#1) [/home/shahlarious/FPGA/Vivado/KalmanFiltering/kalman_vivado/kalman_vivado.gen/sources_1/bd/design_1/ipshared/f0b4/hdl/axi_register_slice_v2_1_vl_rfs.v:3725]
WARNING: [Synth 8-7071] port 'aclk2x' of module 'axi_register_slice_v2_1_27_axi_register_slice' is unconnected for instance 'si_register_slice_inst' [/home/shahlarious/FPGA/Vivado/KalmanFiltering/kalman_vivado/kalman_vivado.gen/sources_1/bd/design_1/ipshared/4675/hdl/axi_dwidth_converter_v2_1_vlsyn_rfs.v:7379]
WARNING: [Synth 8-7023] instance 'si_register_slice_inst' of module 'axi_register_slice_v2_1_27_axi_register_slice' has 93 connections declared, but only 92 given [/home/shahlarious/FPGA/Vivado/KalmanFiltering/kalman_vivado/kalman_vivado.gen/sources_1/bd/design_1/ipshared/4675/hdl/axi_dwidth_converter_v2_1_vlsyn_rfs.v:7379]
INFO: [Synth 8-6155] done synthesizing module 'axi_dwidth_converter_v2_1_27_axi_upsizer' (0#1) [/home/shahlarious/FPGA/Vivado/KalmanFiltering/kalman_vivado/kalman_vivado.gen/sources_1/bd/design_1/ipshared/4675/hdl/axi_dwidth_converter_v2_1_vlsyn_rfs.v:7037]
INFO: [Synth 8-6155] done synthesizing module 'axi_dwidth_converter_v2_1_27_top' (0#1) [/home/shahlarious/FPGA/Vivado/KalmanFiltering/kalman_vivado/kalman_vivado.gen/sources_1/bd/design_1/ipshared/4675/hdl/axi_dwidth_converter_v2_1_vlsyn_rfs.v:14461]
INFO: [Synth 8-6155] done synthesizing module 'design_1_auto_us_0' (0#1) [/home/shahlarious/FPGA/Vivado/KalmanFiltering/kalman_vivado/kalman_vivado.gen/sources_1/bd/design_1/ip/design_1_auto_us_0/synth/design_1_auto_us_0.v:53]
WARNING: [Synth 8-3848] Net m_axi_rready in module/entity axi_dwidth_converter_v2_1_27_axi_upsizer does not have driver. [/home/shahlarious/FPGA/Vivado/KalmanFiltering/kalman_vivado/kalman_vivado.gen/sources_1/bd/design_1/ipshared/4675/hdl/axi_dwidth_converter_v2_1_vlsyn_rfs.v:7176]
WARNING: [Synth 8-7129] Port ACLK in module axi_register_slice_v2_1_27_axic_register_slice__parameterized2 is either unconnected or has no load
WARNING: [Synth 8-7129] Port ARESET in module axi_register_slice_v2_1_27_axic_register_slice__parameterized2 is either unconnected or has no load
WARNING: [Synth 8-7129] Port m_axi_buser[0] in module axi_infrastructure_v1_1_0_vector2axi is either unconnected or has no load
WARNING: [Synth 8-7129] Port m_axi_ruser[0] in module axi_infrastructure_v1_1_0_vector2axi is either unconnected or has no load
WARNING: [Synth 8-7129] Port s_axi_awregion[3] in module axi_infrastructure_v1_1_0_axi2vector is either unconnected or has no load
WARNING: [Synth 8-7129] Port s_axi_awregion[2] in module axi_infrastructure_v1_1_0_axi2vector is either unconnected or has no load
WARNING: [Synth 8-7129] Port s_axi_awregion[1] in module axi_infrastructure_v1_1_0_axi2vector is either unconnected or has no load
WARNING: [Synth 8-7129] Port s_axi_awregion[0] in module axi_infrastructure_v1_1_0_axi2vector is either unconnected or has no load
WARNING: [Synth 8-7129] Port s_axi_awuser[0] in module axi_infrastructure_v1_1_0_axi2vector is either unconnected or has no load
WARNING: [Synth 8-7129] Port s_axi_wuser[0] in module axi_infrastructure_v1_1_0_axi2vector is either unconnected or has no load
WARNING: [Synth 8-7129] Port s_axi_arregion[3] in module axi_infrastructure_v1_1_0_axi2vector is either unconnected or has no load
WARNING: [Synth 8-7129] Port s_axi_arregion[2] in module axi_infrastructure_v1_1_0_axi2vector is either unconnected or has no load
WARNING: [Synth 8-7129] Port s_axi_arregion[1] in module axi_infrastructure_v1_1_0_axi2vector is either unconnected or has no load
WARNING: [Synth 8-7129] Port s_axi_arregion[0] in module axi_infrastructure_v1_1_0_axi2vector is either unconnected or has no load
WARNING: [Synth 8-7129] Port s_axi_aruser[0] in module axi_infrastructure_v1_1_0_axi2vector is either unconnected or has no load
WARNING: [Synth 8-7129] Port aclk2x in module axi_register_slice_v2_1_27_axi_register_slice is either unconnected or has no load
WARNING: [Synth 8-7129] Port m_axi_rready in module axi_dwidth_converter_v2_1_27_axi_upsizer is either unconnected or has no load
WARNING: [Synth 8-7129] Port s_axi_awlen[7] in module axi_dwidth_converter_v2_1_27_axi_upsizer is either unconnected or has no load
WARNING: [Synth 8-7129] Port s_axi_awlen[6] in module axi_dwidth_converter_v2_1_27_axi_upsizer is either unconnected or has no load
WARNING: [Synth 8-7129] Port s_axi_awlen[5] in module axi_dwidth_converter_v2_1_27_axi_upsizer is either unconnected or has no load
WARNING: [Synth 8-7129] Port s_axi_awlen[4] in module axi_dwidth_converter_v2_1_27_axi_upsizer is either unconnected or has no load
WARNING: [Synth 8-7129] Port s_axi_arlen[7] in module axi_dwidth_converter_v2_1_27_axi_upsizer is either unconnected or has no load
WARNING: [Synth 8-7129] Port s_axi_arlen[6] in module axi_dwidth_converter_v2_1_27_axi_upsizer is either unconnected or has no load
WARNING: [Synth 8-7129] Port s_axi_arlen[5] in module axi_dwidth_converter_v2_1_27_axi_upsizer is either unconnected or has no load
WARNING: [Synth 8-7129] Port s_axi_arlen[4] in module axi_dwidth_converter_v2_1_27_axi_upsizer is either unconnected or has no load
WARNING: [Synth 8-7129] Port s_axi_rready in module axi_dwidth_converter_v2_1_27_axi_upsizer is either unconnected or has no load
WARNING: [Synth 8-7129] Port m_axi_aresetn in module axi_dwidth_converter_v2_1_27_axi_upsizer is either unconnected or has no load
WARNING: [Synth 8-7129] Port m_axi_aclk in module axi_dwidth_converter_v2_1_27_axi_upsizer is either unconnected or has no load
WARNING: [Synth 8-7129] Port m_axi_arready in module axi_dwidth_converter_v2_1_27_axi_upsizer is either unconnected or has no load
WARNING: [Synth 8-7129] Port m_axi_rdata[63] in module axi_dwidth_converter_v2_1_27_axi_upsizer is either unconnected or has no load
WARNING: [Synth 8-7129] Port m_axi_rdata[62] in module axi_dwidth_converter_v2_1_27_axi_upsizer is either unconnected or has no load
WARNING: [Synth 8-7129] Port m_axi_rdata[61] in module axi_dwidth_converter_v2_1_27_axi_upsizer is either unconnected or has no load
WARNING: [Synth 8-7129] Port m_axi_rdata[60] in module axi_dwidth_converter_v2_1_27_axi_upsizer is either unconnected or has no load
WARNING: [Synth 8-7129] Port m_axi_rdata[59] in module axi_dwidth_converter_v2_1_27_axi_upsizer is either unconnected or has no load
WARNING: [Synth 8-7129] Port m_axi_rdata[58] in module axi_dwidth_converter_v2_1_27_axi_upsizer is either unconnected or has no load
WARNING: [Synth 8-7129] Port m_axi_rdata[57] in module axi_dwidth_converter_v2_1_27_axi_upsizer is either unconnected or has no load
WARNING: [Synth 8-7129] Port m_axi_rdata[56] in module axi_dwidth_converter_v2_1_27_axi_upsizer is either unconnected or has no load
WARNING: [Synth 8-7129] Port m_axi_rdata[55] in module axi_dwidth_converter_v2_1_27_axi_upsizer is either unconnected or has no load
WARNING: [Synth 8-7129] Port m_axi_rdata[54] in module axi_dwidth_converter_v2_1_27_axi_upsizer is either unconnected or has no load
WARNING: [Synth 8-7129] Port m_axi_rdata[53] in module axi_dwidth_converter_v2_1_27_axi_upsizer is either unconnected or has no load
WARNING: [Synth 8-7129] Port m_axi_rdata[52] in module axi_dwidth_converter_v2_1_27_axi_upsizer is either unconnected or has no load
WARNING: [Synth 8-7129] Port m_axi_rdata[51] in module axi_dwidth_converter_v2_1_27_axi_upsizer is either unconnected or has no load
WARNING: [Synth 8-7129] Port m_axi_rdata[50] in module axi_dwidth_converter_v2_1_27_axi_upsizer is either unconnected or has no load
WARNING: [Synth 8-7129] Port m_axi_rdata[49] in module axi_dwidth_converter_v2_1_27_axi_upsizer is either unconnected or has no load
WARNING: [Synth 8-7129] Port m_axi_rdata[48] in module axi_dwidth_converter_v2_1_27_axi_upsizer is either unconnected or has no load
WARNING: [Synth 8-7129] Port m_axi_rdata[47] in module axi_dwidth_converter_v2_1_27_axi_upsizer is either unconnected or has no load
WARNING: [Synth 8-7129] Port m_axi_rdata[46] in module axi_dwidth_converter_v2_1_27_axi_upsizer is either unconnected or has no load
WARNING: [Synth 8-7129] Port m_axi_rdata[45] in module axi_dwidth_converter_v2_1_27_axi_upsizer is either unconnected or has no load
WARNING: [Synth 8-7129] Port m_axi_rdata[44] in module axi_dwidth_converter_v2_1_27_axi_upsizer is either unconnected or has no load
WARNING: [Synth 8-7129] Port m_axi_rdata[43] in module axi_dwidth_converter_v2_1_27_axi_upsizer is either unconnected or has no load
WARNING: [Synth 8-7129] Port m_axi_rdata[42] in module axi_dwidth_converter_v2_1_27_axi_upsizer is either unconnected or has no load
WARNING: [Synth 8-7129] Port m_axi_rdata[41] in module axi_dwidth_converter_v2_1_27_axi_upsizer is either unconnected or has no load
WARNING: [Synth 8-7129] Port m_axi_rdata[40] in module axi_dwidth_converter_v2_1_27_axi_upsizer is either unconnected or has no load
WARNING: [Synth 8-7129] Port m_axi_rdata[39] in module axi_dwidth_converter_v2_1_27_axi_upsizer is either unconnected or has no load
WARNING: [Synth 8-7129] Port m_axi_rdata[38] in module axi_dwidth_converter_v2_1_27_axi_upsizer is either unconnected or has no load
WARNING: [Synth 8-7129] Port m_axi_rdata[37] in module axi_dwidth_converter_v2_1_27_axi_upsizer is either unconnected or has no load
WARNING: [Synth 8-7129] Port m_axi_rdata[36] in module axi_dwidth_converter_v2_1_27_axi_upsizer is either unconnected or has no load
WARNING: [Synth 8-7129] Port m_axi_rdata[35] in module axi_dwidth_converter_v2_1_27_axi_upsizer is either unconnected or has no load
WARNING: [Synth 8-7129] Port m_axi_rdata[34] in module axi_dwidth_converter_v2_1_27_axi_upsizer is either unconnected or has no load
WARNING: [Synth 8-7129] Port m_axi_rdata[33] in module axi_dwidth_converter_v2_1_27_axi_upsizer is either unconnected or has no load
WARNING: [Synth 8-7129] Port m_axi_rdata[32] in module axi_dwidth_converter_v2_1_27_axi_upsizer is either unconnected or has no load
WARNING: [Synth 8-7129] Port m_axi_rdata[31] in module axi_dwidth_converter_v2_1_27_axi_upsizer is either unconnected or has no load
WARNING: [Synth 8-7129] Port m_axi_rdata[30] in module axi_dwidth_converter_v2_1_27_axi_upsizer is either unconnected or has no load
WARNING: [Synth 8-7129] Port m_axi_rdata[29] in module axi_dwidth_converter_v2_1_27_axi_upsizer is either unconnected or has no load
WARNING: [Synth 8-7129] Port m_axi_rdata[28] in module axi_dwidth_converter_v2_1_27_axi_upsizer is either unconnected or has no load
WARNING: [Synth 8-7129] Port m_axi_rdata[27] in module axi_dwidth_converter_v2_1_27_axi_upsizer is either unconnected or has no load
WARNING: [Synth 8-7129] Port m_axi_rdata[26] in module axi_dwidth_converter_v2_1_27_axi_upsizer is either unconnected or has no load
WARNING: [Synth 8-7129] Port m_axi_rdata[25] in module axi_dwidth_converter_v2_1_27_axi_upsizer is either unconnected or has no load
WARNING: [Synth 8-7129] Port m_axi_rdata[24] in module axi_dwidth_converter_v2_1_27_axi_upsizer is either unconnected or has no load
WARNING: [Synth 8-7129] Port m_axi_rdata[23] in module axi_dwidth_converter_v2_1_27_axi_upsizer is either unconnected or has no load
WARNING: [Synth 8-7129] Port m_axi_rdata[22] in module axi_dwidth_converter_v2_1_27_axi_upsizer is either unconnected or has no load
WARNING: [Synth 8-7129] Port m_axi_rdata[21] in module axi_dwidth_converter_v2_1_27_axi_upsizer is either unconnected or has no load
WARNING: [Synth 8-7129] Port m_axi_rdata[20] in module axi_dwidth_converter_v2_1_27_axi_upsizer is either unconnected or has no load
WARNING: [Synth 8-7129] Port m_axi_rdata[19] in module axi_dwidth_converter_v2_1_27_axi_upsizer is either unconnected or has no load
WARNING: [Synth 8-7129] Port m_axi_rdata[18] in module axi_dwidth_converter_v2_1_27_axi_upsizer is either unconnected or has no load
WARNING: [Synth 8-7129] Port m_axi_rdata[17] in module axi_dwidth_converter_v2_1_27_axi_upsizer is either unconnected or has no load
WARNING: [Synth 8-7129] Port m_axi_rdata[16] in module axi_dwidth_converter_v2_1_27_axi_upsizer is either unconnected or has no load
WARNING: [Synth 8-7129] Port m_axi_rdata[15] in module axi_dwidth_converter_v2_1_27_axi_upsizer is either unconnected or has no load
WARNING: [Synth 8-7129] Port m_axi_rdata[14] in module axi_dwidth_converter_v2_1_27_axi_upsizer is either unconnected or has no load
WARNING: [Synth 8-7129] Port m_axi_rdata[13] in module axi_dwidth_converter_v2_1_27_axi_upsizer is either unconnected or has no load
WARNING: [Synth 8-7129] Port m_axi_rdata[12] in module axi_dwidth_converter_v2_1_27_axi_upsizer is either unconnected or has no load
WARNING: [Synth 8-7129] Port m_axi_rdata[11] in module axi_dwidth_converter_v2_1_27_axi_upsizer is either unconnected or has no load
WARNING: [Synth 8-7129] Port m_axi_rdata[10] in module axi_dwidth_converter_v2_1_27_axi_upsizer is either unconnected or has no load
WARNING: [Synth 8-7129] Port m_axi_rdata[9] in module axi_dwidth_converter_v2_1_27_axi_upsizer is either unconnected or has no load
WARNING: [Synth 8-7129] Port m_axi_rdata[8] in module axi_dwidth_converter_v2_1_27_axi_upsizer is either unconnected or has no load
WARNING: [Synth 8-7129] Port m_axi_rdata[7] in module axi_dwidth_converter_v2_1_27_axi_upsizer is either unconnected or has no load
WARNING: [Synth 8-7129] Port m_axi_rdata[6] in module axi_dwidth_converter_v2_1_27_axi_upsizer is either unconnected or has no load
WARNING: [Synth 8-7129] Port m_axi_rdata[5] in module axi_dwidth_converter_v2_1_27_axi_upsizer is either unconnected or has no load
WARNING: [Synth 8-7129] Port m_axi_rdata[4] in module axi_dwidth_converter_v2_1_27_axi_upsizer is either unconnected or has no load
WARNING: [Synth 8-7129] Port m_axi_rdata[3] in module axi_dwidth_converter_v2_1_27_axi_upsizer is either unconnected or has no load
WARNING: [Synth 8-7129] Port m_axi_rdata[2] in module axi_dwidth_converter_v2_1_27_axi_upsizer is either unconnected or has no load
WARNING: [Synth 8-7129] Port m_axi_rdata[1] in module axi_dwidth_converter_v2_1_27_axi_upsizer is either unconnected or has no load
WARNING: [Synth 8-7129] Port m_axi_rdata[0] in module axi_dwidth_converter_v2_1_27_axi_upsizer is either unconnected or has no load
WARNING: [Synth 8-7129] Port m_axi_rresp[1] in module axi_dwidth_converter_v2_1_27_axi_upsizer is either unconnected or has no load
WARNING: [Synth 8-7129] Port m_axi_rresp[0] in module axi_dwidth_converter_v2_1_27_axi_upsizer is either unconnected or has no load
WARNING: [Synth 8-7129] Port m_axi_rlast in module axi_dwidth_converter_v2_1_27_axi_upsizer is either unconnected or has no load
WARNING: [Synth 8-7129] Port m_axi_rvalid in module axi_dwidth_converter_v2_1_27_axi_upsizer is either unconnected or has no load
WARNING: [Synth 8-7129] Port s_axi_awregion[3] in module axi_dwidth_converter_v2_1_27_top is either unconnected or has no load
WARNING: [Synth 8-7129] Port s_axi_awregion[2] in module axi_dwidth_converter_v2_1_27_top is either unconnected or has no load
WARNING: [Synth 8-7129] Port s_axi_awregion[1] in module axi_dwidth_converter_v2_1_27_top is either unconnected or has no load
INFO: [Common 17-14] Message 'Synth 8-7129' appears 100 times and further instances of the messages will be disabled. Use the Tcl command set_msg_config to change the current settings.
---------------------------------------------------------------------------------
Finished RTL Elaboration : Time (s): cpu = 00:00:09 ; elapsed = 00:00:10 . Memory (MB): peak = 2174.617 ; gain = 557.613 ; free physical = 1508 ; free virtual = 18944
Synthesis current peak Physical Memory [PSS] (MB): peak = 1478.408; parent = 1325.776; children = 159.161
Synthesis current peak Virtual Memory [VSS] (MB): peak = 3148.707; parent = 2174.621; children = 974.086
---------------------------------------------------------------------------------
---------------------------------------------------------------------------------
Start Handling Custom Attributes
---------------------------------------------------------------------------------
---------------------------------------------------------------------------------
Finished Handling Custom Attributes : Time (s): cpu = 00:00:09 ; elapsed = 00:00:11 . Memory (MB): peak = 2189.461 ; gain = 572.457 ; free physical = 1491 ; free virtual = 18927
Synthesis current peak Physical Memory [PSS] (MB): peak = 1478.408; parent = 1325.776; children = 159.161
Synthesis current peak Virtual Memory [VSS] (MB): peak = 3163.551; parent = 2189.465; children = 974.086
---------------------------------------------------------------------------------
---------------------------------------------------------------------------------
Finished RTL Optimization Phase 1 : Time (s): cpu = 00:00:09 ; elapsed = 00:00:11 . Memory (MB): peak = 2189.461 ; gain = 572.457 ; free physical = 1430 ; free virtual = 18865
Synthesis current peak Physical Memory [PSS] (MB): peak = 1478.408; parent = 1325.776; children = 159.161
Synthesis current peak Virtual Memory [VSS] (MB): peak = 3163.551; parent = 2189.465; children = 974.086
---------------------------------------------------------------------------------
Netlist sorting complete. Time (s): cpu = 00:00:00.02 ; elapsed = 00:00:00.02 . Memory (MB): peak = 2189.461 ; gain = 0.000 ; free physical = 1523 ; free virtual = 18959
INFO: [Project 1-570] Preparing netlist for logic optimization

Processing XDC Constraints
Initializing timing engine
Parsing XDC File [/home/shahlarious/FPGA/Vivado/KalmanFiltering/kalman_vivado/kalman_vivado.gen/sources_1/bd/design_1/ip/design_1_auto_us_0/design_1_auto_us_0_ooc.xdc] for cell 'inst'
Finished Parsing XDC File [/home/shahlarious/FPGA/Vivado/KalmanFiltering/kalman_vivado/kalman_vivado.gen/sources_1/bd/design_1/ip/design_1_auto_us_0/design_1_auto_us_0_ooc.xdc] for cell 'inst'
Parsing XDC File [/home/shahlarious/FPGA/Vivado/KalmanFiltering/kalman_vivado/kalman_vivado.runs/design_1_auto_us_0_synth_1/dont_touch.xdc]
Finished Parsing XDC File [/home/shahlarious/FPGA/Vivado/KalmanFiltering/kalman_vivado/kalman_vivado.runs/design_1_auto_us_0_synth_1/dont_touch.xdc]
Completed Processing XDC Constraints

Netlist sorting complete. Time (s): cpu = 00:00:00 ; elapsed = 00:00:00 . Memory (MB): peak = 2289.203 ; gain = 0.000 ; free physical = 1294 ; free virtual = 18731
INFO: [Project 1-111] Unisim Transformation Summary:
No Unisim elements were transformed.

Constraint Validation Runtime : Time (s): cpu = 00:00:00.03 ; elapsed = 00:00:00.03 . Memory (MB): peak = 2289.203 ; gain = 0.000 ; free physical = 1293 ; free virtual = 18729
INFO: [Designutils 20-5008] Incremental synthesis strategy off
INFO: [Synth 8-11241] undeclared symbol 'REGCCE', assumed default net type 'wire' [/tools/Xilinx/Vivado/2022.2/data/verilog/src/unimacro/BRAM_SINGLE_MACRO.v:2170]
---------------------------------------------------------------------------------
Finished Constraint Validation : Time (s): cpu = 00:00:15 ; elapsed = 00:00:17 . Memory (MB): peak = 2289.203 ; gain = 672.199 ; free physical = 1396 ; free virtual = 18843
Synthesis current peak Physical Memory [PSS] (MB): peak = 1478.408; parent = 1325.776; children = 159.161
Synthesis current peak Virtual Memory [VSS] (MB): peak = 3247.285; parent = 2273.199; children = 974.086
---------------------------------------------------------------------------------
---------------------------------------------------------------------------------
Start Loading Part and Timing Information
---------------------------------------------------------------------------------
Loading part: xc7z020clg400-1
---------------------------------------------------------------------------------
Finished Loading Part and Timing Information : Time (s): cpu = 00:00:15 ; elapsed = 00:00:17 . Memory (MB): peak = 2289.203 ; gain = 672.199 ; free physical = 1396 ; free virtual = 18843
Synthesis current peak Physical Memory [PSS] (MB): peak = 1478.408; parent = 1325.776; children = 159.161
Synthesis current peak Virtual Memory [VSS] (MB): peak = 3247.285; parent = 2273.199; children = 974.086
---------------------------------------------------------------------------------
---------------------------------------------------------------------------------
Start Applying 'set_property' XDC Constraints
---------------------------------------------------------------------------------
Applied set_property KEEP_HIERARCHY = SOFT for inst. (constraint file  /home/shahlarious/FPGA/Vivado/KalmanFiltering/kalman_vivado/kalman_vivado.runs/design_1_auto_us_0_synth_1/dont_touch.xdc, line 9).
---------------------------------------------------------------------------------
Finished applying 'set_property' XDC Constraints : Time (s): cpu = 00:00:15 ; elapsed = 00:00:17 . Memory (MB): peak = 2289.203 ; gain = 672.199 ; free physical = 1404 ; free virtual = 18850
Synthesis current peak Physical Memory [PSS] (MB): peak = 1478.408; parent = 1325.776; children = 159.161
Synthesis current peak Virtual Memory [VSS] (MB): peak = 3247.285; parent = 2273.199; children = 974.086
---------------------------------------------------------------------------------
---------------------------------------------------------------------------------
Finished RTL Optimization Phase 2 : Time (s): cpu = 00:00:15 ; elapsed = 00:00:18 . Memory (MB): peak = 2289.203 ; gain = 672.199 ; free physical = 1584 ; free virtual = 19029
Synthesis current peak Physical Memory [PSS] (MB): peak = 1478.408; parent = 1325.776; children = 159.161
Synthesis current peak Virtual Memory [VSS] (MB): peak = 3247.285; parent = 2273.199; children = 974.086
---------------------------------------------------------------------------------
---------------------------------------------------------------------------------
Start RTL Component Statistics 
---------------------------------------------------------------------------------
Detailed RTL Component Info : 
+---Adders : 
	   2 Input    8 Bit       Adders := 2     
	   2 Input    6 Bit       Adders := 1     
	   2 Input    5 Bit       Adders := 2     
	   2 Input    4 Bit       Adders := 1     
	   2 Input    3 Bit       Adders := 2     
+---Registers : 
	               87 Bit    Registers := 1     
	               38 Bit    Registers := 2     
	               36 Bit    Registers := 2     
	               30 Bit    Registers := 1     
	                8 Bit    Registers := 17    
	                5 Bit    Registers := 2     
	                3 Bit    Registers := 3     
	                2 Bit    Registers := 4     
	                1 Bit    Registers := 37    
+---Muxes : 
	   2 Input   64 Bit        Muxes := 3     
	   2 Input   38 Bit        Muxes := 2     
	   2 Input   36 Bit        Muxes := 2     
	   2 Input    8 Bit        Muxes := 19    
	   8 Input    8 Bit        Muxes := 2     
	   2 Input    3 Bit        Muxes := 6     
	   8 Input    3 Bit        Muxes := 3     
	   2 Input    2 Bit        Muxes := 4     
	   2 Input    1 Bit        Muxes := 49    
---------------------------------------------------------------------------------
Finished RTL Component Statistics 
---------------------------------------------------------------------------------
---------------------------------------------------------------------------------
Start Part Resource Summary
---------------------------------------------------------------------------------
Part Resources:
DSPs: 220 (col length:60)
BRAMs: 280 (col length: RAMB18 60 RAMB36 30)
---------------------------------------------------------------------------------
Finished Part Resource Summary
---------------------------------------------------------------------------------
---------------------------------------------------------------------------------
Start Cross Boundary and Area Optimization
---------------------------------------------------------------------------------
WARNING: [Synth 8-7080] Parallel synthesis criteria is not met
---------------------------------------------------------------------------------
Finished Cross Boundary and Area Optimization : Time (s): cpu = 00:00:19 ; elapsed = 00:00:22 . Memory (MB): peak = 2289.203 ; gain = 672.199 ; free physical = 1860 ; free virtual = 19328
Synthesis current peak Physical Memory [PSS] (MB): peak = 1478.408; parent = 1325.776; children = 159.161
Synthesis current peak Virtual Memory [VSS] (MB): peak = 3247.285; parent = 2273.199; children = 974.086
---------------------------------------------------------------------------------
---------------------------------------------------------------------------------
Start Applying XDC Timing Constraints
---------------------------------------------------------------------------------
---------------------------------------------------------------------------------
Finished Applying XDC Timing Constraints : Time (s): cpu = 00:00:23 ; elapsed = 00:00:26 . Memory (MB): peak = 2289.203 ; gain = 672.199 ; free physical = 1713 ; free virtual = 19176
Synthesis current peak Physical Memory [PSS] (MB): peak = 1478.408; parent = 1325.776; children = 159.161
Synthesis current peak Virtual Memory [VSS] (MB): peak = 3247.285; parent = 2273.199; children = 974.086
---------------------------------------------------------------------------------
---------------------------------------------------------------------------------
Start Timing Optimization
---------------------------------------------------------------------------------
---------------------------------------------------------------------------------
Finished Timing Optimization : Time (s): cpu = 00:00:24 ; elapsed = 00:00:27 . Memory (MB): peak = 2289.203 ; gain = 672.199 ; free physical = 1678 ; free virtual = 19142
Synthesis current peak Physical Memory [PSS] (MB): peak = 1478.408; parent = 1325.776; children = 159.161
Synthesis current peak Virtual Memory [VSS] (MB): peak = 3247.285; parent = 2273.199; children = 974.086
---------------------------------------------------------------------------------
---------------------------------------------------------------------------------
Start Technology Mapping
---------------------------------------------------------------------------------
---------------------------------------------------------------------------------
Finished Technology Mapping : Time (s): cpu = 00:00:24 ; elapsed = 00:00:27 . Memory (MB): peak = 2289.203 ; gain = 672.199 ; free physical = 1888 ; free virtual = 19346
Synthesis current peak Physical Memory [PSS] (MB): peak = 1478.408; parent = 1325.776; children = 159.161
Synthesis current peak Virtual Memory [VSS] (MB): peak = 3247.285; parent = 2273.199; children = 974.086
---------------------------------------------------------------------------------
---------------------------------------------------------------------------------
Start IO Insertion
---------------------------------------------------------------------------------
---------------------------------------------------------------------------------
Start Flattening Before IO Insertion
---------------------------------------------------------------------------------
---------------------------------------------------------------------------------
Finished Flattening Before IO Insertion
---------------------------------------------------------------------------------
---------------------------------------------------------------------------------
Start Final Netlist Cleanup
---------------------------------------------------------------------------------
---------------------------------------------------------------------------------
Finished Final Netlist Cleanup
---------------------------------------------------------------------------------
---------------------------------------------------------------------------------
Finished IO Insertion : Time (s): cpu = 00:00:28 ; elapsed = 00:00:31 . Memory (MB): peak = 2289.203 ; gain = 672.199 ; free physical = 2456 ; free virtual = 19914
Synthesis current peak Physical Memory [PSS] (MB): peak = 1478.408; parent = 1325.776; children = 168.202
Synthesis current peak Virtual Memory [VSS] (MB): peak = 3247.285; parent = 2273.199; children = 974.086
---------------------------------------------------------------------------------
---------------------------------------------------------------------------------
Start Renaming Generated Instances
---------------------------------------------------------------------------------
---------------------------------------------------------------------------------
Finished Renaming Generated Instances : Time (s): cpu = 00:00:28 ; elapsed = 00:00:31 . Memory (MB): peak = 2289.203 ; gain = 672.199 ; free physical = 2456 ; free virtual = 19914
Synthesis current peak Physical Memory [PSS] (MB): peak = 1478.408; parent = 1325.776; children = 168.202
Synthesis current peak Virtual Memory [VSS] (MB): peak = 3247.285; parent = 2273.199; children = 974.086
---------------------------------------------------------------------------------
---------------------------------------------------------------------------------
Start Rebuilding User Hierarchy
---------------------------------------------------------------------------------
---------------------------------------------------------------------------------
Finished Rebuilding User Hierarchy : Time (s): cpu = 00:00:28 ; elapsed = 00:00:31 . Memory (MB): peak = 2289.203 ; gain = 672.199 ; free physical = 2456 ; free virtual = 19914
Synthesis current peak Physical Memory [PSS] (MB): peak = 1478.408; parent = 1325.776; children = 168.202
Synthesis current peak Virtual Memory [VSS] (MB): peak = 3247.285; parent = 2273.199; children = 974.086
---------------------------------------------------------------------------------
---------------------------------------------------------------------------------
Start Renaming Generated Ports
---------------------------------------------------------------------------------
---------------------------------------------------------------------------------
Finished Renaming Generated Ports : Time (s): cpu = 00:00:28 ; elapsed = 00:00:31 . Memory (MB): peak = 2289.203 ; gain = 672.199 ; free physical = 2456 ; free virtual = 19914
Synthesis current peak Physical Memory [PSS] (MB): peak = 1478.408; parent = 1325.776; children = 168.202
Synthesis current peak Virtual Memory [VSS] (MB): peak = 3247.285; parent = 2273.199; children = 974.086
---------------------------------------------------------------------------------
---------------------------------------------------------------------------------
Start Handling Custom Attributes
---------------------------------------------------------------------------------
---------------------------------------------------------------------------------
Finished Handling Custom Attributes : Time (s): cpu = 00:00:28 ; elapsed = 00:00:31 . Memory (MB): peak = 2289.203 ; gain = 672.199 ; free physical = 2456 ; free virtual = 19914
Synthesis current peak Physical Memory [PSS] (MB): peak = 1478.408; parent = 1325.776; children = 168.202
Synthesis current peak Virtual Memory [VSS] (MB): peak = 3247.285; parent = 2273.199; children = 974.086
---------------------------------------------------------------------------------
---------------------------------------------------------------------------------
Start Renaming Generated Nets
---------------------------------------------------------------------------------
---------------------------------------------------------------------------------
Finished Renaming Generated Nets : Time (s): cpu = 00:00:28 ; elapsed = 00:00:31 . Memory (MB): peak = 2289.203 ; gain = 672.199 ; free physical = 2456 ; free virtual = 19914
Synthesis current peak Physical Memory [PSS] (MB): peak = 1478.408; parent = 1325.776; children = 168.202
Synthesis current peak Virtual Memory [VSS] (MB): peak = 3247.285; parent = 2273.199; children = 974.086
---------------------------------------------------------------------------------
---------------------------------------------------------------------------------
Start ROM, RAM, DSP, Shift Register and Retiming Reporting
---------------------------------------------------------------------------------

Dynamic Shift Register Report:
+------------+-------------------------------+--------+------------+--------+---------+--------+--------+--------+
|Module Name | RTL Name                      | Length | Data Width | SRL16E | SRLC32E | Mux F7 | Mux F8 | Mux F9 | 
+------------+-------------------------------+--------+------------+--------+---------+--------+--------+--------+
|dsrl        | USE_RTL_FIFO.data_srl_reg[31] | 1      | 1          | 0      | 1       | 0      | 0      | 0      | 
|dsrl__1     | USE_RTL_FIFO.data_srl_reg[31] | 30     | 30         | 0      | 30      | 0      | 0      | 0      | 
|dsrl__2     | USE_RTL_FIFO.data_srl_reg[31] | 30     | 30         | 0      | 30      | 0      | 0      | 0      | 
+------------+-------------------------------+--------+------------+--------+---------+--------+--------+--------+

---------------------------------------------------------------------------------
Finished ROM, RAM, DSP, Shift Register and Retiming Reporting
---------------------------------------------------------------------------------
---------------------------------------------------------------------------------
Start Writing Synthesis Report
---------------------------------------------------------------------------------

Report BlackBoxes: 
+-+--------------+----------+
| |BlackBox name |Instances |
+-+--------------+----------+
+-+--------------+----------+

Report Cell Usage: 
+------+--------+------+
|      |Cell    |Count |
+------+--------+------+
|1     |LUT1    |     4|
|2     |LUT2    |    14|
|3     |LUT3    |    17|
|4     |LUT4    |    31|
|5     |LUT5    |   109|
|6     |LUT6    |    76|
|7     |SRLC32E |    26|
|8     |FDRE    |   295|
|9     |FDSE    |     2|
+------+--------+------+
---------------------------------------------------------------------------------
Finished Writing Synthesis Report : Time (s): cpu = 00:00:28 ; elapsed = 00:00:31 . Memory (MB): peak = 2289.203 ; gain = 672.199 ; free physical = 2456 ; free virtual = 19914
Synthesis current peak Physical Memory [PSS] (MB): peak = 1478.408; parent = 1325.776; children = 168.202
Synthesis current peak Virtual Memory [VSS] (MB): peak = 3247.285; parent = 2273.199; children = 974.086
---------------------------------------------------------------------------------
Synthesis finished with 0 errors, 0 critical warnings and 168 warnings.
Synthesis Optimization Runtime : Time (s): cpu = 00:00:26 ; elapsed = 00:00:29 . Memory (MB): peak = 2289.203 ; gain = 572.457 ; free physical = 2505 ; free virtual = 19962
Synthesis Optimization Complete : Time (s): cpu = 00:00:28 ; elapsed = 00:00:31 . Memory (MB): peak = 2289.203 ; gain = 672.199 ; free physical = 2514 ; free virtual = 19972
INFO: [Project 1-571] Translating synthesized netlist
Netlist sorting complete. Time (s): cpu = 00:00:00.01 ; elapsed = 00:00:00.01 . Memory (MB): peak = 2289.203 ; gain = 0.000 ; free physical = 2631 ; free virtual = 20089
INFO: [Project 1-570] Preparing netlist for logic optimization
INFO: [Opt 31-138] Pushed 0 inverter(s) to 0 load pin(s).
Netlist sorting complete. Time (s): cpu = 00:00:00 ; elapsed = 00:00:00 . Memory (MB): peak = 2289.203 ; gain = 0.000 ; free physical = 2572 ; free virtual = 20030
INFO: [Project 1-111] Unisim Transformation Summary:
No Unisim elements were transformed.

Synth Design complete, checksum: 5812c552
INFO: [Common 17-83] Releasing license: Synthesis
50 Infos, 104 Warnings, 0 Critical Warnings and 0 Errors encountered.
synth_design completed successfully
synth_design: Time (s): cpu = 00:00:35 ; elapsed = 00:00:36 . Memory (MB): peak = 2289.203 ; gain = 1003.762 ; free physical = 2833 ; free virtual = 20291
INFO: [Common 17-1381] The checkpoint '/home/shahlarious/FPGA/Vivado/KalmanFiltering/kalman_vivado/kalman_vivado.runs/design_1_auto_us_0_synth_1/design_1_auto_us_0.dcp' has been generated.
INFO: [Coretcl 2-1648] Added synthesis output to IP cache for IP design_1_auto_us_0, cache-ID = 582787759a92521c
INFO: [Coretcl 2-1174] Renamed 8 cell refs.
INFO: [Common 17-1381] The checkpoint '/home/shahlarious/FPGA/Vivado/KalmanFiltering/kalman_vivado/kalman_vivado.runs/design_1_auto_us_0_synth_1/design_1_auto_us_0.dcp' has been generated.
INFO: [runtcl-4] Executing : report_utilization -file design_1_auto_us_0_utilization_synth.rpt -pb design_1_auto_us_0_utilization_synth.pb
INFO: [Common 17-206] Exiting Vivado at Mon May 20 17:56:01 2024...
