Mon May 20 14:15:39 2024: Running xcd server. This server was built by gradle.
Mon May 20 14:15:39 2024: Server was asked to start on port: '38417'
Mon May 20 14:15:39 2024: Server is using token UUID: '50df17bd-98d0-4233-9efa-947c5f304450'
Mon May 20 14:15:39 2024: SESSION_MGR: creating session with session uuid: '6d04a3e9-ade5-4ab9-8d63-1f78fcd2ec76' and name 'default'
Mon May 20 14:15:39 2024: Attempting to start server on port '38417'
Mon May 20 14:15:39 2024: XCD main fifo: created main fifo '/tmp/xcdmain50df17bd-98d0-4233-9efa-947c5f304450', fd read = 13
Mon May 20 14:15:39 2024: Running Dispatch Server
Mon May 20 14:15:39 2024: Version 2.2.0
Mon May 20 14:15:48 2024: Dispatch Server: Accepted socket connection from client
Mon May 20 14:15:48 2024: Starting Socket connection
Mon May 20 14:15:48 2024: EXCHANGE_TOKEN received, server token: 50df17bd-98d0-4233-9efa-947c5f304450, passed token: 50df17bd-98d0-4233-9efa-947c5f304450
Mon May 20 14:15:48 2024: SESSION_MGR: creating session with session uuid: '984c2c43-dca8-41ae-82af-8f3120e0a86c' and name 'vitis_hls'
Mon May 20 14:15:48 2024: KERNEL_SVC: creating session with uuid: '984c2c43-dca8-41ae-82af-8f3120e0a86c' and name 'vitis_hls'
Mon May 20 14:15:48 2024: GUIDANCE_SMGR: creating guidance session with uuid: '984c2c43-dca8-41ae-82af-8f3120e0a86c' and name 'vitis_hls'
Mon May 20 14:16:04 2024: STOP_SERVER received, server token: 50df17bd-98d0-4233-9efa-947c5f304450, passed token: 50df17bd-98d0-4233-9efa-947c5f304450
Mon May 20 14:16:04 2024: Socket received request to stop server.
Mon May 20 14:16:04 2024: Dispatch Server: do_await_stop
Mon May 20 14:16:04 2024: Dispatch Server: stopping mainFifo_
Mon May 20 14:16:04 2024: XCD main fifo: Stopping
Mon May 20 14:16:04 2024: XCD main fifo: do_read error code: Operation canceled
Mon May 20 14:16:04 2024: XCD main fifo: bytes_transferred: 0
Mon May 20 14:16:04 2024: SERVER: destructor for server bound to port 38417
Mon May 20 14:16:04 2024: XCD main fifo: Good unlink of /tmp/xcdmain50df17bd-98d0-4233-9efa-947c5f304450
Mon May 20 14:16:04 2024: Server exiting with status 0.
Mon May 20 14:16:04 2024: Closing log file.
Mon May 20 14:17:46 2024: Running xcd server. This server was built by gradle.
Mon May 20 14:17:46 2024: Server was asked to start on port: '43533'
Mon May 20 14:17:46 2024: Server is using token UUID: '3b1c60d5-ba41-4a82-9b0b-f6b8850726a1'
Mon May 20 14:17:46 2024: SESSION_MGR: creating session with session uuid: '6d04a3e9-ade5-4ab9-8d63-1f78fcd2ec76' and name 'default'
Mon May 20 14:17:46 2024: Attempting to start server on port '43533'
Mon May 20 14:17:46 2024: XCD main fifo: created main fifo '/tmp/xcdmain3b1c60d5-ba41-4a82-9b0b-f6b8850726a1', fd read = 13
Mon May 20 14:17:46 2024: Running Dispatch Server
Mon May 20 14:17:46 2024: Version 2.2.0
Mon May 20 14:17:55 2024: Dispatch Server: Accepted socket connection from client
Mon May 20 14:17:55 2024: Starting Socket connection
Mon May 20 14:17:55 2024: EXCHANGE_TOKEN received, server token: 3b1c60d5-ba41-4a82-9b0b-f6b8850726a1, passed token: 3b1c60d5-ba41-4a82-9b0b-f6b8850726a1
Mon May 20 14:17:55 2024: SESSION_MGR: creating session with session uuid: '581cf707-cf34-4bc7-9dd7-1ce1e0a3ea62' and name 'vitis_hls'
Mon May 20 14:17:55 2024: KERNEL_SVC: creating session with uuid: '581cf707-cf34-4bc7-9dd7-1ce1e0a3ea62' and name 'vitis_hls'
Mon May 20 14:17:55 2024: GUIDANCE_SMGR: creating guidance session with uuid: '581cf707-cf34-4bc7-9dd7-1ce1e0a3ea62' and name 'vitis_hls'
Mon May 20 14:18:59 2024: Dispatch Server: Accepted socket connection from client
Mon May 20 14:18:59 2024: Starting Socket connection
Mon May 20 14:20:18 2024: Dispatch Server: Accepted socket connection from client
Mon May 20 14:20:18 2024: Starting Socket connection
Mon May 20 14:21:12 2024: STOP_SERVER received, server token: 3b1c60d5-ba41-4a82-9b0b-f6b8850726a1, passed token: 3b1c60d5-ba41-4a82-9b0b-f6b8850726a1
Mon May 20 14:21:12 2024: Socket received request to stop server.
Mon May 20 14:21:12 2024: Dispatch Server: do_await_stop
Mon May 20 14:21:12 2024: Dispatch Server: stopping mainFifo_
Mon May 20 14:21:12 2024: XCD main fifo: Stopping
Mon May 20 14:21:12 2024: XCD main fifo: do_read error code: Operation canceled
Mon May 20 14:21:12 2024: XCD main fifo: bytes_transferred: 0
Mon May 20 14:21:12 2024: SERVER: destructor for server bound to port 43533
Mon May 20 14:21:12 2024: XCD main fifo: Good unlink of /tmp/xcdmain3b1c60d5-ba41-4a82-9b0b-f6b8850726a1
Mon May 20 14:21:12 2024: Server exiting with status 0.
Mon May 20 14:21:12 2024: Closing log file.
